000 (016.007.000) 06/18 09:39:04 Job submitted from host: <127.0.0.1:14933?addrs=127.0.0.1-14933+[2001-6b0-1-1190-dc70-b90e-db64-45a5]-14933&noUDP&sock=23634_8964_5>
...
009 (016.007.000) 06/18 09:43:37 Job was aborted by the user.
	via condor_rm (by user david)
...
000 (017.007.000) 06/18 09:52:21 Job submitted from host: <127.0.0.1:14933?addrs=127.0.0.1-14933+[2001-6b0-1-1190-dc70-b90e-db64-45a5]-14933&noUDP&sock=23634_8964_5>
...
001 (017.007.000) 06/18 10:03:14 Job executing on host: <127.0.0.1:14933?addrs=127.0.0.1-14933+[2001-6b0-1-1190-dc70-b90e-db64-45a5]-14933&noUDP&sock=23634_8964_4>
...
006 (017.007.000) 06/18 10:03:22 Image size of job updated: 200000
	8  -  MemoryUsage of job (MB)
	7836  -  ResidentSetSize of job (KB)
...
006 (017.007.000) 06/18 10:08:22 Image size of job updated: 244548
	239  -  MemoryUsage of job (MB)
	244548  -  ResidentSetSize of job (KB)
...
006 (017.007.000) 06/18 10:13:22 Image size of job updated: 416704
	407  -  MemoryUsage of job (MB)
	416704  -  ResidentSetSize of job (KB)
...
005 (017.007.000) 06/18 11:39:21 Job terminated.
	(1) Normal termination (return value 0)
		Usr 0 01:33:56, Sys 0 00:00:40  -  Run Remote Usage
		Usr 0 00:00:00, Sys 0 00:00:00  -  Run Local Usage
		Usr 0 01:33:56, Sys 0 00:00:40  -  Total Remote Usage
		Usr 0 00:00:00, Sys 0 00:00:00  -  Total Local Usage
	0  -  Run Bytes Sent By Job
	0  -  Run Bytes Received By Job
	0  -  Total Bytes Sent By Job
	0  -  Total Bytes Received By Job
	Partitionable Resources :    Usage  Request Allocated
	   Cpus                 :                 1         1
	   Disk (KB)            :   200000   200000  61295552
	   Memory (MB)          :      407      196     12006
...
