Using Intel MKL with 1 thread(s)
Git Branch: study_finite_entanglement_scaling | Commit hash: d1054e6f | Revision: 278
Input argument [0] : condor_exec.exe
Input argument [1] : ../input/fes_6.cfg
Found input file: "/home/david/Dropbox/PhD/Programming/DMRG++/DMRG++/input/fes_6.cfg"
Loading line:     model::J                        = 1                         /*!< Ferromagnetic coupling. J < 0  Gives a ferromagnet. J > 0 an antiferromagnet. */
Loading line:     model::g                        = 1                         /*!< Transverse field strength */
Loading line:     model::d                        = 2                         /*!< Local dimension
Loading line:     model::initial_state            = rps                       /*!< Choose initial state of the MPS: {upup, updown, GHZ(upup+downdown), W(updown+downup), rps (random product state), random_chi (random state with bond dimension chi, only for iDMRG!)} "cat" or "random". Default "rps". */
Loading line:     precision::eigMaxIter           = 1000                      /*!< Maximum number of steps for eigenvalue solver. */
Loading line:     precision::eigThreshold         = 1e-10                     /*!< Minimum threshold for halting eigenvalue solver. */
Loading line:     precision::eigMaxNcv            = 16                        /*!< Parameter controlling the column space? of the Lanczos solver. 16 is close to optimum when chi = 16. Coincidence? */
Loading line:     precision::eigThreshold         = 1e-10                     /*!< Minimum threshold for halting eigenvalue solver. */
Loading line:     idmrg::on                       = true                      /*!< Turns iDMRG simulation on/off. */
Loading line:     idmrg::max_steps                = 500000                    /*!< Number of steps for the simulation. */
Loading line:     idmrg::chi_max                  = 32                        /*!< Bond dimension of the current position (maximum number of singular values to keep in SVD). */
Loading line:     idmrg::chi_grow                 = false                     /*!< Whether to increase chi slowly up to chi_max or go up to chi_max directly. */
Loading line:     idmrg::print_freq               = 500                       /*!< Print frequency for console output. (0 = off).*/
Loading line:     idmrg::store_freq               = 500                       /*!< Store frequency,for output file buffer. (0 = off). */
Loading line:     fdmrg::on                       = false                     /*!< Turns fDMRG simulation on/off. */
Loading line:     xdmrg::on                       = false                     /*!< Turns xDMRG simulation on/off. */
Loading line:     itebd::on                       = false                     /*!< Turns iTEBD simulation on/off. */
Loading line:     hdf5::save_to_file              = true                      /*!< (Not implemented yet) If true, saves the simulation data to an HDF5 file instead of just outputting to console */
Loading line:     hdf5::create_dir_if_not_found   = true                      /*!< If true, an output directory will be created in the project root folder if it isn't found */
Loading line:     hdf5::overwrite_file_if_found   = false                     /*!< If true, an hdf5-file with the provided filename will be overwritten if found in output_folder */
Loading line:     hdf5::output_filename           = fes_6.h5                  /*!< Name of the output HDF5 file. Without quotes! */
Loading line:     hdf5::output_folder             = output                    /*!< Path of the output HDF5 file */
Loading line:     hdf5::full_storage              = false                     /*!< (Not implemented yet) If true, saves more simulation data to file (such as explicit form of MPS). Set to false to reduce output file size. */
Loading line:     profiling::on                   = true                      /*!< If true, turns on profiling and timings will be shown on console. */
Loading line:     profiling::precision            = 5                         /*!< Sets precision (number of decimals) of time output. */
Loading line:     console::verbosity              = 1                         /*!< (PARTIALLY IMPLEMENTED) Level of verbosity desired [0-2]. Level 0 prints almost nothing, level 2 prints everything */
Loading line:     console::timestamp              = false                     /*!< (NOT IMPLEMENTED) Whether to put a timestamp on console outputs */
output_folder     = "output"
output_filename   = "fes_6.h5"
Directory already exists: "/home/david/Dropbox/PhD/Programming/DMRG++/DMRG++/output"
Creating new file: "/home/david/Dropbox/PhD/Programming/DMRG++/DMRG++/output/fes_6.h5"
Initializing random product state

Starting iDMRG simulation
iDMRG Step: 500       E: -1.2732425034235555  -1.2732393395783306  -1.2732393397275272  log₁₀ σ²(E): -2.3266     -7.3516     -7.2568     S: 0.7012404975034111   χmax: 32  χ: 32  log₁₀ truncation: -9.8425     Chain length: 1002         - Convergence  S-false χ-true σ²- false
iDMRG Step: 1000      E: -1.2732402675426950  -1.2732394533395923  -1.2732394535183875  log₁₀ σ²(E): -2.6272     -7.1935     -7.2052     S: 0.7584960268440151   χmax: 32  χ: 32  log₁₀ truncation: -9.2920     Chain length: 2002         - Convergence  S-false χ-true σ²- false
iDMRG Step: 1500      E: -1.2732398439903618  -1.2732394793165982  -1.2732394794992008  log₁₀ σ²(E): -2.8031     -7.1142     -7.1406     S: 0.7904829709795406   χmax: 32  χ: 32  log₁₀ truncation: -9.0538     Chain length: 3002         - Convergence  S-false χ-true σ²- false
iDMRG Step: 2000      E: -1.2732396916909614  -1.2732394893651673  -1.2732394895552388  log₁₀ σ²(E): -2.9280     -7.0686     -7.0650     S: 0.8114704992009895   χmax: 32  χ: 32  log₁₀ truncation: -8.9199     Chain length: 4002         - Convergence  S-false χ-true σ²- false
iDMRG Step: 2500      E: -1.2732396191342221  -1.2732394942511123  -1.2732394944198160  log₁₀ σ²(E): -3.0249     -7.0398     -7.0256     S: 0.8261742237523023   χmax: 32  χ: 32  log₁₀ truncation: -8.8356     Chain length: 5002         - Convergence  S-false χ-true σ²- false
iDMRG Step: 3000      E: -1.2732395786735875  -1.2732394969562824  -1.2732394971400740  log₁₀ σ²(E): -3.1040     -7.0207     -7.0282     S: 0.8368450606569546   χmax: 32  χ: 32  log₁₀ truncation: -8.7789     Chain length: 6002         - Convergence  S-false χ-true σ²- false
iDMRG Step: 3500      E: -1.2732395537811139  -1.2732394985850966  -1.2732394987640563  log₁₀ σ²(E): -3.1709     -7.0075     -7.0231     S: 0.8447618961270755   χmax: 32  χ: 32  log₁₀ truncation: -8.7392     Chain length: 7002         - Convergence  S-false χ-true σ²- false
iDMRG Step: 4000      E: -1.2732395374320602  -1.2732394996253795  -1.2732394998111425  log₁₀ σ²(E): -3.2289     -6.9981     -6.9889     S: 0.8507248110362030   χmax: 32  χ: 32  log₁₀ truncation: -8.7105     Chain length: 8002         - Convergence  S-false χ-true σ²- false
iDMRG Step: 4500      E: -1.2732395261959037  -1.2732395003193466  -1.2732395005023258  log₁₀ σ²(E): -3.2800     -6.9912     -6.9890     S: 0.8552649200687731   χmax: 32  χ: 32  log₁₀ truncation: -8.6894     Chain length: 9002         - Convergence  S-false χ-true σ²- false
iDMRG Step: 5000      E: -1.2732395182188974  -1.2732395007978474  -1.2732395009783304  log₁₀ σ²(E): -3.3258     -6.9862     -6.9766     S: 0.8587491832132370   χmax: 32  χ: 32  log₁₀ truncation: -8.6736     Chain length: 10002        - Convergence  S-false χ-true σ²- false
iDMRG Step: 5500      E: -1.2732395124195337  -1.2732395011368469  -1.2732395013221061  log₁₀ σ²(E): -3.3672     -6.9824     -6.9794     S: 0.8614385884263983   χmax: 32  χ: 32  log₁₀ truncation: -8.6617     Chain length: 11002        - Convergence  S-false χ-true σ²- false
iDMRG Step: 6000      E: -1.2732395081281476  -1.2732395013821978  -1.2732395015692302  log₁₀ σ²(E): -3.4049     -6.9796     -6.9794     S: 0.8635228402196081   χmax: 32  χ: 32  log₁₀ truncation: -8.6526     Chain length: 12002        - Convergence  S-false χ-true σ²- false
iDMRG Step: 6500      E: -1.2732395049101057  -1.2732395015633284  -1.2732395017500162  log₁₀ σ²(E): -3.4397     -6.9775     -6.9724     S: 0.8651421077235262   χmax: 32  χ: 32  log₁₀ truncation: -8.6456     Chain length: 13002        - Convergence  S-false χ-true σ²- false
iDMRG Step: 7000      E: -1.2732395024725469  -1.2732395016999576  -1.2732395018854745  log₁₀ σ²(E): -3.4719     -6.9758     -6.9774     S: 0.8664011684488854   χmax: 32  χ: 32  log₁₀ truncation: -8.6402     Chain length: 14002        - Convergence  S-false χ-true σ²- false
iDMRG Step: 7500      E: -1.2732395006121326  -1.2732395018051663  -1.2732395019891338  log₁₀ σ²(E): -3.5018     -6.9746     -6.9707     S: 0.8673788523326752   χmax: 32  χ: 32  log₁₀ truncation: -8.6360     Chain length: 15002        - Convergence  S-false χ-true σ²- false
iDMRG Step: 8000      E: -1.2732394991843183  -1.2732395018889338  -1.2732395020726395  log₁₀ σ²(E): -3.5298     -6.9736     -6.9924     S: 0.8681344477470617   χmax: 32  χ: 32  log₁₀ truncation: -8.6328     Chain length: 16002        - Convergence  S-false χ-true σ²- false
iDMRG Step: 8500      E: -1.2732394980843513  -1.2732395019588703  -1.2732395021436163  log₁₀ σ²(E): -3.5562     -6.9729     -6.9726     S: 0.8687120440343499   χmax: 32  χ: 32  log₁₀ truncation: -8.6302     Chain length: 17002        - Convergence  S-false χ-true σ²- false
iDMRG Step: 9000      E: -1.2732394972353698  -1.2732395020215059  -1.2732395022069558  log₁₀ σ²(E): -3.5810     -6.9724     -6.9869     S: 0.8691433859792154   χmax: 32  χ: 32  log₁₀ truncation: -8.6283     Chain length: 18002        - Convergence  S-false χ-true σ²- false
iDMRG Step: 9500      E: -1.2732394965805225  -1.2732395020828400  -1.2732395022692475  log₁₀ σ²(E): -3.6045     -6.9720     -6.9739     S: 0.8694495359355471   χmax: 32  χ: 32  log₁₀ truncation: -8.6268     Chain length: 19002        - Convergence  S-false χ-true σ²- false
iDMRG Step: 10000     E: -1.2732394960776887  -1.2732395021503220  -1.2732395023353100  log₁₀ σ²(E): -3.6267     -6.9718     -6.9724     S: 0.8696414830806102   χmax: 32  χ: 32  log₁₀ truncation: -8.6257     Chain length: 20002        - Convergence  S-false χ-true σ²- false
iDMRG Step: 10500     E: -1.2732394956961053  -1.2732395022325993  -1.2732395024170911  log₁₀ σ²(E): -3.6479     -6.9718     -6.9675     S: 0.8697196502695755   χmax: 32  χ: 32  log₁₀ truncation: -8.6249     Chain length: 21002        - Convergence  S-false χ-true σ²- false
iDMRG Step: 11000     E: -1.2732394954140951  -1.2732395023414034  -1.2732395025302874  log₁₀ σ²(E): -3.6681     -6.9720     -6.9709     S: 0.8696721078280705   χmax: 32  χ: 32  log₁₀ truncation: -8.6245     Chain length: 22002        - Convergence  S-false χ-true σ²- false
iDMRG Step: 11500     E: -1.2732394952179500  -1.2732395024935992  -1.2732395026804559  log₁₀ σ²(E): -3.6874     -6.9725     -6.9726     S: 0.8694710991624716   χmax: 32  χ: 32  log₁₀ truncation: -8.6243     Chain length: 23002        - Convergence  S-false χ-true σ²- false
iDMRG Step: 12000     E: -1.2732394951016630  -1.2732395027137768  -1.2732395028976315  log₁₀ σ²(E): -3.7059     -6.9733     -6.9698     S: 0.8690672538635461   χmax: 32  χ: 32  log₁₀ truncation: -8.6244     Chain length: 24002        - Convergence  S-false χ-true σ²- false
iDMRG Step: 12500     E: -1.2732394950678170  -1.2732395030387487  -1.2732395032259312  log₁₀ σ²(E): -3.7236     -6.9748     -6.9856     S: 0.8683805589202913   χmax: 32  χ: 32  log₁₀ truncation: -8.6249     Chain length: 25002        - Convergence  S-false χ-true σ²- false
iDMRG Step: 13000     E: -1.2732394951301202  -1.2732395035198922  -1.2732395037056690  log₁₀ σ²(E): -3.7406     -6.9772     -6.9740     S: 0.8672869170007556   χmax: 32  χ: 32  log₁₀ truncation: -8.6260     Chain length: 26002        - Convergence  S-false χ-true σ²- false
iDMRG Step: 13500     E: -1.2732394953180357  -1.2732395042356957  -1.2732395044278131  log₁₀ σ²(E): -3.7570     -6.9811     -6.9840     S: 0.8655991125659139   χmax: 32  χ: 32  log₁₀ truncation: -8.6280     Chain length: 27002        - Convergence  S-false χ-true σ²- false
iDMRG Step: 14000     E: -1.2732394956844655  -1.2732395052896486  -1.2732395054784933  log₁₀ σ²(E): -3.7728     -6.9876     -6.9947     S: 0.8630427067152164   χmax: 32  χ: 32  log₁₀ truncation: -8.6311     Chain length: 28002        - Convergence  S-false χ-true σ²- false
iDMRG Step: 14500     E: -1.2732394963141238  -1.2732395068005373  -1.2732395070012879  log₁₀ σ²(E): -3.7880     -6.9980     -7.0095     S: 0.8592325181511868   χmax: 32  χ: 32  log₁₀ truncation: -8.6361     Chain length: 29002        - Convergence  S-false χ-true σ²- false
iDMRG Step: 15000     E: -1.2732394973225516  -1.2732395088496973  -1.2732395090362436  log₁₀ σ²(E): -3.8028     -7.0139     -7.0198     S: 0.8536674806274728   χmax: 32  χ: 32  log₁₀ truncation: -8.6438     Chain length: 30002        - Convergence  S-false χ-true σ²- false
iDMRG Step: 15500     E: -1.2732394988255606  -1.2732395114212403  -1.2732395116170068  log₁₀ σ²(E): -3.8170     -7.0364     -7.0407     S: 0.8457706947983835   χmax: 32  χ: 32  log₁₀ truncation: -8.6553     Chain length: 31002        - Convergence  S-false χ-true σ²- false
iDMRG Step: 16000     E: -1.2732395008883175  -1.2732395143646538  -1.2732395145657869  log₁₀ σ²(E): -3.8308     -7.0650     -7.0746     S: 0.8349831595060851   χmax: 32  χ: 32  log₁₀ truncation: -8.6714     Chain length: 32002        - Convergence  S-false χ-true σ²- false
iDMRG Step: 16500     E: -1.2732395035069510  -1.2732395174754045  -1.2732395176592022  log₁₀ σ²(E): -3.8441     -7.0988     -7.1050     S: 0.8208922719865621   χmax: 32  χ: 32  log₁₀ truncation: -8.6928     Chain length: 33002        - Convergence  S-false χ-true σ²- false
iDMRG Step: 17000     E: -1.2732395066184481  -1.2732395205452416  -1.2732395207376990  log₁₀ σ²(E): -3.8571     -7.1368     -7.0963     S: 0.8033868891903728   χmax: 32  χ: 32  log₁₀ truncation: -8.7199     Chain length: 34002        - Convergence  S-false χ-true σ²- false
iDMRG Step: 17500     E: -1.2732395100978855  -1.2732395233965659  -1.2732395235871254  log₁₀ σ²(E): -3.8697     -7.1783     -7.1674     S: 0.7828064523450647   χmax: 32  χ: 32  log₁₀ truncation: -8.7530     Chain length: 35002        - Convergence  S-false χ-true σ²- false
iDMRG Step: 18000     E: -1.2732395137584105  -1.2732395259029143  -1.2732395260867559  log₁₀ σ²(E): -3.8819     -7.2223     -7.2147     S: 0.7599946947941320   χmax: 32  χ: 32  log₁₀ truncation: -8.7917     Chain length: 36002        - Convergence  S-false χ-true σ²- false
iDMRG Step: 18500     E: -1.2732395173766395  -1.2732395280094613  -1.2732395281892603  log₁₀ σ²(E): -3.8938     -7.2678     -7.2657     S: 0.7361846992789789   χmax: 32  χ: 32  log₁₀ truncation: -8.8352     Chain length: 37002        - Convergence  S-false χ-true σ²- false
iDMRG Step: 19000     E: -1.2732395207384775  -1.2732395297192405  -1.2732395299104526  log₁₀ σ²(E): -3.9054     -7.3136     -7.2995     S: 0.7127350656342071   χmax: 32  χ: 32  log₁₀ truncation: -8.8822     Chain length: 38002        - Convergence  S-false χ-true σ²- false
iDMRG Step: 19500     E: -1.2732395236829279  -1.2732395310702258  -1.2732395312531037  log₁₀ σ²(E): -3.9167     -7.3586     -7.3614     S: 0.6908320694919400   χmax: 32  χ: 32  log₁₀ truncation: -8.9308     Chain length: 39002        - Convergence  S-false χ-true σ²- false
iDMRG Step: 20000     E: -1.2732395261253870  -1.2732395321129375  -1.2732395322917796  log₁₀ σ²(E): -3.9277     -7.4018     -7.3943     S: 0.6712877286018745   χmax: 32  χ: 32  log₁₀ truncation: -8.9791     Chain length: 40002        - Convergence  S-false χ-true σ²- false
iDMRG Step: 20500     E: -1.2732395280554671  -1.2732395328986326  -1.2732395330886093  log₁₀ σ²(E): -3.9384     -7.4421     -7.4209     S: 0.6544900633491560   χmax: 32  χ: 32  log₁₀ truncation: -9.0252     Chain length: 41002        - Convergence  S-false χ-true σ²- false
iDMRG Step: 21000     E: -1.2732395295179351  -1.2732395334757300  -1.2732395336621407  log₁₀ σ²(E): -3.9488     -7.4788     -7.4270     S: 0.6404735223389816   χmax: 32  χ: 32  log₁₀ truncation: -9.0675     Chain length: 42002        - Convergence  S-false χ-true σ²- false
iDMRG Step: 21500     E: -1.2732395305879400  -1.2732395338883906  -1.2732395340615972  log₁₀ σ²(E): -3.9591     -7.5111     -7.6480     S: 0.6290394925172476   χmax: 32  χ: 32  log₁₀ truncation: -9.1051     Chain length: 43002        - Convergence  S-false χ-true σ²- false
iDMRG Step: 22000     E: -1.2732395313493579  -1.2732395341763851  -1.2732395343677143  log₁₀ σ²(E): -3.9690     -7.5389     -7.5735     S: 0.6198702478697606   χmax: 32  χ: 32  log₁₀ truncation: -9.1375     Chain length: 44002        - Convergence  S-false χ-true σ²- false
iDMRG Step: 22500     E: -1.2732395318802296  -1.2732395343730456  -1.2732395345582908  log₁₀ σ²(E): -3.9788     -7.5621     -7.5133     S: 0.6126113140748328   χmax: 32  χ: 32  log₁₀ truncation: -9.1646     Chain length: 45002        - Convergence  S-false χ-true σ²- false
iDMRG Step: 23000     E: -1.2732395322454968  -1.2732395345055294  -1.2732395346869312  log₁₀ σ²(E): -3.9883     -7.5812     -7.6482     S: 0.6069204982952363   χmax: 32  χ: 32  log₁₀ truncation: -9.1868     Chain length: 46002        - Convergence  S-false χ-true σ²- false
iDMRG Step: 23500     E: -1.2732395324951551  -1.2732395345936138  -1.2732395347869145  log₁₀ σ²(E): -3.9977     -7.5966     -7.5899     S: 0.6024922172470578   χmax: 32  χ: 32  log₁₀ truncation: -9.2047     Chain length: 47002        - Convergence  S-false χ-true σ²- false
iDMRG Step: 24000     E: -1.2732395326656565  -1.2732395346520171  -1.2732395348345216  log₁₀ σ²(E): -4.0068     -7.6088     -7.6057     S: 0.5990660534407909   χmax: 32  χ: 32  log₁₀ truncation: -9.2190     Chain length: 48002        - Convergence  S-false χ-true σ²- false
iDMRG Step: 24500     E: -1.2732395327825508  -1.2732395346907361  -1.2732395348731214  log₁₀ σ²(E): -4.0158     -7.6185     -7.5951     S: 0.5964269803403626   χmax: 32  χ: 32  log₁₀ truncation: -9.2302     Chain length: 49002        - Convergence  S-false χ-true σ²- false
iDMRG Step: 25000     E: -1.2732395328632971  -1.2732395347165939  -1.2732395349014669  log₁₀ σ²(E): -4.0245     -7.6260     -7.6317     S: 0.5944011326781217   χmax: 32  χ: 32  log₁₀ truncation: -9.2389     Chain length: 50002        - Convergence  S-false χ-true σ²- false
iDMRG Step: 25500     E: -1.2732395329196262  -1.2732395347339784  -1.2732395349145718  log₁₀ σ²(E): -4.0331     -7.6318     -7.6397     S: 0.5928501008209296   χmax: 32  χ: 32  log₁₀ truncation: -9.2457     Chain length: 51002        - Convergence  S-false χ-true σ²- false
iDMRG Step: 26000     E: -1.2732395329593298  -1.2732395347458998  -1.2732395349330992  log₁₀ σ²(E): -4.0416     -7.6363     -7.6757     S: 0.5916650263803154   χmax: 32  χ: 32  log₁₀ truncation: -9.2509     Chain length: 52002        - Convergence  S-false χ-true σ²- false
iDMRG Step: 26500     E: -1.2732395329876647  -1.2732395347542242  -1.2732395349354417  log₁₀ σ²(E): -4.0498     -7.6398     -7.6036     S: 0.5907609817182964   χmax: 32  χ: 32  log₁₀ truncation: -9.2549     Chain length: 53002        - Convergence  S-false χ-true σ²- false
iDMRG Step: 27000     E: -1.2732395330080650  -1.2732395347599019  -1.2732395349443231  log₁₀ σ²(E): -4.0580     -7.6424     -7.6650     S: 0.5900721517185213   χmax: 32  χ: 32  log₁₀ truncation: -9.2580     Chain length: 54002        - Convergence  S-false χ-true σ²- false
iDMRG Step: 27500     E: -1.2732395330229123  -1.2732395347639711  -1.2732395349481929  log₁₀ σ²(E): -4.0659     -7.6444     -7.6317     S: 0.5895477856133167   χmax: 32  χ: 32  log₁₀ truncation: -9.2603     Chain length: 55002        - Convergence  S-false χ-true σ²- false
iDMRG Step: 28000     E: -1.2732395330338018  -1.2732395347668999  -1.2732395349647636  log₁₀ σ²(E): -4.0738     -7.6460     -7.7174     S: 0.5891488968515066   χmax: 32  χ: 32  log₁₀ truncation: -9.2621     Chain length: 56002        - Convergence  S-false χ-true σ²- false
iDMRG Step: 28500     E: -1.2732395330418458  -1.2732395347690773  -1.2732395349547310  log₁₀ σ²(E): -4.0814     -7.6471     -7.6569     S: 0.5888456222357933   χmax: 32  χ: 32  log₁₀ truncation: -9.2635     Chain length: 57002        - Convergence  S-false χ-true σ²- false
iDMRG Step: 29000     E: -1.2732395330478228  -1.2732395347705734  -1.2732395349540220  log₁₀ σ²(E): -4.0890     -7.6480     -7.5728     S: 0.5886151371841328   χmax: 32  χ: 32  log₁₀ truncation: -9.2645     Chain length: 58002        - Convergence  S-false χ-true σ²- false
iDMRG Step: 29500     E: -1.2732395330522885  -1.2732395347717516  -1.2732395349564078  log₁₀ σ²(E): -4.0964     -7.6487     -7.6404     S: 0.5884400257802447   χmax: 32  χ: 32  log₁₀ truncation: -9.2653     Chain length: 59002        - Convergence  S-false χ-true σ²- false
iDMRG Step: 30000     E: -1.2732395330556268  -1.2732395347726146  -1.2732395349770844  log₁₀ σ²(E): -4.1037     -7.6492     -7.6302     S: 0.5883070161503989   χmax: 32  χ: 32  log₁₀ truncation: -9.2659     Chain length: 60002        - Convergence  S-false χ-true σ²- false
iDMRG Step: 30500     E: -1.2732395330581427  -1.2732395347732113  -1.2732395349445835  log₁₀ σ²(E): -4.1109     -7.6496     -7.5747     S: 0.5882060039807949   χmax: 32  χ: 32  log₁₀ truncation: -9.2664     Chain length: 61002        - Convergence  S-false χ-true σ²- false
iDMRG Step: 31000     E: -1.2732395330600315  -1.2732395347736682  -1.2732395349661199  log₁₀ σ²(E): -4.1180     -7.6499     -7.6193     S: 0.5881293023104709   χmax: 32  χ: 32  log₁₀ truncation: -9.2667     Chain length: 62002        - Convergence  S-false χ-true σ²- false
iDMRG Step: 31500     E: -1.2732395330614572  -1.2732395347740486  -1.2732395349578864  log₁₀ σ²(E): -4.1249     -7.6502     -7.7181     S: 0.5880710664383935   χmax: 32  χ: 32  log₁₀ truncation: -9.2670     Chain length: 63002        - Convergence  S-false χ-true σ²- false
iDMRG Step: 32000     E: -1.2732395330625421  -1.2732395347743490  -1.2732395349473289  log₁₀ σ²(E): -4.1317     -7.6503     -7.6655     S: 0.5880268542177857   χmax: 32  χ: 32  log₁₀ truncation: -9.2672     Chain length: 64002        - Convergence  S-false χ-true σ²- false
iDMRG Step: 32500     E: -1.2732395330633524  -1.2732395347745897  -1.2732395349616090  log₁₀ σ²(E): -4.1385     -7.6505     -7.6314     S: 0.5879932906590816   χmax: 32  χ: 32  log₁₀ truncation: -9.2673     Chain length: 65002        - Convergence  S-false χ-true σ²- false
iDMRG Step: 33000     E: -1.2732395330639674  -1.2732395347747603  -1.2732395349529819  log₁₀ σ²(E): -4.1451     -7.6506     -7.6402     S: 0.5879678121591381   χmax: 32  χ: 32  log₁₀ truncation: -9.2674     Chain length: 66002        - Convergence  S-false χ-true σ²- false
iDMRG Step: 33500     E: -1.2732395330644384  -1.2732395347748242  -1.2732395349581533  log₁₀ σ²(E): -4.1516     -7.6506     -7.6565     S: 0.5879484717777548   χmax: 32  χ: 32  log₁₀ truncation: -9.2675     Chain length: 67002        - Convergence  S-false χ-true σ²- false
iDMRG Step: 34000     E: -1.2732395330647965  -1.2732395347749406  -1.2732395349624761  log₁₀ σ²(E): -4.1581     -7.6507     -7.5662     S: 0.5879337911774025   χmax: 32  χ: 32  log₁₀ truncation: -9.2676     Chain length: 68002        - Convergence  S-false χ-true σ²- false
iDMRG Step: 34500     E: -1.2732395330650712  -1.2732395347750285  -1.2732395349667132  log₁₀ σ²(E): -4.1644     -7.6507     -7.6492     S: 0.5879226478386573   χmax: 32  χ: 32  log₁₀ truncation: -9.2676     Chain length: 69002        - Convergence  S-false χ-true σ²- false
iDMRG Step: 35000     E: -1.2732395330652737  -1.2732395347750143  -1.2732395349669692  log₁₀ σ²(E): -4.1706     -7.6508     -7.7400     S: 0.5879141896158426   χmax: 32  χ: 32  log₁₀ truncation: -9.2677     Chain length: 70002        - Convergence  S-false χ-true σ²- false
iDMRG Step: 35500     E: -1.2732395330654229  -1.2732395347750332  -1.2732395349601040  log₁₀ σ²(E): -4.1768     -7.6508     -7.6255     S: 0.5879077695737431   χmax: 32  χ: 32  log₁₀ truncation: -9.2677     Chain length: 71002        - Convergence  S-false χ-true σ²- false
iDMRG Step: 36000     E: -1.2732395330655388  -1.2732395347751473  -1.2732395349591838  log₁₀ σ²(E): -4.1829     -7.6508     -7.6801     S: 0.5879028966018298   χmax: 32  χ: 32  log₁₀ truncation: -9.2677     Chain length: 72002        - Convergence  S-false χ-true σ²- false
iDMRG Step: 36500     E: -1.2732395330656370  -1.2732395347752348  -1.2732395349556822  log₁₀ σ²(E): -4.1889     -7.6508     -7.7126     S: 0.5878991979162375   χmax: 32  χ: 32  log₁₀ truncation: -9.2677     Chain length: 73002        - Convergence  S-false χ-true σ²- false
iDMRG Step: 37000     E: -1.2732395330656987  -1.2732395347751910  -1.2732395349621808  log₁₀ σ²(E): -4.1948     -7.6508     -7.7109     S: 0.5878963905622732   χmax: 32  χ: 32  log₁₀ truncation: -9.2678     Chain length: 74002        - Convergence  S-false χ-true σ²- false
iDMRG Step: 37500     E: -1.2732395330657544  -1.2732395347751742  -1.2732395349562564  log₁₀ σ²(E): -4.2006     -7.6509     -7.6325     S: 0.5878942597777758   χmax: 32  χ: 32  log₁₀ truncation: -9.2678     Chain length: 75002        - Convergence  S-false χ-true σ²- false
iDMRG Step: 38000     E: -1.2732395330657922  -1.2732395347751999  -1.2732395349534427  log₁₀ σ²(E): -4.2064     -7.6509     -7.6342     S: 0.5878926424949568   χmax: 32  χ: 32  log₁₀ truncation: -9.2678     Chain length: 76002        - Convergence  S-false χ-true σ²- false
iDMRG Step: 38500     E: -1.2732395330658175  -1.2732395347752781  -1.2732395349618539  log₁₀ σ²(E): -4.2120     -7.6509     -7.6643     S: 0.5878914149533675   χmax: 32  χ: 32  log₁₀ truncation: -9.2678     Chain length: 77002        - Convergence  S-false χ-true σ²- false
iDMRG Step: 39000     E: -1.2732395330658475  -1.2732395347752137  -1.2732395349579511  log₁₀ σ²(E): -4.2176     -7.6509     -7.6302     S: 0.5878904832483699   χmax: 32  χ: 32  log₁₀ truncation: -9.2678     Chain length: 78002        - Convergence  S-false χ-true σ²- false
iDMRG Step: 39500     E: -1.2732395330658550  -1.2732395347753367  -1.2732395349600780  log₁₀ σ²(E): -4.2232     -7.6509     -7.7077     S: 0.5878897760669879   χmax: 32  χ: 32  log₁₀ truncation: -9.2678     Chain length: 79002        - Convergence  S-false χ-true σ²- false
iDMRG Step: 40000     E: -1.2732395330658688  -1.2732395347752781  -1.2732395349570604  log₁₀ σ²(E): -4.2286     -7.6509     -7.7316     S: 0.5878892393265855   χmax: 32  χ: 32  log₁₀ truncation: -9.2678     Chain length: 80002        - Convergence  S-false χ-true σ²- false
iDMRG Step: 40500     E: -1.2732395330658801  -1.2732395347751853  -1.2732395349531667  log₁₀ σ²(E): -4.2340     -7.6509     -7.7038     S: 0.5878888319231383   χmax: 32  χ: 32  log₁₀ truncation: -9.2678     Chain length: 81002        - Convergence  S-false χ-true σ²- false
iDMRG Step: 41000     E: -1.2732395330658770  -1.2732395347751977  -1.2732395349558634  log₁₀ σ²(E): -4.2393     -7.6509     -7.6426     S: 0.5878885226853522   χmax: 32  χ: 32  log₁₀ truncation: -9.2678     Chain length: 82002        - Convergence  S-false χ-true σ²- false
iDMRG Step: 41500     E: -1.2732395330658939  -1.2732395347751915  -1.2732395349538701  log₁₀ σ²(E): -4.2446     -7.6509     -7.6216     S: 0.5878882879849872   χmax: 32  χ: 32  log₁₀ truncation: -9.2678     Chain length: 83002        - Convergence  S-false χ-true σ²- false
iDMRG Step: 42000     E: -1.2732395330658894  -1.2732395347751955  -1.2732395349571091  log₁₀ σ²(E): -4.2498     -7.6509     -7.6292     S: 0.5878881098458486   χmax: 32  χ: 32  log₁₀ truncation: -9.2678     Chain length: 84002        - Convergence  S-false χ-true σ²- false
iDMRG Step: 42500     E: -1.2732395330658897  -1.2732395347751584  -1.2732395349560164  log₁₀ σ²(E): -4.2550     -7.6509     -7.6362     S: 0.5878879746401298   χmax: 32  χ: 32  log₁₀ truncation: -9.2678     Chain length: 85002        - Convergence  S-false χ-true σ²- false
iDMRG Step: 43000     E: -1.2732395330658930  -1.2732395347752943  -1.2732395349586609  log₁₀ σ²(E): -4.2600     -7.6509     -7.6663     S: 0.5878878719877583   χmax: 32  χ: 32  log₁₀ truncation: -9.2678     Chain length: 86002        - Convergence  S-false χ-true σ²- false
iDMRG Step: 43500     E: -1.2732395330659037  -1.2732395347752028  -1.2732395349540706  log₁₀ σ²(E): -4.2650     -7.6509     -7.6462     S: 0.5878877940856287   χmax: 32  χ: 32  log₁₀ truncation: -9.2678     Chain length: 87002        - Convergence  S-false χ-true σ²- false
iDMRG Step: 44000     E: -1.2732395330659008  -1.2732395347751588  -1.2732395349595589  log₁₀ σ²(E): -4.2700     -7.6509     -7.6173     S: 0.5878877349466509   χmax: 32  χ: 32  log₁₀ truncation: -9.2678     Chain length: 88002        - Convergence  S-false χ-true σ²- false
iDMRG Step: 44500     E: -1.2732395330658997  -1.2732395347751950  -1.2732395349573675  log₁₀ σ²(E): -4.2749     -7.6509     -7.6367     S: 0.5878876900611842   χmax: 32  χ: 32  log₁₀ truncation: -9.2678     Chain length: 89002        - Convergence  S-false χ-true σ²- false
iDMRG Step: 45000     E: -1.2732395330659030  -1.2732395347752070  -1.2732395349846377  log₁₀ σ²(E): -4.2798     -7.6509     -7.6953     S: 0.5878876559856573   χmax: 32  χ: 32  log₁₀ truncation: -9.2678     Chain length: 90002        - Convergence  S-false χ-true σ²- false
iDMRG Step: 45500     E: -1.2732395330659065  -1.2732395347752354  -1.2732395349773475  log₁₀ σ²(E): -4.2846     -7.6509     -7.7446     S: 0.5878876301090509   χmax: 32  χ: 32  log₁₀ truncation: -9.2678     Chain length: 91002        - Convergence  S-false χ-true σ²- false
iDMRG Step: 46000     E: -1.2732395330659005  -1.2732395347752270  -1.2732395349471939  log₁₀ σ²(E): -4.2893     -7.6509     -7.6623     S: 0.5878876104765195   χmax: 32  χ: 32  log₁₀ truncation: -9.2678     Chain length: 92002        - Convergence  S-false χ-true σ²- false
iDMRG Step: 46500     E: -1.2732395330659070  -1.2732395347752496  -1.2732395349572405  log₁₀ σ²(E): -4.2940     -7.6509     -7.6314     S: 0.5878875955726259   χmax: 32  χ: 32  log₁₀ truncation: -9.2678     Chain length: 93002        - Convergence  S-false χ-true σ²- false
iDMRG Step: 47000     E: -1.2732395330659101  -1.2732395347752026  -1.2732395349615377  log₁₀ σ²(E): -4.2987     -7.6509     -7.5915     S: 0.5878875842543968   χmax: 32  χ: 32  log₁₀ truncation: -9.2678     Chain length: 94002        - Convergence  S-false χ-true σ²- false

 -- Final results -- iDMRG
Iterations               = 47001
Energy MPO           = -1.2732395330659101
Energy HAM           = -1.2732395347752026
Energy MOM           = -1.2732395349615377
log₁₀ σ²(E) MPO:     = -4.298650
log₁₀ σ²(E) HAM:     = -7.650881
log₁₀ σ²(E) MOM:     = -7.591505
Entanglement Entropy = 0.5878875845765286
χmax                 = 32
χ                    = 32
log₁₀ truncation:    = -9.2678
Simulation converged : true
S slope              = -0.0000000000813941 true
σ² MPO slope         = 0.0000000000000000 false
σ² HAM slope         = -0.0000000000000000 true
σ² MOM slope         = 0.0000000000001177 true
χ                    = 32 true

+Total Time              : 5767.80560 s | 100.00000 %
↳ Store to file          : 0.00071    s |   0.00001 % 
↳ Printing to console    : 0.05714    s |   0.00099 % 
↳ Computing observables  : 1373.27974 s |  23.80940 % 
↳+Simulation             : 4217.38047 s |  73.11932 % 

 Simulation breakdown:
+Total                   4217.38047    s
↳ Optimize MPS           : 4109.81635 s |  97.44950 % 
↳ SVD Truncation         : 107.54756  s |   2.55010 % 
↳ Update Environments    : 175.44900  s |   4.16014 % 
↳ Check Convergence      : 0.53711    s |   0.01274 % 

Computing observables breakdown:
+Total                   1373.27974    s
↳ Energy (MPO)           : 0.07695    s |   0.00560 % 
↳ Energy (Ham)           : 2.41880    s |   0.17613 % 
↳ Energy (Gen)           : 0.00000    s |   0.00000 % 
↳ Variance (MPO)         : 0.79926    s |   0.05820 % 
↳ Variance (Ham)         : 701.87027  s |  51.10905 % 
↳ Variance (Gen)         : 553.85134  s |  40.33055 % 
↳ Ent. Entropy           : 0.48858    s |   0.03558 % 
↳ Temp1                  : 552.25205  s |  40.21410 % 
↳ Temp2                  : 0.00000    s |   0.00000 % 
↳ Temp3                  : 0.00000    s |   0.00000 % 
↳ Temp4                  : 0.00000    s |   0.00000 % 
All algorithms finished.
Data written to file: "/home/david/Dropbox/PhD/Programming/DMRG++/DMRG++/output/fes_6.h5"
