000 (016.009.000) 06/18 09:39:04 Job submitted from host: <127.0.0.1:14933?addrs=127.0.0.1-14933+[2001-6b0-1-1190-dc70-b90e-db64-45a5]-14933&noUDP&sock=23634_8964_5>
...
009 (016.009.000) 06/18 09:43:37 Job was aborted by the user.
	via condor_rm (by user david)
...
000 (017.009.000) 06/18 09:52:21 Job submitted from host: <127.0.0.1:14933?addrs=127.0.0.1-14933+[2001-6b0-1-1190-dc70-b90e-db64-45a5]-14933&noUDP&sock=23634_8964_5>
...
001 (017.009.000) 06/18 10:44:32 Job executing on host: <127.0.0.1:14933?addrs=127.0.0.1-14933+[2001-6b0-1-1190-dc70-b90e-db64-45a5]-14933&noUDP&sock=23634_8964_4>
...
006 (017.009.000) 06/18 10:44:40 Image size of job updated: 200000
	10  -  MemoryUsage of job (MB)
	9720  -  ResidentSetSize of job (KB)
...
006 (017.009.000) 06/18 10:49:40 Image size of job updated: 200000
	171  -  MemoryUsage of job (MB)
	174288  -  ResidentSetSize of job (KB)
...
006 (017.009.000) 06/18 11:04:42 Image size of job updated: 686152
	671  -  MemoryUsage of job (MB)
	686152  -  ResidentSetSize of job (KB)
...
006 (017.009.000) 06/18 11:29:45 Image size of job updated: 691564
	676  -  MemoryUsage of job (MB)
	691564  -  ResidentSetSize of job (KB)
...
006 (017.009.000) 06/18 11:59:47 Image size of job updated: 814208
	796  -  MemoryUsage of job (MB)
	814208  -  ResidentSetSize of job (KB)
...
006 (017.009.000) 06/18 12:49:52 Image size of job updated: 974212
	952  -  MemoryUsage of job (MB)
	974212  -  ResidentSetSize of job (KB)
...
006 (017.009.000) 06/18 13:54:59 Image size of job updated: 1140180
	1114  -  MemoryUsage of job (MB)
	1140180  -  ResidentSetSize of job (KB)
...
006 (017.009.000) 06/18 13:59:59 Image size of job updated: 1140180
	1115  -  MemoryUsage of job (MB)
	1141624  -  ResidentSetSize of job (KB)
...
006 (017.009.000) 06/18 14:10:00 Image size of job updated: 1207228
	1179  -  MemoryUsage of job (MB)
	1207228  -  ResidentSetSize of job (KB)
...
006 (017.009.000) 06/18 14:15:01 Image size of job updated: 1207228
	1180  -  MemoryUsage of job (MB)
	1207668  -  ResidentSetSize of job (KB)
...
005 (017.009.000) 06/18 15:08:03 Job terminated.
	(1) Normal termination (return value 0)
		Usr 0 04:13:58, Sys 0 00:03:15  -  Run Remote Usage
		Usr 0 00:00:00, Sys 0 00:00:00  -  Run Local Usage
		Usr 0 04:13:58, Sys 0 00:03:15  -  Total Remote Usage
		Usr 0 00:00:00, Sys 0 00:00:00  -  Total Local Usage
	0  -  Run Bytes Sent By Job
	0  -  Run Bytes Received By Job
	0  -  Total Bytes Sent By Job
	0  -  Total Bytes Received By Job
	Partitionable Resources :    Usage  Request Allocated
	   Cpus                 :                 1         1
	   Disk (KB)            :   200000   200000  61295552
	   Memory (MB)          :     1180      196     12006
...
