000 (016.002.000) 06/18 09:39:04 Job submitted from host: <127.0.0.1:14933?addrs=127.0.0.1-14933+[2001-6b0-1-1190-dc70-b90e-db64-45a5]-14933&noUDP&sock=23634_8964_5>
...
001 (016.002.000) 06/18 09:39:09 Job executing on host: <127.0.0.1:14933?addrs=127.0.0.1-14933+[2001-6b0-1-1190-dc70-b90e-db64-45a5]-14933&noUDP&sock=23634_8964_4>
...
006 (016.002.000) 06/18 09:39:18 Image size of job updated: 200000
	12  -  MemoryUsage of job (MB)
	12068  -  ResidentSetSize of job (KB)
...
006 (016.002.000) 06/18 09:43:37 Image size of job updated: 363356
	12  -  MemoryUsage of job (MB)
	12068  -  ResidentSetSize of job (KB)
...
004 (016.002.000) 06/18 09:43:37 Job was evicted.
	(0) Job was not checkpointed.
		Usr 0 00:04:24, Sys 0 00:00:02  -  Run Remote Usage
		Usr 0 00:00:00, Sys 0 00:00:00  -  Run Local Usage
	0  -  Run Bytes Sent By Job
	0  -  Run Bytes Received By Job
	Partitionable Resources :    Usage  Request Allocated
	   Cpus                 :                 1         1
	   Disk (KB)            :   200000   200000  61295552
	   Memory (MB)          :       12      196     12006
...
009 (016.002.000) 06/18 09:43:37 Job was aborted by the user.
	via condor_rm (by user david)
...
000 (017.002.000) 06/18 09:52:21 Job submitted from host: <127.0.0.1:14933?addrs=127.0.0.1-14933+[2001-6b0-1-1190-dc70-b90e-db64-45a5]-14933&noUDP&sock=23634_8964_5>
...
001 (017.002.000) 06/18 09:52:29 Job executing on host: <127.0.0.1:14933?addrs=127.0.0.1-14933+[2001-6b0-1-1190-dc70-b90e-db64-45a5]-14933&noUDP&sock=23634_8964_4>
...
006 (017.002.000) 06/18 09:52:37 Image size of job updated: 200000
	13  -  MemoryUsage of job (MB)
	12636  -  ResidentSetSize of job (KB)
...
006 (017.002.000) 06/18 09:57:37 Image size of job updated: 363336
	355  -  MemoryUsage of job (MB)
	363336  -  ResidentSetSize of job (KB)
...
006 (017.002.000) 06/18 10:02:38 Image size of job updated: 1423776
	1391  -  MemoryUsage of job (MB)
	1423776  -  ResidentSetSize of job (KB)
...
006 (017.002.000) 06/18 10:07:38 Image size of job updated: 1690444
	1651  -  MemoryUsage of job (MB)
	1690444  -  ResidentSetSize of job (KB)
...
006 (017.002.000) 06/18 11:37:46 Image size of job updated: 2022044
	1975  -  MemoryUsage of job (MB)
	2022044  -  ResidentSetSize of job (KB)
...
006 (017.002.000) 06/18 16:53:19 Image size of job updated: 2193968
	2143  -  MemoryUsage of job (MB)
	2193968  -  ResidentSetSize of job (KB)
...
006 (017.002.000) 06/18 16:58:20 Image size of job updated: 2193968
	2144  -  MemoryUsage of job (MB)
	2195316  -  ResidentSetSize of job (KB)
...
005 (017.002.000) 06/18 20:18:13 Job terminated.
	(1) Normal termination (return value 0)
		Usr 0 10:09:31, Sys 0 00:09:10  -  Run Remote Usage
		Usr 0 00:00:00, Sys 0 00:00:00  -  Run Local Usage
		Usr 0 10:09:31, Sys 0 00:09:10  -  Total Remote Usage
		Usr 0 00:00:00, Sys 0 00:00:00  -  Total Local Usage
	0  -  Run Bytes Sent By Job
	0  -  Run Bytes Received By Job
	0  -  Total Bytes Sent By Job
	0  -  Total Bytes Received By Job
	Partitionable Resources :    Usage  Request Allocated
	   Cpus                 :                 1         1
	   Disk (KB)            :   200000   200000  61295552
	   Memory (MB)          :     2144      196     12006
...
