000 (016.008.000) 06/18 09:39:04 Job submitted from host: <127.0.0.1:14933?addrs=127.0.0.1-14933+[2001-6b0-1-1190-dc70-b90e-db64-45a5]-14933&noUDP&sock=23634_8964_5>
...
009 (016.008.000) 06/18 09:43:37 Job was aborted by the user.
	via condor_rm (by user david)
...
000 (017.008.000) 06/18 09:52:21 Job submitted from host: <127.0.0.1:14933?addrs=127.0.0.1-14933+[2001-6b0-1-1190-dc70-b90e-db64-45a5]-14933&noUDP&sock=23634_8964_5>
...
001 (017.008.000) 06/18 10:23:30 Job executing on host: <127.0.0.1:14933?addrs=127.0.0.1-14933+[2001-6b0-1-1190-dc70-b90e-db64-45a5]-14933&noUDP&sock=23634_8964_4>
...
006 (017.008.000) 06/18 10:23:39 Image size of job updated: 200000
	9  -  MemoryUsage of job (MB)
	8804  -  ResidentSetSize of job (KB)
...
006 (017.008.000) 06/18 10:28:40 Image size of job updated: 244080
	239  -  MemoryUsage of job (MB)
	244080  -  ResidentSetSize of job (KB)
...
006 (017.008.000) 06/18 10:48:42 Image size of job updated: 825364
	807  -  MemoryUsage of job (MB)
	825364  -  ResidentSetSize of job (KB)
...
006 (017.008.000) 06/18 10:53:42 Image size of job updated: 825364
	807  -  MemoryUsage of job (MB)
	825940  -  ResidentSetSize of job (KB)
...
005 (017.008.000) 06/18 13:33:08 Job terminated.
	(1) Normal termination (return value 0)
		Usr 0 03:02:16, Sys 0 00:01:28  -  Run Remote Usage
		Usr 0 00:00:00, Sys 0 00:00:00  -  Run Local Usage
		Usr 0 03:02:16, Sys 0 00:01:28  -  Total Remote Usage
		Usr 0 00:00:00, Sys 0 00:00:00  -  Total Local Usage
	0  -  Run Bytes Sent By Job
	0  -  Run Bytes Received By Job
	0  -  Total Bytes Sent By Job
	0  -  Total Bytes Received By Job
	Partitionable Resources :    Usage  Request Allocated
	   Cpus                 :                 1         1
	   Disk (KB)            :   200000   200000  61295552
	   Memory (MB)          :      807      196     12006
...
