Using Intel MKL with 1 thread(s)
Git Branch: study_finite_entanglement_scaling | Commit hash: d1054e6f | Revision: 278
Input argument [0] : condor_exec.exe
Input argument [1] : ../input/fes_2.cfg
Found input file: "/home/david/Dropbox/PhD/Programming/DMRG++/DMRG++/input/fes_2.cfg"
Loading line:     model::J                        = 1                         /*!< Ferromagnetic coupling. J < 0  Gives a ferromagnet. J > 0 an antiferromagnet. */
Loading line:     model::g                        = 1                         /*!< Transverse field strength */
Loading line:     model::d                        = 2                         /*!< Local dimension
Loading line:     model::initial_state            = rps                       /*!< Choose initial state of the MPS: {upup, updown, GHZ(upup+downdown), W(updown+downup), rps (random product state), random_chi (random state with bond dimension chi, only for iDMRG!)} "cat" or "random". Default "rps". */
Loading line:     precision::eigMaxIter           = 1000                      /*!< Maximum number of steps for eigenvalue solver. */
Loading line:     precision::eigThreshold         = 1e-10                     /*!< Minimum threshold for halting eigenvalue solver. */
Loading line:     precision::eigMaxNcv            = 16                        /*!< Parameter controlling the column space? of the Lanczos solver. 16 is close to optimum when chi = 16. Coincidence? */
Loading line:     precision::eigThreshold         = 1e-10                     /*!< Minimum threshold for halting eigenvalue solver. */
Loading line:     idmrg::on                       = true                      /*!< Turns iDMRG simulation on/off. */
Loading line:     idmrg::max_steps                = 500000                    /*!< Number of steps for the simulation. */
Loading line:     idmrg::chi_max                  = 16                        /*!< Bond dimension of the current position (maximum number of singular values to keep in SVD). */
Loading line:     idmrg::chi_grow                 = false                     /*!< Whether to increase chi slowly up to chi_max or go up to chi_max directly. */
Loading line:     idmrg::print_freq               = 500                       /*!< Print frequency for console output. (0 = off).*/
Loading line:     idmrg::store_freq               = 500                       /*!< Store frequency,for output file buffer. (0 = off). */
Loading line:     fdmrg::on                       = false                     /*!< Turns fDMRG simulation on/off. */
Loading line:     xdmrg::on                       = false                     /*!< Turns xDMRG simulation on/off. */
Loading line:     itebd::on                       = false                     /*!< Turns iTEBD simulation on/off. */
Loading line:     hdf5::save_to_file              = true                      /*!< (Not implemented yet) If true, saves the simulation data to an HDF5 file instead of just outputting to console */
Loading line:     hdf5::create_dir_if_not_found   = true                      /*!< If true, an output directory will be created in the project root folder if it isn't found */
Loading line:     hdf5::overwrite_file_if_found   = false                     /*!< If true, an hdf5-file with the provided filename will be overwritten if found in output_folder */
Loading line:     hdf5::output_filename           = fes_2.h5                  /*!< Name of the output HDF5 file. Without quotes! */
Loading line:     hdf5::output_folder             = output                    /*!< Path of the output HDF5 file */
Loading line:     hdf5::full_storage              = false                     /*!< (Not implemented yet) If true, saves more simulation data to file (such as explicit form of MPS). Set to false to reduce output file size. */
Loading line:     profiling::on                   = true                      /*!< If true, turns on profiling and timings will be shown on console. */
Loading line:     profiling::precision            = 5                         /*!< Sets precision (number of decimals) of time output. */
Loading line:     console::verbosity              = 1                         /*!< (PARTIALLY IMPLEMENTED) Level of verbosity desired [0-2]. Level 0 prints almost nothing, level 2 prints everything */
Loading line:     console::timestamp              = false                     /*!< (NOT IMPLEMENTED) Whether to put a timestamp on console outputs */
output_folder     = "output"
output_filename   = "fes_2.h5"
Directory already exists: "/home/david/Dropbox/PhD/Programming/DMRG++/DMRG++/output"
Creating new file: "/home/david/Dropbox/PhD/Programming/DMRG++/DMRG++/output/fes_2.h5"
Initializing random product state

Starting iDMRG simulation
iDMRG Step: 500       E: -1.2732419706700246  -1.2732387913490211  -1.2732387915551355  log₁₀ σ²(E): -2.3266     -6.0778     -6.0781     S: 0.6970248304246749   χmax: 16  χ: 16  log₁₀ truncation: -7.7835     Chain length: 1002         - Convergence  S-false χ-true σ²- false
iDMRG Step: 1000      E: -1.2732395670868391  -1.2732389387022636  -1.2732389389177639  log₁₀ σ²(E): -2.6271     -5.9274     -5.9285     S: 0.7390061065388038   χmax: 16  χ: 16  log₁₀ truncation: -7.5577     Chain length: 2002         - Convergence  S-false χ-true σ²- false
iDMRG Step: 1500      E: -1.2732390991687996  -1.2732389577626764  -1.2732389579838865  log₁₀ σ²(E): -2.8030     -5.8806     -5.8807     S: 0.7537589483996430   χmax: 16  χ: 16  log₁₀ truncation: -7.4899     Chain length: 3002         - Convergence  S-false χ-true σ²- false
iDMRG Step: 2000      E: -1.2732389483573012  -1.2732389623049885  -1.2732389625276963  log₁₀ σ²(E): -2.9278     -5.8634     -5.8634     S: 0.7594029913410313   χmax: 16  χ: 16  log₁₀ truncation: -7.4649     Chain length: 4002         - Convergence  S-false χ-true σ²- false
iDMRG Step: 2500      E: -1.2732388922306952  -1.2732389649959386  -1.2732389652193887  log₁₀ σ²(E): -3.0246     -5.8570     -5.8571     S: 0.7613280722333678   χmax: 16  χ: 16  log₁₀ truncation: -7.4554     Chain length: 5002         - Convergence  S-false χ-true σ²- false
iDMRG Step: 3000      E: -1.2732388719423380  -1.2732389700353748  -1.2732389702588489  log₁₀ σ²(E): -3.1037     -5.8560     -5.8561     S: 0.7610303199352516   χmax: 16  χ: 16  log₁₀ truncation: -7.4525     Chain length: 6002         - Convergence  S-false χ-true σ²- false
iDMRG Step: 3500      E: -1.2732388700142168  -1.2732389838769813  -1.2732389841003480  log₁₀ σ²(E): -3.1706     -5.8604     -5.8605     S: 0.7576266508325323   χmax: 16  χ: 16  log₁₀ truncation: -7.4543     Chain length: 7002         - Convergence  S-false χ-true σ²- false
iDMRG Step: 4000      E: -1.2732388878139393  -1.2732390212105313  -1.2732390214321323  log₁₀ σ²(E): -3.2285     -5.8762     -5.8763     S: 0.7466713594142463   χmax: 16  χ: 16  log₁₀ truncation: -7.4641     Chain length: 8002         - Convergence  S-false χ-true σ²- false
iDMRG Step: 4500      E: -1.2732389443046492  -1.2732391035826871  -1.2732391038010924  log₁₀ σ²(E): -3.2796     -5.9203     -5.9210     S: 0.7172494379135371   χmax: 16  χ: 16  log₁₀ truncation: -7.4940     Chain length: 9002         - Convergence  S-false χ-true σ²- false
iDMRG Step: 5000      E: -1.2732390649416427  -1.2732392223856288  -1.2732392225900329  log₁₀ σ²(E): -3.3253     -6.0181     -6.0200     S: 0.6564764245243364   χmax: 16  χ: 16  log₁₀ truncation: -7.5691     Chain length: 10002        - Convergence  S-false χ-true σ²- false
iDMRG Step: 5500      E: -1.2732392144429496  -1.2732393169771234  -1.2732393171795777  log₁₀ σ²(E): -3.3666     -6.1633     -6.1636     S: 0.5788703712002607   χmax: 16  χ: 16  log₁₀ truncation: -7.7024     Chain length: 11002        - Convergence  S-false χ-true σ²- false
iDMRG Step: 6000      E: -1.2732393077359088  -1.2732393626129155  -1.2732393628094012  log₁₀ σ²(E): -3.4044     -6.3027     -6.3027     S: 0.5224105856412274   χmax: 16  χ: 16  log₁₀ truncation: -7.8451     Chain length: 12002        - Convergence  S-false χ-true σ²- false
iDMRG Step: 6500      E: -1.2732393415859662  -1.2732393778164708  -1.2732393780106703  log₁₀ σ²(E): -3.4391     -6.3934     -6.4063     S: 0.4942906148921504   χmax: 16  χ: 16  log₁₀ truncation: -7.9402     Chain length: 13002        - Convergence  S-false χ-true σ²- false
iDMRG Step: 7000      E: -1.2732393511188187  -1.2732393818126990  -1.2732393820012839  log₁₀ σ²(E): -3.4713     -6.4370     -6.4397     S: 0.4825257002739212   χmax: 16  χ: 16  log₁₀ truncation: -7.9861     Chain length: 14002        - Convergence  S-false χ-true σ²- false
iDMRG Step: 7500      E: -1.2732393538186884  -1.2732393828645674  -1.2732393830633866  log₁₀ σ²(E): -3.5012     -6.4549     -6.4546     S: 0.4779525294101965   χmax: 16  χ: 16  log₁₀ truncation: -8.0049     Chain length: 15002        - Convergence  S-false χ-true σ²- false
iDMRG Step: 8000      E: -1.2732393546698950  -1.2732393831784825  -1.2732393833756528  log₁₀ σ²(E): -3.5292     -6.4618     -6.4584     S: 0.4762269129902179   χmax: 16  χ: 16  log₁₀ truncation: -8.0121     Chain length: 16002        - Convergence  S-false χ-true σ²- false
iDMRG Step: 8500      E: -1.2732393549625822  -1.2732393832834599  -1.2732393834847489  log₁₀ σ²(E): -3.5555     -6.4643     -6.4704     S: 0.4755830724966180   χmax: 16  χ: 16  log₁₀ truncation: -8.0148     Chain length: 17002        - Convergence  S-false χ-true σ²- false
iDMRG Step: 9000      E: -1.2732393550677914  -1.2732393833205518  -1.2732393835103450  log₁₀ σ²(E): -3.5803     -6.4653     -6.4649     S: 0.4753438443305492   χmax: 16  χ: 16  log₁₀ truncation: -8.0159     Chain length: 18002        - Convergence  S-false χ-true σ²- false
iDMRG Step: 9500      E: -1.2732393551063477  -1.2732393833340958  -1.2732393835221472  log₁₀ σ²(E): -3.6038     -6.4656     -6.4652     S: 0.4752550920153214   χmax: 16  χ: 16  log₁₀ truncation: -8.0162     Chain length: 19002        - Convergence  S-false χ-true σ²- false
iDMRG Step: 10000     E: -1.2732393551205683  -1.2732393833389899  -1.2732393835302607  log₁₀ σ²(E): -3.6260     -6.4658     -6.4602     S: 0.4752221834771099   χmax: 16  χ: 16  log₁₀ truncation: -8.0164     Chain length: 20002        - Convergence  S-false χ-true σ²- false
iDMRG Step: 10500     E: -1.2732393551258274  -1.2732393833409574  -1.2732393835321862  log₁₀ σ²(E): -3.6472     -6.4658     -6.4693     S: 0.4752099838954817   χmax: 16  χ: 16  log₁₀ truncation: -8.0164     Chain length: 21002        - Convergence  S-false χ-true σ²- false
iDMRG Step: 11000     E: -1.2732393551277790  -1.2732393833416462  -1.2732393835497762  log₁₀ σ²(E): -3.6674     -6.4658     -6.4659     S: 0.4752054617199822   χmax: 16  χ: 16  log₁₀ truncation: -8.0164     Chain length: 22002        - Convergence  S-false χ-true σ²- false
iDMRG Step: 11500     E: -1.2732393551285004  -1.2732393833418905  -1.2732393835340430  log₁₀ σ²(E): -3.6867     -6.4659     -6.4650     S: 0.4752037854735693   χmax: 16  χ: 16  log₁₀ truncation: -8.0165     Chain length: 23002        - Convergence  S-false χ-true σ²- false
iDMRG Step: 12000     E: -1.2732393551287711  -1.2732393833419797  -1.2732393835189466  log₁₀ σ²(E): -3.7052     -6.4659     -6.4659     S: 0.4752031641408712   χmax: 16  χ: 16  log₁₀ truncation: -8.0165     Chain length: 24002        - Convergence  S-false χ-true σ²- false
iDMRG Step: 12500     E: -1.2732393551288677  -1.2732393833420625  -1.2732393835311024  log₁₀ σ²(E): -3.7229     -6.4659     -6.4624     S: 0.4752029338335770   χmax: 16  χ: 16  log₁₀ truncation: -8.0165     Chain length: 25002        - Convergence  S-false χ-true σ²- false
iDMRG Step: 13000     E: -1.2732393551289056  -1.2732393833420579  -1.2732393835344067  log₁₀ σ²(E): -3.7399     -6.4659     -6.4660     S: 0.4752028484671283   χmax: 16  χ: 16  log₁₀ truncation: -8.0165     Chain length: 26002        - Convergence  S-false χ-true σ²- false
iDMRG Step: 13500     E: -1.2732393551289221  -1.2732393833420339  -1.2732393835281182  log₁₀ σ²(E): -3.7563     -6.4659     -6.4653     S: 0.4752028168227517   χmax: 16  χ: 16  log₁₀ truncation: -8.0165     Chain length: 27002        - Convergence  S-false χ-true σ²- false
iDMRG Step: 14000     E: -1.2732393551289238  -1.2732393833420399  -1.2732393835308515  log₁₀ σ²(E): -3.7720     -6.4659     -6.4569     S: 0.4752028050944323   χmax: 16  χ: 16  log₁₀ truncation: -8.0165     Chain length: 28002        - Convergence  S-false χ-true σ²- false
iDMRG Step: 14500     E: -1.2732393551289234  -1.2732393833420312  -1.2732393835500473  log₁₀ σ²(E): -3.7873     -6.4659     -6.4684     S: 0.4752028007442906   χmax: 16  χ: 16  log₁₀ truncation: -8.0165     Chain length: 29002        - Convergence  S-false χ-true σ²- false
iDMRG Step: 15000     E: -1.2732393551289281  -1.2732393833420281  -1.2732393835495168  log₁₀ σ²(E): -3.8020     -6.4659     -6.4643     S: 0.4752027991295413   χmax: 16  χ: 16  log₁₀ truncation: -8.0165     Chain length: 30002        - Convergence  S-false χ-true σ²- false
iDMRG Step: 15500     E: -1.2732393551289287  -1.2732393833419526  -1.2732393835346956  log₁₀ σ²(E): -3.8162     -6.4659     -6.4618     S: 0.4752027985314177   χmax: 16  χ: 16  log₁₀ truncation: -8.0165     Chain length: 31002        - Convergence  S-false χ-true σ²- false
iDMRG Step: 16000     E: -1.2732393551289289  -1.2732393833420077  -1.2732393835438167  log₁₀ σ²(E): -3.8300     -6.4659     -6.4667     S: 0.4752027983102083   χmax: 16  χ: 16  log₁₀ truncation: -8.0165     Chain length: 32002        - Convergence  S-false χ-true σ²- false
iDMRG Step: 16500     E: -1.2732393551289316  -1.2732393833420581  -1.2732393835432871  log₁₀ σ²(E): -3.8433     -6.4659     -6.4703     S: 0.4752027982277381   χmax: 16  χ: 16  log₁₀ truncation: -8.0165     Chain length: 33002        - Convergence  S-false χ-true σ²- false

 -- Final results -- iDMRG
Iterations               = 16501
Energy MPO           = -1.2732393551289316
Energy HAM           = -1.2732393833420581
Energy MOM           = -1.2732393835432871
log₁₀ σ²(E) MPO:     = -3.843310
log₁₀ σ²(E) HAM:     = -6.465856
log₁₀ σ²(E) MOM:     = -6.470301
Entanglement Entropy = 0.4752028010451046
χmax                 = 16
χ                    = 16
log₁₀ truncation:    = -8.0165
Simulation converged : true
S slope              = -0.0000000000551393 true
σ² MPO slope         = 0.0000000000000000 false
σ² HAM slope         = -0.0000000000000002 true
σ² MOM slope         = -0.0000000000005371 true
χ                    = 16 true

+Total Time              : 298.22966  s | 100.00000 %
↳ Store to file          : 0.00008    s |   0.00003 % 
↳ Printing to console    : 0.00201    s |   0.00067 % 
↳ Computing observables  : 9.40946    s |   3.15510 % 
↳+Simulation             : 278.20440  s |  93.28529 % 

 Simulation breakdown:
+Total                   278.20440    s
↳ Optimize MPS           : 270.31628  s |  97.16463 % 
↳ SVD Truncation         : 7.88389    s |   2.83385 % 
↳ Update Environments    : 10.39736   s |   3.73731 % 
↳ Check Convergence      : 0.09477    s |   0.03406 % 

Computing observables breakdown:
+Total                   9.40946    s
↳ Energy (MPO)           : 0.00526    s |   0.05586 % 
↳ Energy (Ham)           : 0.02815    s |   0.29920 % 
↳ Energy (Gen)           : 0.00000    s |   0.00000 % 
↳ Variance (MPO)         : 0.05397    s |   0.57353 % 
↳ Variance (Ham)         : 3.76642    s |  40.02806 % 
↳ Variance (Gen)         : 4.90673    s |  52.14679 % 
↳ Ent. Entropy           : 0.08246    s |   0.87640 % 
↳ Temp1                  : 4.86039    s |  51.65433 % 
↳ Temp2                  : 0.00000    s |   0.00000 % 
↳ Temp3                  : 0.00000    s |   0.00000 % 
↳ Temp4                  : 0.00000    s |   0.00000 % 
All algorithms finished.
Data written to file: "/home/david/Dropbox/PhD/Programming/DMRG++/DMRG++/output/fes_2.h5"
