Using Intel MKL with 1 thread(s)
Git Branch: study_finite_entanglement_scaling | Commit hash: d1054e6f | Revision: 278
Input argument [0] : condor_exec.exe
Input argument [1] : ../input/fes_9.cfg
Found input file: "/home/david/Dropbox/PhD/Programming/DMRG++/DMRG++/input/fes_9.cfg"
Loading line:     model::J                        = 1                         /*!< Ferromagnetic coupling. J < 0  Gives a ferromagnet. J > 0 an antiferromagnet. */
Loading line:     model::g                        = 1                         /*!< Transverse field strength */
Loading line:     model::d                        = 2                         /*!< Local dimension
Loading line:     model::initial_state            = rps                       /*!< Choose initial state of the MPS: {upup, updown, GHZ(upup+downdown), W(updown+downup), rps (random product state), random_chi (random state with bond dimension chi, only for iDMRG!)} "cat" or "random". Default "rps". */
Loading line:     precision::eigMaxIter           = 1000                      /*!< Maximum number of steps for eigenvalue solver. */
Loading line:     precision::eigThreshold         = 1e-10                     /*!< Minimum threshold for halting eigenvalue solver. */
Loading line:     precision::eigMaxNcv            = 16                        /*!< Parameter controlling the column space? of the Lanczos solver. 16 is close to optimum when chi = 16. Coincidence? */
Loading line:     precision::eigThreshold         = 1e-10                     /*!< Minimum threshold for halting eigenvalue solver. */
Loading line:     idmrg::on                       = true                      /*!< Turns iDMRG simulation on/off. */
Loading line:     idmrg::max_steps                = 500000                    /*!< Number of steps for the simulation. */
Loading line:     idmrg::chi_max                  = 44                        /*!< Bond dimension of the current position (maximum number of singular values to keep in SVD). */
Loading line:     idmrg::chi_grow                 = false                     /*!< Whether to increase chi slowly up to chi_max or go up to chi_max directly. */
Loading line:     idmrg::print_freq               = 500                       /*!< Print frequency for console output. (0 = off).*/
Loading line:     idmrg::store_freq               = 500                       /*!< Store frequency,for output file buffer. (0 = off). */
Loading line:     fdmrg::on                       = false                     /*!< Turns fDMRG simulation on/off. */
Loading line:     xdmrg::on                       = false                     /*!< Turns xDMRG simulation on/off. */
Loading line:     itebd::on                       = false                     /*!< Turns iTEBD simulation on/off. */
Loading line:     hdf5::save_to_file              = true                      /*!< (Not implemented yet) If true, saves the simulation data to an HDF5 file instead of just outputting to console */
Loading line:     hdf5::create_dir_if_not_found   = true                      /*!< If true, an output directory will be created in the project root folder if it isn't found */
Loading line:     hdf5::overwrite_file_if_found   = false                     /*!< If true, an hdf5-file with the provided filename will be overwritten if found in output_folder */
Loading line:     hdf5::output_filename           = fes_9.h5                  /*!< Name of the output HDF5 file. Without quotes! */
Loading line:     hdf5::output_folder             = output                    /*!< Path of the output HDF5 file */
Loading line:     hdf5::full_storage              = false                     /*!< (Not implemented yet) If true, saves more simulation data to file (such as explicit form of MPS). Set to false to reduce output file size. */
Loading line:     profiling::on                   = true                      /*!< If true, turns on profiling and timings will be shown on console. */
Loading line:     profiling::precision            = 5                         /*!< Sets precision (number of decimals) of time output. */
Loading line:     console::verbosity              = 1                         /*!< (PARTIALLY IMPLEMENTED) Level of verbosity desired [0-2]. Level 0 prints almost nothing, level 2 prints everything */
Loading line:     console::timestamp              = false                     /*!< (NOT IMPLEMENTED) Whether to put a timestamp on console outputs */
output_folder     = "output"
output_filename   = "fes_9.h5"
Directory already exists: "/home/david/Dropbox/PhD/Programming/DMRG++/DMRG++/output"
Creating new file: "/home/david/Dropbox/PhD/Programming/DMRG++/DMRG++/output/fes_9.h5"
Initializing random product state

Starting iDMRG simulation
iDMRG Step: 500       E: -1.2732425151747997  -1.2732393987742805  -1.2732393989884083  log₁₀ σ²(E): -2.3266     -7.8182     -8.1185     S: 0.7011585831015826   χmax: 44  χ: 44  log₁₀ truncation: -11.0042    Chain length: 1002         - Convergence  S-false χ-true σ²- false
iDMRG Step: 1000      E: -1.2732402881982041  -1.2732394896843688  -1.2732394898520534  log₁₀ σ²(E): -2.6272     -7.7507     -8.1356     S: 0.7589931481241814   χmax: 44  χ: 44  log₁₀ truncation: -10.2836    Chain length: 2002         - Convergence  S-false χ-true σ²- false
iDMRG Step: 1500      E: -1.2732398715676874  -1.2732395107900754  -1.2732395109342511  log₁₀ σ²(E): -2.8031     -7.7094     -7.7950     S: 0.7925817001925368   χmax: 44  χ: 44  log₁₀ truncation: -9.9518     Chain length: 3002         - Convergence  S-false χ-true σ²- false
iDMRG Step: 2000      E: -1.2732397243771543  -1.2732395193047932  -1.2732395194887201  log₁₀ σ²(E): -2.9280     -7.6808     -7.6429     S: 0.8159649654115773   χmax: 44  χ: 44  log₁₀ truncation: -9.7538     Chain length: 4002         - Convergence  S-false χ-true σ²- false
iDMRG Step: 2500      E: -1.2732396554599670  -1.2732395236600869  -1.2732395238556329  log₁₀ σ²(E): -3.0249     -7.6593     -7.4770     S: 0.8335541721491880   χmax: 44  χ: 44  log₁₀ truncation: -9.6211     Chain length: 5002         - Convergence  S-false χ-true σ²- false
iDMRG Step: 3000      E: -1.2732396175103458  -1.2732395262005127  -1.2732395263746614  log₁₀ σ²(E): -3.1040     -7.6423     -8.0262     S: 0.8473493620131178   χmax: 44  χ: 44  log₁₀ truncation: -9.5261     Chain length: 6002         - Convergence  S-false χ-true σ²- false
iDMRG Step: 3500      E: -1.2732395942828862  -1.2732395278093582  -1.2732395279852498  log₁₀ σ²(E): -3.1710     -7.6285     -7.5668     S: 0.8584506182019412   χmax: 44  χ: 44  log₁₀ truncation: -9.4551     Chain length: 7002         - Convergence  S-false χ-true σ²- false
iDMRG Step: 4000      E: -1.2732395789730924  -1.2732395288875216  -1.2732395290712684  log₁₀ σ²(E): -3.2289     -7.6171     -7.5930     S: 0.8675400660518224   χmax: 44  χ: 44  log₁₀ truncation: -9.4004     Chain length: 8002         - Convergence  S-false χ-true σ²- false
iDMRG Step: 4500      E: -1.2732395683179185  -1.2732395296407915  -1.2732395298149848  log₁₀ σ²(E): -3.2801     -7.6076     -7.6446     S: 0.8750756777353359   χmax: 44  χ: 44  log₁₀ truncation: -9.3572     Chain length: 9002         - Convergence  S-false χ-true σ²- false
iDMRG Step: 5000      E: -1.2732395605897091  -1.2732395301833195  -1.2732395303562700  log₁₀ σ²(E): -3.3258     -7.5996     -7.6365     S: 0.8813823057262155   χmax: 44  χ: 44  log₁₀ truncation: -9.3226     Chain length: 10002        - Convergence  S-false χ-true σ²- false
iDMRG Step: 5500      E: -1.2732395548016897  -1.2732395305844109  -1.2732395307676356  log₁₀ σ²(E): -3.3672     -7.5930     -7.6206     S: 0.8866996235190229   χmax: 44  χ: 44  log₁₀ truncation: -9.2944     Chain length: 11002        - Convergence  S-false χ-true σ²- false
iDMRG Step: 6000      E: -1.2732395503551792  -1.2732395308867317  -1.2732395310807367  log₁₀ σ²(E): -3.4050     -7.5873     -7.4855     S: 0.8912096847918100   χmax: 44  χ: 44  log₁₀ truncation: -9.2712     Chain length: 12002        - Convergence  S-false χ-true σ²- false
iDMRG Step: 6500      E: -1.2732395468687425  -1.2732395311187932  -1.2732395312967890  log₁₀ σ²(E): -3.4397     -7.5826     -7.6379     S: 0.8950538875841549   χmax: 44  χ: 44  log₁₀ truncation: -9.2519     Chain length: 13002        - Convergence  S-false χ-true σ²- false
iDMRG Step: 7000      E: -1.2732395440892170  -1.2732395312995597  -1.2732395314842253  log₁₀ σ²(E): -3.4719     -7.5785     -7.5686     S: 0.8983439986182628   χmax: 44  χ: 44  log₁₀ truncation: -9.2358     Chain length: 14002        - Convergence  S-false χ-true σ²- false
iDMRG Step: 7500      E: -1.2732395418427327  -1.2732395314418179  -1.2732395316342178  log₁₀ σ²(E): -3.5019     -7.5751     -7.5035     S: 0.9011696226097601   χmax: 44  χ: 44  log₁₀ truncation: -9.2222     Chain length: 15002        - Convergence  S-false χ-true σ²- false
iDMRG Step: 8000      E: -1.2732395400322003  -1.2732395316186698  -1.2732395318178393  log₁₀ σ²(E): -3.5299     -7.5684     -7.4939     S: 0.9036218520947447   χmax: 44  χ: 44  log₁₀ truncation: -9.2229     Chain length: 16002        - Convergence  S-false χ-true σ²- false
iDMRG Step: 8500      E: -1.2732395386301967  -1.2732395317778242  -1.2732395319599077  log₁₀ σ²(E): -3.5562     -7.5641     -7.5751     S: 0.9062887346885860   χmax: 44  χ: 44  log₁₀ truncation: -9.2317     Chain length: 17002        - Convergence  S-false χ-true σ²- false
iDMRG Step: 9000      E: -1.2732395373752852  -1.2732395318461869  -1.2732395320272574  log₁₀ σ²(E): -3.5810     -7.5583     -7.6064     S: 0.9085093619841735   χmax: 44  χ: 44  log₁₀ truncation: -9.2211     Chain length: 18002        - Convergence  S-false χ-true σ²- false
iDMRG Step: 9500      E: -1.2732395363260320  -1.2732395319002916  -1.2732395320732317  log₁₀ σ²(E): -3.6045     -7.5539     -7.6201     S: 0.9103749003597036   χmax: 44  χ: 44  log₁₀ truncation: -9.2126     Chain length: 19002        - Convergence  S-false χ-true σ²- false
iDMRG Step: 10000     E: -1.2732395354420154  -1.2732395319437637  -1.2732395321273167  log₁₀ σ²(E): -3.6268     -7.5503     -7.5801     S: 0.9119533376427310   χmax: 44  χ: 44  log₁₀ truncation: -9.2056     Chain length: 20002        - Convergence  S-false χ-true σ²- false
iDMRG Step: 10500     E: -1.2732395346928376  -1.2732395319791030  -1.2732395321658834  log₁₀ σ²(E): -3.6480     -7.5473     -7.5594     S: 0.9132972251912971   χmax: 44  χ: 44  log₁₀ truncation: -9.1998     Chain length: 21002        - Convergence  S-false χ-true σ²- false
iDMRG Step: 11000     E: -1.2732395340548388  -1.2732395320079721  -1.2732395321950178  log₁₀ σ²(E): -3.6682     -7.5448     -7.5402     S: 0.9144473345324964   χmax: 44  χ: 44  log₁₀ truncation: -9.1948     Chain length: 22002        - Convergence  S-false χ-true σ²- false
iDMRG Step: 11500     E: -1.2732395335093094  -1.2732395320319627  -1.2732395322150754  log₁₀ σ²(E): -3.6875     -7.5427     -7.5384     S: 0.9154357384737829   χmax: 44  χ: 44  log₁₀ truncation: -9.1905     Chain length: 23002        - Convergence  S-false χ-true σ²- false
iDMRG Step: 12000     E: -1.2732395330413109  -1.2732395320520389  -1.2732395322501793  log₁₀ σ²(E): -3.7060     -7.5409     -7.5620     S: 0.9162880425178814   χmax: 44  χ: 44  log₁₀ truncation: -9.1869     Chain length: 24002        - Convergence  S-false χ-true σ²- false
iDMRG Step: 12500     E: -1.2732395326386219  -1.2732395320688084  -1.2732395322483454  log₁₀ σ²(E): -3.7237     -7.5393     -7.5153     S: 0.9170249680321378   χmax: 44  χ: 44  log₁₀ truncation: -9.1838     Chain length: 25002        - Convergence  S-false χ-true σ²- false
iDMRG Step: 13000     E: -1.2732395322912735  -1.2732395320830983  -1.2732395322706849  log₁₀ σ²(E): -3.7407     -7.5380     -7.5023     S: 0.9176634845374693   χmax: 44  χ: 44  log₁₀ truncation: -9.1811     Chain length: 26002        - Convergence  S-false χ-true σ²- false
iDMRG Step: 13500     E: -1.2732395319910372  -1.2732395320954648  -1.2732395322783157  log₁₀ σ²(E): -3.7571     -7.5369     -7.5297     S: 0.9182176246158492   χmax: 44  χ: 44  log₁₀ truncation: -9.1788     Chain length: 27002        - Convergence  S-false χ-true σ²- false
iDMRG Step: 14000     E: -1.2732395317310616  -1.2732395321059384  -1.2732395322797243  log₁₀ σ²(E): -3.7729     -7.5359     -7.5514     S: 0.9186990895458099   χmax: 44  χ: 44  log₁₀ truncation: -9.1767     Chain length: 28002        - Convergence  S-false χ-true σ²- false
iDMRG Step: 14500     E: -1.2732395315056153  -1.2732395321150762  -1.2732395323055061  log₁₀ σ²(E): -3.7881     -7.5351     -7.5081     S: 0.9191176992075736   χmax: 44  χ: 44  log₁₀ truncation: -9.1750     Chain length: 29002        - Convergence  S-false χ-true σ²- false
iDMRG Step: 15000     E: -1.2732395313098335  -1.2732395321230379  -1.2732395323053980  log₁₀ σ²(E): -3.8029     -7.5344     -7.4933     S: 0.9194817344547557   χmax: 44  χ: 44  log₁₀ truncation: -9.1735     Chain length: 30002        - Convergence  S-false χ-true σ²- false
iDMRG Step: 15500     E: -1.2732395311396751  -1.2732395321301586  -1.2732395323110617  log₁₀ σ²(E): -3.8171     -7.5337     -7.4716     S: 0.9197981966595037   χmax: 44  χ: 44  log₁₀ truncation: -9.1721     Chain length: 31002        - Convergence  S-false χ-true σ²- false
iDMRG Step: 16000     E: -1.2732395309916460  -1.2732395321365324  -1.2732395323205219  log₁₀ σ²(E): -3.8309     -7.5332     -7.5134     S: 0.9200730136473687   χmax: 44  χ: 44  log₁₀ truncation: -9.1710     Chain length: 32002        - Convergence  S-false χ-true σ²- false
iDMRG Step: 16500     E: -1.2732395308628210  -1.2732395321421941  -1.2732395323272276  log₁₀ σ²(E): -3.8442     -7.5328     -7.4959     S: 0.9203111954838861   χmax: 44  χ: 44  log₁₀ truncation: -9.1700     Chain length: 33002        - Convergence  S-false χ-true σ²- false
iDMRG Step: 17000     E: -1.2732395307506765  -1.2732395321477270  -1.2732395323342443  log₁₀ σ²(E): -3.8572     -7.5324     -7.5190     S: 0.9205169567227192   χmax: 44  χ: 44  log₁₀ truncation: -9.1691     Chain length: 34002        - Convergence  S-false χ-true σ²- false
iDMRG Step: 17500     E: -1.2732395306530500  -1.2732395321531500  -1.2732395323334400  log₁₀ σ²(E): -3.8698     -7.5321     -7.5329     S: 0.9206938101740809   χmax: 44  χ: 44  log₁₀ truncation: -9.1683     Chain length: 35002        - Convergence  S-false χ-true σ²- false
iDMRG Step: 18000     E: -1.2732395305681112  -1.2732395321582444  -1.2732395323440635  log₁₀ σ²(E): -3.8820     -7.5318     -7.5127     S: 0.9208446367067593   χmax: 44  χ: 44  log₁₀ truncation: -9.1677     Chain length: 36002        - Convergence  S-false χ-true σ²- false
iDMRG Step: 18500     E: -1.2732395304942963  -1.2732395321635703  -1.2732395323449350  log₁₀ σ²(E): -3.8939     -7.5317     -7.5327     S: 0.9209717347205415   χmax: 44  χ: 44  log₁₀ truncation: -9.1671     Chain length: 37002        - Convergence  S-false χ-true σ²- false
iDMRG Step: 19000     E: -1.2732395304302540  -1.2732395321691743  -1.2732395323436272  log₁₀ σ²(E): -3.9055     -7.5315     -7.5520     S: 0.9210768509407524   χmax: 44  χ: 44  log₁₀ truncation: -9.1666     Chain length: 38002        - Convergence  S-false χ-true σ²- false
iDMRG Step: 19500     E: -1.2732395303748560  -1.2732395321753076  -1.2732395323596009  log₁₀ σ²(E): -3.9168     -7.5315     -7.5384     S: 0.9211611928244184   χmax: 44  χ: 44  log₁₀ truncation: -9.1662     Chain length: 39002        - Convergence  S-false χ-true σ²- false
iDMRG Step: 20000     E: -1.2732395303271344  -1.2732395321820902  -1.2732395323547971  log₁₀ σ²(E): -3.9278     -7.5315     -7.4853     S: 0.9212254281145072   χmax: 44  χ: 44  log₁₀ truncation: -9.1658     Chain length: 40002        - Convergence  S-false χ-true σ²- false
iDMRG Step: 20500     E: -1.2732395302862833  -1.2732395321900118  -1.2732395323728587  log₁₀ σ²(E): -3.9385     -7.5315     -7.5374     S: 0.9212696585582202   χmax: 44  χ: 44  log₁₀ truncation: -9.1655     Chain length: 41002        - Convergence  S-false χ-true σ²- false
iDMRG Step: 21000     E: -1.2732395302516712  -1.2732395321990675  -1.2732395323727739  log₁₀ σ²(E): -3.9490     -7.5317     -7.5351     S: 0.9212933828660670   χmax: 44  χ: 44  log₁₀ truncation: -9.1653     Chain length: 42002        - Convergence  S-false χ-true σ²- false
iDMRG Step: 21500     E: -1.2732395302227313  -1.2732395322099244  -1.2732395323932426  log₁₀ σ²(E): -3.9592     -7.5319     -7.5370     S: 0.9212954363684408   χmax: 44  χ: 44  log₁₀ truncation: -9.1651     Chain length: 43002        - Convergence  S-false χ-true σ²- false
iDMRG Step: 22000     E: -1.2732395301990787  -1.2732395322226275  -1.2732395324011729  log₁₀ σ²(E): -3.9692     -7.5322     -7.5589     S: 0.9212739099278415   χmax: 44  χ: 44  log₁₀ truncation: -9.1649     Chain length: 44002        - Convergence  S-false χ-true σ²- false
iDMRG Step: 22500     E: -1.2732395301804154  -1.2732395322380445  -1.2732395324251788  log₁₀ σ²(E): -3.9789     -7.5327     -7.6153     S: 0.9212260452399218   χmax: 44  χ: 44  log₁₀ truncation: -9.1648     Chain length: 45002        - Convergence  S-false χ-true σ²- false
iDMRG Step: 23000     E: -1.2732395301665405  -1.2732395322564019  -1.2732395324480004  log₁₀ σ²(E): -3.9885     -7.5332     -7.5297     S: 0.9211481045474834   χmax: 44  χ: 44  log₁₀ truncation: -9.1648     Chain length: 46002        - Convergence  S-false χ-true σ²- false
iDMRG Step: 23500     E: -1.2732395301573907  -1.2732395322786130  -1.2732395324570034  log₁₀ σ²(E): -3.9978     -7.5339     -7.5796     S: 0.9210352122704755   χmax: 44  χ: 44  log₁₀ truncation: -9.1648     Chain length: 47002        - Convergence  S-false χ-true σ²- false
iDMRG Step: 24000     E: -1.2732395301529842  -1.2732395323052086  -1.2732395324980206  log₁₀ σ²(E): -4.0069     -7.5347     -7.5399     S: 0.9208811661546461   χmax: 44  χ: 44  log₁₀ truncation: -9.1649     Chain length: 48002        - Convergence  S-false χ-true σ²- false
iDMRG Step: 24500     E: -1.2732395301534774  -1.2732395323371821  -1.2732395325135328  log₁₀ σ²(E): -4.0159     -7.5357     -7.5453     S: 0.9206782155079466   χmax: 44  χ: 44  log₁₀ truncation: -9.1650     Chain length: 49002        - Convergence  S-false χ-true σ²- false
iDMRG Step: 25000     E: -1.2732395301590991  -1.2732395323753893  -1.2732395325569748  log₁₀ σ²(E): -4.0247     -7.5369     -7.5109     S: 0.9204168047205550   χmax: 44  χ: 44  log₁₀ truncation: -9.1652     Chain length: 50002        - Convergence  S-false χ-true σ²- false
iDMRG Step: 25500     E: -1.2732395301702486  -1.2732395324211321  -1.2732395326138206  log₁₀ σ²(E): -4.0333     -7.5383     -7.5208     S: 0.9200852797635503   χmax: 44  χ: 44  log₁₀ truncation: -9.1656     Chain length: 51002        - Convergence  S-false χ-true σ²- false
iDMRG Step: 26000     E: -1.2732395301874078  -1.2732395324757300  -1.2732395326550721  log₁₀ σ²(E): -4.0417     -7.5400     -7.6422     S: 0.9196695636916957   χmax: 44  χ: 44  log₁₀ truncation: -9.1660     Chain length: 52002        - Convergence  S-false χ-true σ²- false
iDMRG Step: 26500     E: -1.2732395302112232  -1.2732395325400017  -1.2732395327181454  log₁₀ σ²(E): -4.0500     -7.5419     -7.5042     S: 0.9191527864798281   χmax: 44  χ: 44  log₁₀ truncation: -9.1665     Chain length: 53002        - Convergence  S-false χ-true σ²- false
iDMRG Step: 27000     E: -1.2732395302424804  -1.2732395326162027  -1.2732395327989303  log₁₀ σ²(E): -4.0581     -7.5442     -7.5478     S: 0.9185149031079483   χmax: 44  χ: 44  log₁₀ truncation: -9.1672     Chain length: 54002        - Convergence  S-false χ-true σ²- false
iDMRG Step: 27500     E: -1.2732395302821269  -1.2732395327057078  -1.2732395328771919  log₁₀ σ²(E): -4.0660     -7.5468     -7.6096     S: 0.9177322811832347   χmax: 44  χ: 44  log₁₀ truncation: -9.1681     Chain length: 55002        - Convergence  S-false χ-true σ²- false
iDMRG Step: 28000     E: -1.2732395303312778  -1.2732395328102337  -1.2732395329843544  log₁₀ σ²(E): -4.0739     -7.5499     -7.5432     S: 0.9167772923418379   χmax: 44  χ: 44  log₁₀ truncation: -9.1691     Chain length: 56002        - Convergence  S-false χ-true σ²- false
iDMRG Step: 28500     E: -1.2732395303912147  -1.2732395329318047  -1.2732395331218929  log₁₀ σ²(E): -4.0816     -7.5533     -7.5547     S: 0.9156179264463722   χmax: 44  χ: 44  log₁₀ truncation: -9.1704     Chain length: 57002        - Convergence  S-false χ-true σ²- false
iDMRG Step: 29000     E: -1.2732395304634063  -1.2732395330721284  -1.2732395332597470  log₁₀ σ²(E): -4.0891     -7.5573     -7.5764     S: 0.9142174645180278   χmax: 44  χ: 44  log₁₀ truncation: -9.1720     Chain length: 58002        - Convergence  S-false χ-true σ²- false
iDMRG Step: 29500     E: -1.2732395305495150  -1.2732395332331892  -1.2732395334228988  log₁₀ σ²(E): -4.0965     -7.5618     -7.5869     S: 0.9125342582376396   χmax: 44  χ: 44  log₁₀ truncation: -9.1739     Chain length: 59002        - Convergence  S-false χ-true σ²- false
iDMRG Step: 30000     E: -1.2732395306513493  -1.2732395334164344  -1.2732395336020816  log₁₀ σ²(E): -4.1038     -7.5669     -7.6023     S: 0.9105216590230810   χmax: 44  χ: 44  log₁₀ truncation: -9.1761     Chain length: 60002        - Convergence  S-false χ-true σ²- false
iDMRG Step: 30500     E: -1.2732395307709232  -1.2732395336234941  -1.2732395338135118  log₁₀ σ²(E): -4.1110     -7.5727     -7.5823     S: 0.9081282790121348   χmax: 44  χ: 44  log₁₀ truncation: -9.1788     Chain length: 61002        - Convergence  S-false χ-true σ²- false
iDMRG Step: 31000     E: -1.2732395309103304  -1.2732395338551541  -1.2732395340406986  log₁₀ σ²(E): -4.1181     -7.5792     -7.6163     S: 0.9052984309593107   χmax: 44  χ: 44  log₁₀ truncation: -9.1820     Chain length: 62002        - Convergence  S-false χ-true σ²- false
iDMRG Step: 31500     E: -1.2732395310717910  -1.2732395341115257  -1.2732395342893059  log₁₀ σ²(E): -4.1250     -7.5865     -7.5953     S: 0.9019731771303459   χmax: 44  χ: 44  log₁₀ truncation: -9.1858     Chain length: 63002        - Convergence  S-false χ-true σ²- false
iDMRG Step: 32000     E: -1.2732395312575351  -1.2732395343926404  -1.2732395345751064  log₁₀ σ²(E): -4.1318     -7.5946     -7.6281     S: 0.8980918033789786   χmax: 44  χ: 44  log₁₀ truncation: -9.1902     Chain length: 64002        - Convergence  S-false χ-true σ²- false
iDMRG Step: 32500     E: -1.2732395314697542  -1.2732395346981598  -1.2732395348767933  log₁₀ σ²(E): -4.1386     -7.6036     -7.5888     S: 0.8935939974113222   χmax: 44  χ: 44  log₁₀ truncation: -9.1954     Chain length: 65002        - Convergence  S-false χ-true σ²- false
iDMRG Step: 33000     E: -1.2732395317105401  -1.2732395350267969  -1.2732395352040446  log₁₀ σ²(E): -4.1452     -7.6136     -7.6033     S: 0.8884228600795506   χmax: 44  χ: 44  log₁₀ truncation: -9.2014     Chain length: 66002        - Convergence  S-false χ-true σ²- false
iDMRG Step: 33500     E: -1.2732395319818857  -1.2732395353730017  -1.2732395355556072  log₁₀ σ²(E): -4.1517     -7.6246     -7.6011     S: 0.8825287528741993   χmax: 44  χ: 44  log₁₀ truncation: -9.2085     Chain length: 67002        - Convergence  S-false χ-true σ²- false
iDMRG Step: 34000     E: -1.2732395322866474  -1.2732395357380384  -1.2732395359239501  log₁₀ σ²(E): -4.1582     -7.6372     -7.7272     S: 0.8758744430540382   χmax: 44  χ: 44  log₁₀ truncation: -9.2172     Chain length: 68002        - Convergence  S-false χ-true σ²- false
iDMRG Step: 34500     E: -1.2732395326419790  -1.2732395361522895  -1.2732395363431599  log₁₀ σ²(E): -4.1645     -7.6538     -7.6536     S: 0.8684416232170573   χmax: 44  χ: 44  log₁₀ truncation: -9.2307     Chain length: 69002        - Convergence  S-false χ-true σ²- false
iDMRG Step: 35000     E: -1.2732395330577859  -1.2732395366384992  -1.2732395368146885  log₁₀ σ²(E): -4.1708     -7.6730     -7.7668     S: 0.8601528714509239   χmax: 44  χ: 44  log₁₀ truncation: -9.2482     Chain length: 70002        - Convergence  S-false χ-true σ²- false
iDMRG Step: 35500     E: -1.2732395334720894  -1.2732395370444141  -1.2732395372259717  log₁₀ σ²(E): -4.1769     -7.6881     -7.6433     S: 0.8509620204390030   χmax: 44  χ: 44  log₁₀ truncation: -9.2604     Chain length: 71002        - Convergence  S-false χ-true σ²- false
iDMRG Step: 36000     E: -1.2732395339076834  -1.2732395374267891  -1.2732395376134351  log₁₀ σ²(E): -4.1830     -7.7037     -7.7698     S: 0.8409697729702492   χmax: 44  χ: 44  log₁₀ truncation: -9.2733     Chain length: 72002        - Convergence  S-false χ-true σ²- false
iDMRG Step: 36500     E: -1.2732395343628020  -1.2732395377971790  -1.2732395379834334  log₁₀ σ²(E): -4.1890     -7.7202     -7.6980     S: 0.8302887082635648   χmax: 44  χ: 44  log₁₀ truncation: -9.2875     Chain length: 73002        - Convergence  S-false χ-true σ²- false
iDMRG Step: 37000     E: -1.2732395348323073  -1.2732395381458459  -1.2732395383202895  log₁₀ σ²(E): -4.1949     -7.7375     -7.6791     S: 0.8190512278599708   χmax: 44  χ: 44  log₁₀ truncation: -9.3030     Chain length: 74002        - Convergence  S-false χ-true σ²- false
iDMRG Step: 37500     E: -1.2732395353099928  -1.2732395384769184  -1.2732395386617668  log₁₀ σ²(E): -4.2007     -7.7556     -7.6960     S: 0.8074078226804455   χmax: 44  χ: 44  log₁₀ truncation: -9.3198     Chain length: 75002        - Convergence  S-false χ-true σ²- false
iDMRG Step: 38000     E: -1.2732395357893038  -1.2732395387864428  -1.2732395389827795  log₁₀ σ²(E): -4.2065     -7.7745     -7.6868     S: 0.7955208348441444   χmax: 44  χ: 44  log₁₀ truncation: -9.3377     Chain length: 76002        - Convergence  S-false χ-true σ²- false
iDMRG Step: 38500     E: -1.2732395362636648  -1.2732395390768492  -1.2732395392598044  log₁₀ σ²(E): -4.2121     -7.7941     -7.8003     S: 0.7835566097114826   χmax: 44  χ: 44  log₁₀ truncation: -9.3568     Chain length: 77002        - Convergence  S-false χ-true σ²- false
iDMRG Step: 39000     E: -1.2732395367267508  -1.2732395393468074  -1.2732395395355627  log₁₀ σ²(E): -4.2177     -7.8143     -7.7438     S: 0.7716769096858586   χmax: 44  χ: 44  log₁₀ truncation: -9.3768     Chain length: 78002        - Convergence  S-false χ-true σ²- false
iDMRG Step: 39500     E: -1.2732395371729150  -1.2732395395970886  -1.2732395397803433  log₁₀ σ²(E): -4.2233     -7.8352     -7.8995     S: 0.7600305715645833   χmax: 44  χ: 44  log₁₀ truncation: -9.3975     Chain length: 79002        - Convergence  S-false χ-true σ²- false
iDMRG Step: 40000     E: -1.2732395375973196  -1.2732395398264913  -1.2732395400024634  log₁₀ σ²(E): -4.2287     -7.8565     -7.8479     S: 0.7487462802483046   χmax: 44  χ: 44  log₁₀ truncation: -9.4187     Chain length: 80002        - Convergence  S-false χ-true σ²- false
iDMRG Step: 40500     E: -1.2732395379961363  -1.2732395400378864  -1.2732395402169376  log₁₀ σ²(E): -4.2341     -7.8782     -7.8048     S: 0.7379276213516501   χmax: 44  χ: 44  log₁₀ truncation: -9.4400     Chain length: 81002        - Convergence  S-false χ-true σ²- false
iDMRG Step: 41000     E: -1.2732395383666208  -1.2732395402322498  -1.2732395404194441  log₁₀ σ²(E): -4.2395     -7.9001     -7.8393     S: 0.7276521812015611   χmax: 44  χ: 44  log₁₀ truncation: -9.4610     Chain length: 82002        - Convergence  S-false χ-true σ²- false
iDMRG Step: 41500     E: -1.2732395387071691  -1.2732395404102110  -1.2732395405914134  log₁₀ σ²(E): -4.2447     -7.9220     -8.0307     S: 0.7179730335744918   χmax: 44  χ: 44  log₁₀ truncation: -9.4816     Chain length: 83002        - Convergence  S-false χ-true σ²- false
iDMRG Step: 42000     E: -1.2732395390173890  -1.2732395405722068  -1.2732395407521415  log₁₀ σ²(E): -4.2499     -7.9438     -7.9532     S: 0.7089224260610087   χmax: 44  χ: 44  log₁₀ truncation: -9.5012     Chain length: 84002        - Convergence  S-false χ-true σ²- false
iDMRG Step: 42500     E: -1.2732395392984903  -1.2732395407202275  -1.2732395408910551  log₁₀ σ²(E): -4.2551     -7.9652     -7.9734     S: 0.7005155589628040   χmax: 44  χ: 44  log₁₀ truncation: -9.5195     Chain length: 85002        - Convergence  S-false χ-true σ²- false
iDMRG Step: 43000     E: -1.2732395395534941  -1.2732395408533119  -1.2732395410211161  log₁₀ σ²(E): -4.2601     -7.9860     -8.0382     S: 0.6927637828654654   χmax: 44  χ: 44  log₁₀ truncation: -9.5366     Chain length: 86002        - Convergence  S-false χ-true σ²- false
iDMRG Step: 43500     E: -1.2732395397753580  -1.2732395409588482  -1.2732395411294990  log₁₀ σ²(E): -4.2652     -8.0047     -7.9023     S: 0.6857128056524027   χmax: 44  χ: 44  log₁₀ truncation: -9.5547     Chain length: 87002        - Convergence  S-false χ-true σ²- false
iDMRG Step: 44000     E: -1.2732395399589733  -1.2732395410386734  -1.2732395412098236  log₁₀ σ²(E): -4.2701     -8.0216     -8.2139     S: 0.6793768056621946   χmax: 44  χ: 44  log₁₀ truncation: -9.5731     Chain length: 88002        - Convergence  S-false χ-true σ²- false
iDMRG Step: 44500     E: -1.2732395401111580  -1.2732395411041946  -1.2732395412870161  log₁₀ σ²(E): -4.2750     -8.0373     -8.0576     S: 0.6737062069951926   χmax: 44  χ: 44  log₁₀ truncation: -9.5906     Chain length: 89002        - Convergence  S-false χ-true σ²- false
iDMRG Step: 45000     E: -1.2732395403529615  -1.2732395413118434  -1.2732395414846693  log₁₀ σ²(E): -4.2799     -8.0604     -8.1145     S: 0.6684262523574921   χmax: 44  χ: 44  log₁₀ truncation: -9.6027     Chain length: 90002        - Convergence  S-false χ-true σ²- false
iDMRG Step: 45500     E: -1.2732395404764951  -1.2732395413590392  -1.2732395415527828  log₁₀ σ²(E): -4.2847     -8.0743     -8.3151     S: 0.6634884368911650   χmax: 44  χ: 44  log₁₀ truncation: -9.6194     Chain length: 91002        - Convergence  S-false χ-true σ²- false
iDMRG Step: 46000     E: -1.2732395405791934  -1.2732395413964022  -1.2732395415805884  log₁₀ σ²(E): -4.2894     -8.0885     -8.2101     S: 0.6591786935683115   χmax: 44  χ: 44  log₁₀ truncation: -9.6366     Chain length: 92002        - Convergence  S-false χ-true σ²- false
iDMRG Step: 46500     E: -1.2732395406613524  -1.2732395414253075  -1.2732395416037243  log₁₀ σ²(E): -4.2941     -8.1010     -7.9313     S: 0.6554218519034466   χmax: 44  χ: 44  log₁₀ truncation: -9.6516     Chain length: 93002        - Convergence  S-false χ-true σ²- false
iDMRG Step: 47000     E: -1.2732395407268042  -1.2732395414475852  -1.2732395416286306  log₁₀ σ²(E): -4.2988     -8.1119     -8.0404     S: 0.6521553882729900   χmax: 44  χ: 44  log₁₀ truncation: -9.6649     Chain length: 94002        - Convergence  S-false χ-true σ²- false
iDMRG Step: 47500     E: -1.2732395407788664  -1.2732395414646245  -1.2732395416490878  log₁₀ σ²(E): -4.3034     -8.1215     -8.2406     S: 0.6493228447164078   χmax: 44  χ: 44  log₁₀ truncation: -9.6764     Chain length: 95002        - Convergence  S-false χ-true σ²- false
iDMRG Step: 48000     E: -1.2732395408202601  -1.2732395414777460  -1.2732395416549593  log₁₀ σ²(E): -4.3079     -8.1298     -8.1200     S: 0.6468726893675777   χmax: 44  χ: 44  log₁₀ truncation: -9.6866     Chain length: 96002        - Convergence  S-false χ-true σ²- false
iDMRG Step: 48500     E: -1.2732395408531583  -1.2732395414877442  -1.2732395416551039  log₁₀ σ²(E): -4.3124     -8.1370     -8.3897     S: 0.6447580350723087   χmax: 44  χ: 44  log₁₀ truncation: -9.6954     Chain length: 97002        - Convergence  S-false χ-true σ²- false
iDMRG Step: 49000     E: -1.2732395408793162  -1.2732395414953044  -1.2732395416682953  log₁₀ σ²(E): -4.3169     -8.1433     -8.2300     S: 0.6429365303404003   χmax: 44  χ: 44  log₁₀ truncation: -9.7031     Chain length: 98002        - Convergence  S-false χ-true σ²- false
iDMRG Step: 49500     E: -1.2732395409001500  -1.2732395415011868  -1.2732395416891260  log₁₀ σ²(E): -4.3213     -8.1488     -8.4221     S: 0.6413702221538660   χmax: 44  χ: 44  log₁₀ truncation: -9.7099     Chain length: 99002        - Convergence  S-false χ-true σ²- false
iDMRG Step: 50000     E: -1.2732395409167652  -1.2732395415054796  -1.2732395416931468  log₁₀ σ²(E): -4.3256     -8.1536     -8.0221     S: 0.6400253507343691   χmax: 44  χ: 44  log₁₀ truncation: -9.7157     Chain length: 100002       - Convergence  S-false χ-true σ²- false
iDMRG Step: 50500     E: -1.2732395409300690  -1.2732395415088020  -1.2732395416972762  log₁₀ σ²(E): -4.3300     -8.1576     -8.1490     S: 0.6388720830642923   χmax: 44  χ: 44  log₁₀ truncation: -9.7207     Chain length: 101002       - Convergence  S-false χ-true σ²- false
iDMRG Step: 51000     E: -1.2732395409407438  -1.2732395415114586  -1.2732395416947979  log₁₀ σ²(E): -4.3342     -8.1612     -8.1805     S: 0.6378842050730638   χmax: 44  χ: 44  log₁₀ truncation: -9.7251     Chain length: 102002       - Convergence  S-false χ-true σ²- false
iDMRG Step: 51500     E: -1.2732395409493449  -1.2732395415134317  -1.2732395416946654  log₁₀ σ²(E): -4.3385     -8.1642     -8.4582     S: 0.6370387937381529   χmax: 44  χ: 44  log₁₀ truncation: -9.7288     Chain length: 103002       - Convergence  S-false χ-true σ²- false
iDMRG Step: 52000     E: -1.2732395409563015  -1.2732395415149542  -1.2732395416921682  log₁₀ σ²(E): -4.3427     -8.1668     -8.1419     S: 0.6363158859841204   χmax: 44  χ: 44  log₁₀ truncation: -9.7320     Chain length: 104002       - Convergence  S-false χ-true σ²- false
iDMRG Step: 52500     E: -1.2732395409619528  -1.2732395415160513  -1.2732395417018978  log₁₀ σ²(E): -4.3468     -8.1690     -8.1782     S: 0.6356981567806159   χmax: 44  χ: 44  log₁₀ truncation: -9.7348     Chain length: 105002       - Convergence  S-false χ-true σ²- false
iDMRG Step: 53000     E: -1.2732395409665664  -1.2732395415170594  -1.2732395417058409  log₁₀ σ²(E): -4.3509     -8.1709     -8.5213     S: 0.6351706145298741   χmax: 44  χ: 44  log₁₀ truncation: -9.7371     Chain length: 106002       - Convergence  S-false χ-true σ²- false
iDMRG Step: 53500     E: -1.2732395409703336  -1.2732395415176232  -1.2732395416985571  log₁₀ σ²(E): -4.3550     -8.1726     -8.0205     S: 0.6347203192733084   χmax: 44  χ: 44  log₁₀ truncation: -9.7392     Chain length: 107002       - Convergence  S-false χ-true σ²- false
iDMRG Step: 54000     E: -1.2732395409734378  -1.2732395415183975  -1.2732395416858511  log₁₀ σ²(E): -4.3591     -8.1740     -7.9241     S: 0.6343361253477089   χmax: 44  χ: 44  log₁₀ truncation: -9.7409     Chain length: 108002       - Convergence  S-false χ-true σ²- false
iDMRG Step: 54500     E: -1.2732395409759958  -1.2732395415186115  -1.2732395417035274  log₁₀ σ²(E): -4.3631     -8.1752     -8.1954     S: 0.6340084498286445   χmax: 44  χ: 44  log₁₀ truncation: -9.7424     Chain length: 109002       - Convergence  S-false χ-true σ²- false
iDMRG Step: 55000     E: -1.2732395409781092  -1.2732395415189757  -1.2732395416977256  log₁₀ σ²(E): -4.3670     -8.1762     -8.2570     S: 0.6337290660878701   χmax: 44  χ: 44  log₁₀ truncation: -9.7437     Chain length: 110002       - Convergence  S-false χ-true σ²- false
iDMRG Step: 55500     E: -1.2732395409798789  -1.2732395415191691  -1.2732395417018196  log₁₀ σ²(E): -4.3710     -8.1771     -8.5758     S: 0.6334909207792386   χmax: 44  χ: 44  log₁₀ truncation: -9.7447     Chain length: 111002       - Convergence  S-false χ-true σ²- false
iDMRG Step: 56000     E: -1.2732395409813531  -1.2732395415194158  -1.2732395417063185  log₁₀ σ²(E): -4.3749     -8.1778     -8.1490     S: 0.6332879732797312   χmax: 44  χ: 44  log₁₀ truncation: -9.7457     Chain length: 112002       - Convergence  S-false χ-true σ²- false
iDMRG Step: 56500     E: -1.2732395409825679  -1.2732395415195388  -1.2732395417074474  log₁₀ σ²(E): -4.3787     -8.1784     -8.1776     S: 0.6331150549832246   χmax: 44  χ: 44  log₁₀ truncation: -9.7464     Chain length: 113002       - Convergence  S-false χ-true σ²- false
iDMRG Step: 57000     E: -1.2732395409835939  -1.2732395415195552  -1.2732395417009270  log₁₀ σ²(E): -4.3825     -8.1790     -8.1403     S: 0.6329677470893288   χmax: 44  χ: 44  log₁₀ truncation: -9.7471     Chain length: 114002       - Convergence  S-false χ-true σ²- false
iDMRG Step: 57500     E: -1.2732395409844559  -1.2732395415197786  -1.2732395417083537  log₁₀ σ²(E): -4.3863     -8.1794     -8.1622     S: 0.6328422742514650   χmax: 44  χ: 44  log₁₀ truncation: -9.7477     Chain length: 115002       - Convergence  S-false χ-true σ²- false
iDMRG Step: 58000     E: -1.2732395409851771  -1.2732395415200102  -1.2732395416984494  log₁₀ σ²(E): -4.3901     -8.1798     -8.5436     S: 0.6327354128335571   χmax: 44  χ: 44  log₁₀ truncation: -9.7482     Chain length: 116002       - Convergence  S-false χ-true σ²- false
iDMRG Step: 58500     E: -1.2732395409857951  -1.2732395415198516  -1.2732395417103008  log₁₀ σ²(E): -4.3938     -8.1802     -7.9591     S: 0.6326444115362133   χmax: 44  χ: 44  log₁₀ truncation: -9.7486     Chain length: 117002       - Convergence  S-false χ-true σ²- false
iDMRG Step: 59000     E: -1.2732395409862989  -1.2732395415199416  -1.2732395416989974  log₁₀ σ²(E): -4.3975     -8.1805     -8.0328     S: 0.6325669231964731   χmax: 44  χ: 44  log₁₀ truncation: -9.7490     Chain length: 118002       - Convergence  S-false χ-true σ²- false
iDMRG Step: 59500     E: -1.2732395409867325  -1.2732395415201783  -1.2732395416901359  log₁₀ σ²(E): -4.4012     -8.1807     -8.0295     S: 0.6325009461975815   χmax: 44  χ: 44  log₁₀ truncation: -9.7493     Chain length: 119002       - Convergence  S-false χ-true σ²- false
iDMRG Step: 60000     E: -1.2732395409870876  -1.2732395415200686  -1.2732395416864684  log₁₀ σ²(E): -4.4048     -8.1809     -8.0246     S: 0.6324447739559010   χmax: 44  χ: 44  log₁₀ truncation: -9.7495     Chain length: 120002       - Convergence  S-false χ-true σ²- false
iDMRG Step: 60500     E: -1.2732395409874013  -1.2732395415201991  -1.2732395417024223  log₁₀ σ²(E): -4.4084     -8.1811     -8.2127     S: 0.6323969520266329   χmax: 44  χ: 44  log₁₀ truncation: -9.7497     Chain length: 121002       - Convergence  S-false χ-true σ²- false
iDMRG Step: 61000     E: -1.2732395409876691  -1.2732395415202205  -1.2732395417033839  log₁₀ σ²(E): -4.4120     -8.1812     -8.2829     S: 0.6323562409624397   χmax: 44  χ: 44  log₁₀ truncation: -9.7499     Chain length: 122002       - Convergence  S-false χ-true σ²- false
iDMRG Step: 61500     E: -1.2732395409878976  -1.2732395415201709  -1.2732395416922868  log₁₀ σ²(E): -4.4155     -8.1814     -7.9326     S: 0.6323215848248802   χmax: 44  χ: 44  log₁₀ truncation: -9.7501     Chain length: 123002       - Convergence  S-false χ-true σ²- false
iDMRG Step: 62000     E: -1.2732395409880832  -1.2732395415202458  -1.2732395416871340  log₁₀ σ²(E): -4.4191     -8.1815     -8.2039     S: 0.6322920839854534   χmax: 44  χ: 44  log₁₀ truncation: -9.7502     Chain length: 124002       - Convergence  S-false χ-true σ²- false
iDMRG Step: 62500     E: -1.2732395409882356  -1.2732395415202220  -1.2732395416953324  log₁₀ σ²(E): -4.4225     -8.1816     -8.4130     S: 0.6322669722605030   χmax: 44  χ: 44  log₁₀ truncation: -9.7503     Chain length: 125002       - Convergence  S-false χ-true σ²- false
iDMRG Step: 63000     E: -1.2732395409883779  -1.2732395415202737  -1.2732395417075655  log₁₀ σ²(E): -4.4260     -8.1816     -8.1387     S: 0.6322455971634440   χmax: 44  χ: 44  log₁₀ truncation: -9.7504     Chain length: 126002       - Convergence  S-false χ-true σ²- false
iDMRG Step: 63500     E: -1.2732395409884927  -1.2732395415203708  -1.2732395417058675  log₁₀ σ²(E): -4.4294     -8.1817     -8.3363     S: 0.6322274030665042   χmax: 44  χ: 44  log₁₀ truncation: -9.7505     Chain length: 127002       - Convergence  S-false χ-true σ²- false
iDMRG Step: 64000     E: -1.2732395409885904  -1.2732395415202249  -1.2732395416850384  log₁₀ σ²(E): -4.4328     -8.1818     -8.0031     S: 0.6322119169007319   χmax: 44  χ: 44  log₁₀ truncation: -9.7506     Chain length: 128002       - Convergence  S-false χ-true σ²- false
iDMRG Step: 64500     E: -1.2732395409886776  -1.2732395415203865  -1.2732395416855824  log₁₀ σ²(E): -4.4362     -8.1818     -8.1382     S: 0.6321987357690513   χmax: 44  χ: 44  log₁₀ truncation: -9.7506     Chain length: 129002       - Convergence  S-false χ-true σ²- false
iDMRG Step: 65000     E: -1.2732395409887503  -1.2732395415204014  -1.2732395417015414  log₁₀ σ²(E): -4.4396     -8.1819     -8.1954     S: 0.6321875167310991   χmax: 44  χ: 44  log₁₀ truncation: -9.7507     Chain length: 130002       - Convergence  S-false χ-true σ²- false
iDMRG Step: 65500     E: -1.2732395409888124  -1.2732395415202560  -1.2732395416988675  log₁₀ σ²(E): -4.4429     -8.1819     -8.3088     S: 0.6321779677891320   χmax: 44  χ: 44  log₁₀ truncation: -9.7507     Chain length: 131002       - Convergence  S-false χ-true σ²- false
iDMRG Step: 66000     E: -1.2732395409888564  -1.2732395415203037  -1.2732395417037983  log₁₀ σ²(E): -4.4462     -8.1819     -8.0137     S: 0.6321698404744953   χmax: 44  χ: 44  log₁₀ truncation: -9.7508     Chain length: 132002       - Convergence  S-false χ-true σ²- false
iDMRG Step: 66500     E: -1.2732395409889039  -1.2732395415204589  -1.2732395417056059  log₁₀ σ²(E): -4.4495     -8.1819     -8.3916     S: 0.6321629231171706   χmax: 44  χ: 44  log₁₀ truncation: -9.7508     Chain length: 133002       - Convergence  S-false χ-true σ²- false
iDMRG Step: 67000     E: -1.2732395409889437  -1.2732395415203261  -1.2732395417023570  log₁₀ σ²(E): -4.4527     -8.1820     -8.2501     S: 0.6321570357037369   χmax: 44  χ: 44  log₁₀ truncation: -9.7508     Chain length: 134002       - Convergence  S-false χ-true σ²- false
iDMRG Step: 67500     E: -1.2732395409889841  -1.2732395415203939  -1.2732395417016369  log₁₀ σ²(E): -4.4560     -8.1820     -8.4419     S: 0.6321520248630251   χmax: 44  χ: 44  log₁₀ truncation: -9.7509     Chain length: 135002       - Convergence  S-false χ-true σ²- false
iDMRG Step: 68000     E: -1.2732395409890103  -1.2732395415203248  -1.2732395416875129  log₁₀ σ²(E): -4.4592     -8.1820     -7.9800     S: 0.6321477600789888   χmax: 44  χ: 44  log₁₀ truncation: -9.7509     Chain length: 136002       - Convergence  S-false χ-true σ²- false
iDMRG Step: 68500     E: -1.2732395409890274  -1.2732395415201827  -1.2732395417000073  log₁₀ σ²(E): -4.4623     -8.1820     -8.1425     S: 0.6321441302715304   χmax: 44  χ: 44  log₁₀ truncation: -9.7509     Chain length: 137002       - Convergence  S-false χ-true σ²- false
iDMRG Step: 69000     E: -1.2732395409890440  -1.2732395415202813  -1.2732395417020153  log₁₀ σ²(E): -4.4655     -8.1820     -8.3944     S: 0.6321410409779779   χmax: 44  χ: 44  log₁₀ truncation: -9.7509     Chain length: 138002       - Convergence  S-false χ-true σ²- false
iDMRG Step: 69500     E: -1.2732395409890611  -1.2732395415202937  -1.2732395417033178  log₁₀ σ²(E): -4.4686     -8.1820     -8.1799     S: 0.6321384117211630   χmax: 44  χ: 44  log₁₀ truncation: -9.7509     Chain length: 139002       - Convergence  S-false χ-true σ²- false
iDMRG Step: 70000     E: -1.2732395409890762  -1.2732395415203561  -1.2732395416902120  log₁₀ σ²(E): -4.4718     -8.1820     -7.9409     S: 0.6321361739515520   χmax: 44  χ: 44  log₁₀ truncation: -9.7509     Chain length: 140002       - Convergence  S-false χ-true σ²- false
iDMRG Step: 70500     E: -1.2732395409890902  -1.2732395415202573  -1.2732395416988114  log₁₀ σ²(E): -4.4748     -8.1821     -7.8637     S: 0.6321342693866180   χmax: 44  χ: 44  log₁₀ truncation: -9.7509     Chain length: 141002       - Convergence  S-false χ-true σ²- false
iDMRG Step: 71000     E: -1.2732395409891011  -1.2732395415203621  -1.2732395417023574  log₁₀ σ²(E): -4.4779     -8.1821     -8.3916     S: 0.6321326484509453   χmax: 44  χ: 44  log₁₀ truncation: -9.7509     Chain length: 142002       - Convergence  S-false χ-true σ²- false
iDMRG Step: 71500     E: -1.2732395409891111  -1.2732395415203608  -1.2732395417032372  log₁₀ σ²(E): -4.4810     -8.1821     -8.1616     S: 0.6321312688746930   χmax: 44  χ: 44  log₁₀ truncation: -9.7509     Chain length: 143002       - Convergence  S-false χ-true σ²- false
iDMRG Step: 72000     E: -1.2732395409891131  -1.2732395415203721  -1.2732395416972995  log₁₀ σ²(E): -4.4840     -8.1821     -8.2705     S: 0.6321300947220634   χmax: 44  χ: 44  log₁₀ truncation: -9.7510     Chain length: 144002       - Convergence  S-false χ-true σ²- false
iDMRG Step: 72500     E: -1.2732395409891211  -1.2732395415204074  -1.2732395417006090  log₁₀ σ²(E): -4.4870     -8.1821     -8.0683     S: 0.6321290954368406   χmax: 44  χ: 44  log₁₀ truncation: -9.7510     Chain length: 145002       - Convergence  S-false χ-true σ²- false
iDMRG Step: 73000     E: -1.2732395409891299  -1.2732395415202289  -1.2732395416945506  log₁₀ σ²(E): -4.4900     -8.1821     -7.9183     S: 0.6321282449540937   χmax: 44  χ: 44  log₁₀ truncation: -9.7510     Chain length: 146002       - Convergence  S-false χ-true σ²- false
iDMRG Step: 73500     E: -1.2732395409891346  -1.2732395415202133  -1.2732395417060363  log₁₀ σ²(E): -4.4929     -8.1821     -8.0493     S: 0.6321275211069967   χmax: 44  χ: 44  log₁₀ truncation: -9.7510     Chain length: 147002       - Convergence  S-false χ-true σ²- false
iDMRG Step: 74000     E: -1.2732395409891355  -1.2732395415202973  -1.2732395417148279  log₁₀ σ²(E): -4.4959     -8.1821     -8.1140     S: 0.6321269050631085   χmax: 44  χ: 44  log₁₀ truncation: -9.7510     Chain length: 148002       - Convergence  S-false χ-true σ²- false
iDMRG Step: 74500     E: -1.2732395409891331  -1.2732395415203768  -1.2732395417022855  log₁₀ σ²(E): -4.4988     -8.1821     -7.8953     S: 0.6321263807230776   χmax: 44  χ: 44  log₁₀ truncation: -9.7510     Chain length: 149002       - Convergence  S-false χ-true σ²- false
iDMRG Step: 75000     E: -1.2732395409891455  -1.2732395415203701  -1.2732395417004390  log₁₀ σ²(E): -4.5017     -8.1821     -8.5560     S: 0.6321259344783494   χmax: 44  χ: 44  log₁₀ truncation: -9.7510     Chain length: 150002       - Convergence  S-false χ-true σ²- false
iDMRG Step: 75500     E: -1.2732395409891362  -1.2732395415203372  -1.2732395417133584  log₁₀ σ²(E): -4.5046     -8.1821     -7.9752     S: 0.6321255546734824   χmax: 44  χ: 44  log₁₀ truncation: -9.7510     Chain length: 151002       - Convergence  S-false χ-true σ²- false
iDMRG Step: 76000     E: -1.2732395409891399  -1.2732395415202737  -1.2732395417079840  log₁₀ σ²(E): -4.5075     -8.1821     -8.2964     S: 0.6321252314911416   χmax: 44  χ: 44  log₁₀ truncation: -9.7510     Chain length: 152002       - Convergence  S-false χ-true σ²- false
iDMRG Step: 76500     E: -1.2732395409891315  -1.2732395415203239  -1.2732395416884039  log₁₀ σ²(E): -4.5103     -8.1821     -8.3721     S: 0.6321249564339770   χmax: 44  χ: 44  log₁₀ truncation: -9.7510     Chain length: 153002       - Convergence  S-false χ-true σ²- false
iDMRG Step: 77000     E: -1.2732395409891448  -1.2732395415203650  -1.2732395417022062  log₁₀ σ²(E): -4.5131     -8.1821     -8.2274     S: 0.6321247223008961   χmax: 44  χ: 44  log₁₀ truncation: -9.7510     Chain length: 154002       - Convergence  S-false χ-true σ²- false
iDMRG Step: 77500     E: -1.2732395409891422  -1.2732395415202549  -1.2732395417134401  log₁₀ σ²(E): -4.5160     -8.1821     -8.3491     S: 0.6321245230362661   χmax: 44  χ: 44  log₁₀ truncation: -9.7510     Chain length: 155002       - Convergence  S-false χ-true σ²- false
iDMRG Step: 78000     E: -1.2732395409891410  -1.2732395415202937  -1.2732395417106337  log₁₀ σ²(E): -4.5187     -8.1821     -8.0761     S: 0.6321243535304917   χmax: 44  χ: 44  log₁₀ truncation: -9.7510     Chain length: 156002       - Convergence  S-false χ-true σ²- false
iDMRG Step: 78500     E: -1.2732395409891424  -1.2732395415204698  -1.2732395417047544  log₁₀ σ²(E): -4.5215     -8.1821     -9.0181     S: 0.6321242091464718   χmax: 44  χ: 44  log₁₀ truncation: -9.7510     Chain length: 157002       - Convergence  S-false χ-true σ²- false
iDMRG Step: 79000     E: -1.2732395409891477  -1.2732395415203286  -1.2732395417046900  log₁₀ σ²(E): -4.5243     -8.1821     -8.1713     S: 0.6321240862429083   χmax: 44  χ: 44  log₁₀ truncation: -9.7510     Chain length: 158002       - Convergence  S-false χ-true σ²- false
iDMRG Step: 79500     E: -1.2732395409891506  -1.2732395415204265  -1.2732395416959323  log₁₀ σ²(E): -4.5270     -8.1821     -8.0229     S: 0.6321239816847714   χmax: 44  χ: 44  log₁₀ truncation: -9.7510     Chain length: 159002       - Convergence  S-false χ-true σ²- false
iDMRG Step: 80000     E: -1.2732395409891555  -1.2732395415203752  -1.2732395416964024  log₁₀ σ²(E): -4.5297     -8.1821     -8.0683     S: 0.6321238927208966   χmax: 44  χ: 44  log₁₀ truncation: -9.7510     Chain length: 160002       - Convergence  S-false χ-true σ²- false
iDMRG Step: 80500     E: -1.2732395409891470  -1.2732395415202600  -1.2732395417029865  log₁₀ σ²(E): -4.5324     -8.1821     -7.9290     S: 0.6321238169710124   χmax: 44  χ: 44  log₁₀ truncation: -9.7510     Chain length: 161002       - Convergence  S-false χ-true σ²- false
iDMRG Step: 81000     E: -1.2732395409891522  -1.2732395415204114  -1.2732395417020477  log₁₀ σ²(E): -4.5351     -8.1821     -8.3551     S: 0.6321237524964823   χmax: 44  χ: 44  log₁₀ truncation: -9.7510     Chain length: 162002       - Convergence  S-false χ-true σ²- false
iDMRG Step: 81500     E: -1.2732395409891497  -1.2732395415202755  -1.2732395417047551  log₁₀ σ²(E): -4.5378     -8.1821     -8.1319     S: 0.6321236976122880   χmax: 44  χ: 44  log₁₀ truncation: -9.7510     Chain length: 163002       - Convergence  S-false χ-true σ²- false
iDMRG Step: 82000     E: -1.2732395409891544  -1.2732395415203337  -1.2732395416957558  log₁₀ σ²(E): -4.5405     -8.1821     -9.5744     S: 0.6321236509125207   χmax: 44  χ: 44  log₁₀ truncation: -9.7510     Chain length: 164002       - Convergence  S-false χ-true σ²- false
iDMRG Step: 82500     E: -1.2732395409891462  -1.2732395415203426  -1.2732395417061144  log₁₀ σ²(E): -4.5431     -8.1821     -8.2171     S: 0.6321236111833973   χmax: 44  χ: 44  log₁₀ truncation: -9.7510     Chain length: 165002       - Convergence  S-false χ-true σ²- false
iDMRG Step: 83000     E: -1.2732395409891482  -1.2732395415202991  -1.2732395417111462  log₁₀ σ²(E): -4.5457     -8.1821     -7.8965     S: 0.6321235773992626   χmax: 44  χ: 44  log₁₀ truncation: -9.7510     Chain length: 166002       - Convergence  S-false χ-true σ²- false
iDMRG Step: 83500     E: -1.2732395409891515  -1.2732395415202875  -1.2732395416946756  log₁₀ σ²(E): -4.5483     -8.1821     -7.8928     S: 0.6321235486461088   χmax: 44  χ: 44  log₁₀ truncation: -9.7510     Chain length: 167002       - Convergence  S-false χ-true σ²- false
iDMRG Step: 84000     E: -1.2732395409891437  -1.2732395415203945  -1.2732395417120967  log₁₀ σ²(E): -4.5509     -8.1821     -8.2995     S: 0.6321235241340718   χmax: 44  χ: 44  log₁₀ truncation: -9.7510     Chain length: 168002       - Convergence  S-false χ-true σ²- false

 -- Final results -- iDMRG
Iterations               = 84001
Energy MPO           = -1.2732395409891437
Energy HAM           = -1.2732395415203945
Energy MOM           = -1.2732395417120967
log₁₀ σ²(E) MPO:     = -4.550926
log₁₀ σ²(E) HAM:     = -8.182090
log₁₀ σ²(E) MOM:     = -8.299451
Entanglement Entropy = 0.6321235239707159
χmax                 = 44
χ                    = 44
log₁₀ truncation:    = -9.7510
Simulation converged : true
S slope              = -0.0000000000993331 true
σ² MPO slope         = 0.0000000000000000 false
σ² HAM slope         = 0.0000000000000000 true
σ² MOM slope         = -0.0000000000000971 true
χ                    = 44 true

+Total Time              : 23987.53902 s | 100.00000 %
↳ Store to file          : 0.00123    s |   0.00001 % 
↳ Printing to console    : 0.03095    s |   0.00013 % 
↳ Computing observables  : 10184.33913 s |  42.45679 % 
↳+Simulation             : 13242.89075 s |  55.20738 % 

 Simulation breakdown:
+Total                   13242.89075    s
↳ Optimize MPS           : 12936.94722 s |  97.68975 % 
↳ SVD Truncation         : 305.91591  s |   2.31004 % 
↳ Update Environments    : 557.32084  s |   4.20845 % 
↳ Check Convergence      : 0.90921    s |   0.00687 % 

Computing observables breakdown:
+Total                   10184.33913    s
↳ Energy (MPO)           : 0.24480    s |   0.00240 % 
↳ Energy (Ham)           : 17.99076   s |   0.17665 % 
↳ Energy (Gen)           : 0.00000    s |   0.00000 % 
↳ Variance (MPO)         : 2.42590    s |   0.02382 % 
↳ Variance (Ham)         : 5880.67560 s |  57.74234 % 
↳ Variance (Gen)         : 3570.57746 s |  35.05949 % 
↳ Ent. Entropy           : 0.82191    s |   0.00807 % 
↳ Temp1                  : 3562.08707 s |  34.97612 % 
↳ Temp2                  : 0.00000    s |   0.00000 % 
↳ Temp3                  : 0.00000    s |   0.00000 % 
↳ Temp4                  : 0.00000    s |   0.00000 % 
All algorithms finished.
Data written to file: "/home/david/Dropbox/PhD/Programming/DMRG++/DMRG++/output/fes_9.h5"
