Using Intel MKL with 1 thread(s)
Git Branch: study_finite_entanglement_scaling | Commit hash: d1054e6f | Revision: 278
Input argument [0] : condor_exec.exe
Input argument [1] : ../input/fes_4.cfg
Found input file: "/home/david/Dropbox/PhD/Programming/DMRG++/DMRG++/input/fes_4.cfg"
Loading line:     model::J                        = 1                         /*!< Ferromagnetic coupling. J < 0  Gives a ferromagnet. J > 0 an antiferromagnet. */
Loading line:     model::g                        = 1                         /*!< Transverse field strength */
Loading line:     model::d                        = 2                         /*!< Local dimension
Loading line:     model::initial_state            = rps                       /*!< Choose initial state of the MPS: {upup, updown, GHZ(upup+downdown), W(updown+downup), rps (random product state), random_chi (random state with bond dimension chi, only for iDMRG!)} "cat" or "random". Default "rps". */
Loading line:     precision::eigMaxIter           = 1000                      /*!< Maximum number of steps for eigenvalue solver. */
Loading line:     precision::eigThreshold         = 1e-10                     /*!< Minimum threshold for halting eigenvalue solver. */
Loading line:     precision::eigMaxNcv            = 16                        /*!< Parameter controlling the column space? of the Lanczos solver. 16 is close to optimum when chi = 16. Coincidence? */
Loading line:     precision::eigThreshold         = 1e-10                     /*!< Minimum threshold for halting eigenvalue solver. */
Loading line:     idmrg::on                       = true                      /*!< Turns iDMRG simulation on/off. */
Loading line:     idmrg::max_steps                = 500000                    /*!< Number of steps for the simulation. */
Loading line:     idmrg::chi_max                  = 24                        /*!< Bond dimension of the current position (maximum number of singular values to keep in SVD). */
Loading line:     idmrg::chi_grow                 = false                     /*!< Whether to increase chi slowly up to chi_max or go up to chi_max directly. */
Loading line:     idmrg::print_freq               = 500                       /*!< Print frequency for console output. (0 = off).*/
Loading line:     idmrg::store_freq               = 500                       /*!< Store frequency,for output file buffer. (0 = off). */
Loading line:     fdmrg::on                       = false                     /*!< Turns fDMRG simulation on/off. */
Loading line:     xdmrg::on                       = false                     /*!< Turns xDMRG simulation on/off. */
Loading line:     itebd::on                       = false                     /*!< Turns iTEBD simulation on/off. */
Loading line:     hdf5::save_to_file              = true                      /*!< (Not implemented yet) If true, saves the simulation data to an HDF5 file instead of just outputting to console */
Loading line:     hdf5::create_dir_if_not_found   = true                      /*!< If true, an output directory will be created in the project root folder if it isn't found */
Loading line:     hdf5::overwrite_file_if_found   = false                     /*!< If true, an hdf5-file with the provided filename will be overwritten if found in output_folder */
Loading line:     hdf5::output_filename           = fes_4.h5                  /*!< Name of the output HDF5 file. Without quotes! */
Loading line:     hdf5::output_folder             = output                    /*!< Path of the output HDF5 file */
Loading line:     hdf5::full_storage              = false                     /*!< (Not implemented yet) If true, saves more simulation data to file (such as explicit form of MPS). Set to false to reduce output file size. */
Loading line:     profiling::on                   = true                      /*!< If true, turns on profiling and timings will be shown on console. */
Loading line:     profiling::precision            = 5                         /*!< Sets precision (number of decimals) of time output. */
Loading line:     console::verbosity              = 1                         /*!< (PARTIALLY IMPLEMENTED) Level of verbosity desired [0-2]. Level 0 prints almost nothing, level 2 prints everything */
Loading line:     console::timestamp              = false                     /*!< (NOT IMPLEMENTED) Whether to put a timestamp on console outputs */
output_folder     = "output"
output_filename   = "fes_4.h5"
Directory already exists: "/home/david/Dropbox/PhD/Programming/DMRG++/DMRG++/output"
Creating new file: "/home/david/Dropbox/PhD/Programming/DMRG++/DMRG++/output/fes_4.h5"
Initializing random product state

Starting iDMRG simulation
iDMRG Step: 500       E: -1.2732424464590664  -1.2732392339306835  -1.2732392341184438  log₁₀ σ²(E): -2.3266     -6.9889     -7.0320     S: 0.7010192143228591   χmax: 24  χ: 24  log₁₀ truncation: -8.9193     Chain length: 1002         - Convergence  S-false χ-true σ²- false
iDMRG Step: 1000      E: -1.2732401844568240  -1.2732393798346198  -1.2732393800208799  log₁₀ σ²(E): -2.6272     -6.8127     -6.8496     S: 0.7557428964053949   χmax: 24  χ: 24  log₁₀ truncation: -8.5318     Chain length: 2002         - Convergence  S-false χ-true σ²- false
iDMRG Step: 1500      E: -1.2732397477015602  -1.2732394100442921  -1.2732394102383788  log₁₀ σ²(E): -2.8031     -6.7243     -6.7206     S: 0.7837126043753886   χmax: 24  χ: 24  log₁₀ truncation: -8.3772     Chain length: 3002         - Convergence  S-false χ-true σ²- false
iDMRG Step: 2000      E: -1.2732395890865886  -1.2732394200409667  -1.2732394202412165  log₁₀ σ²(E): -2.9280     -6.6745     -6.6663     S: 0.8002500748074932   χmax: 24  χ: 24  log₁₀ truncation: -8.2970     Chain length: 4002         - Convergence  S-false χ-true σ²- false
iDMRG Step: 2500      E: -1.2732395140933408  -1.2732394240657388  -1.2732394242541802  log₁₀ σ²(E): -3.0248     -6.6444     -6.6487     S: 0.8106193997761431   χmax: 24  χ: 24  log₁₀ truncation: -8.2505     Chain length: 5002         - Convergence  S-false χ-true σ²- false
iDMRG Step: 3000      E: -1.2732394733963994  -1.2732394258819890  -1.2732394260727524  log₁₀ σ²(E): -3.1040     -6.6253     -6.6264     S: 0.8173179562323124   χmax: 24  χ: 24  log₁₀ truncation: -8.2219     Chain length: 6002         - Convergence  S-false χ-true σ²- false
iDMRG Step: 3500      E: -1.2732394494845305  -1.2732394267718521  -1.2732394269616027  log₁₀ σ²(E): -3.1709     -6.6130     -6.6132     S: 0.8217167588014896   χmax: 24  χ: 24  log₁₀ truncation: -8.2036     Chain length: 7002         - Convergence  S-false χ-true σ²- false
iDMRG Step: 4000      E: -1.2732394347388258  -1.2732394272398069  -1.2732394274298915  log₁₀ σ²(E): -3.2289     -6.6049     -6.6057     S: 0.8246308197636684   χmax: 24  χ: 24  log₁₀ truncation: -8.1917     Chain length: 8002         - Convergence  S-false χ-true σ²- false
iDMRG Step: 4500      E: -1.2732394253656698  -1.2732394275041603  -1.2732394276929835  log₁₀ σ²(E): -3.2800     -6.5995     -6.6013     S: 0.8265674412323198   χmax: 24  χ: 24  log₁₀ truncation: -8.1839     Chain length: 9002         - Convergence  S-false χ-true σ²- false
iDMRG Step: 5000      E: -1.2732394192923830  -1.2732394276674939  -1.2732394278566186  log₁₀ σ²(E): -3.3257     -6.5960     -6.5997     S: 0.8278504548319027   χmax: 24  χ: 24  log₁₀ truncation: -8.1787     Chain length: 10002        - Convergence  S-false χ-true σ²- false
iDMRG Step: 5500      E: -1.2732394153113076  -1.2732394277828392  -1.2732394279730388  log₁₀ σ²(E): -3.3671     -6.5936     -6.5888     S: 0.8286882755429713   χmax: 24  χ: 24  log₁₀ truncation: -8.1753     Chain length: 11002        - Convergence  S-false χ-true σ²- false
iDMRG Step: 6000      E: -1.2732394126874749  -1.2732394278820420  -1.2732394280649155  log₁₀ σ²(E): -3.4049     -6.5921     -6.5940     S: 0.8292132057806967   χmax: 24  χ: 24  log₁₀ truncation: -8.1730     Chain length: 12002        - Convergence  S-false χ-true σ²- false
iDMRG Step: 6500      E: -1.2732394109613359  -1.2732394279887067  -1.2732394281737109  log₁₀ σ²(E): -3.4396     -6.5911     -6.5845     S: 0.8295043598857232   χmax: 24  χ: 24  log₁₀ truncation: -8.1715     Chain length: 13002        - Convergence  S-false χ-true σ²- false
iDMRG Step: 7000      E: -1.2732394098423843  -1.2732394281275936  -1.2732394283245940  log₁₀ σ²(E): -3.4718     -6.5906     -6.5912     S: 0.8296001178760232   χmax: 24  χ: 24  log₁₀ truncation: -8.1706     Chain length: 14002        - Convergence  S-false χ-true σ²- false
iDMRG Step: 7500      E: -1.2732394091493189  -1.2732394283300534  -1.2732394285201667  log₁₀ σ²(E): -3.5017     -6.5905     -6.5887     S: 0.8295028202503166   χmax: 24  χ: 24  log₁₀ truncation: -8.1701     Chain length: 15002        - Convergence  S-false χ-true σ²- false
iDMRG Step: 8000      E: -1.2732394087759471  -1.2732394286417406  -1.2732394288312143  log₁₀ σ²(E): -3.5297     -6.5907     -6.5925     S: 0.8291765066294897   χmax: 24  χ: 24  log₁₀ truncation: -8.1700     Chain length: 16002        - Convergence  S-false χ-true σ²- false
iDMRG Step: 8500      E: -1.2732394086731160  -1.2732394291314710  -1.2732394293255132  log₁₀ σ²(E): -3.5561     -6.5914     -6.5920     S: 0.8285370924085949   χmax: 24  χ: 24  log₁₀ truncation: -8.1703     Chain length: 17002        - Convergence  S-false χ-true σ²- false
iDMRG Step: 9000      E: -1.2732394088419119  -1.2732394299064933  -1.2732394300989962  log₁₀ σ²(E): -3.5809     -6.5927     -6.5934     S: 0.8274331530670591   χmax: 24  χ: 24  log₁₀ truncation: -8.1710     Chain length: 18002        - Convergence  S-false χ-true σ²- false
iDMRG Step: 9500      E: -1.2732394093361707  -1.2732394311258870  -1.2732394313164532  log₁₀ σ²(E): -3.6043     -6.5949     -6.5936     S: 0.8256145458051762   χmax: 24  χ: 24  log₁₀ truncation: -8.1723     Chain length: 19002        - Convergence  S-false χ-true σ²- false
iDMRG Step: 10000     E: -1.2732394102737525  -1.2732394330214696  -1.2732394332026395  log₁₀ σ²(E): -3.6266     -6.5986     -6.5928     S: 0.8226861430391881   χmax: 24  χ: 24  log₁₀ truncation: -8.1746     Chain length: 20002        - Convergence  S-false χ-true σ²- false
iDMRG Step: 10500     E: -1.2732394118558397  -1.2732394359063188  -1.2732394360890980  log₁₀ σ²(E): -3.6478     -6.6045     -6.6015     S: 0.8180475109411985   χmax: 24  χ: 24  log₁₀ truncation: -8.1784     Chain length: 21002        - Convergence  S-false χ-true σ²- false
iDMRG Step: 11000     E: -1.2732394143901276  -1.2732394401556872  -1.2732394403440717  log₁₀ σ²(E): -3.6680     -6.6137     -6.6124     S: 0.8108310461102942   χmax: 24  χ: 24  log₁₀ truncation: -8.1844     Chain length: 22002        - Convergence  S-false χ-true σ²- false
iDMRG Step: 11500     E: -1.2732394183040974  -1.2732394461248546  -1.2732394463121979  log₁₀ σ²(E): -3.6873     -6.6280     -6.6263     S: 0.7998799776982857   χmax: 24  χ: 24  log₁₀ truncation: -8.1940     Chain length: 23002        - Convergence  S-false χ-true σ²- false
iDMRG Step: 12000     E: -1.2732394241140326  -1.2732394539554792  -1.2732394541447454  log₁₀ σ²(E): -3.7057     -6.6493     -6.6510     S: 0.7838594661958398   χmax: 24  χ: 24  log₁₀ truncation: -8.2089     Chain length: 24002        - Convergence  S-false χ-true σ²- false
iDMRG Step: 12500     E: -1.2732394322880172  -1.2732394633769395  -1.2732394635655082  log₁₀ σ²(E): -3.7234     -6.6799     -6.6794     S: 0.7616430123915020   χmax: 24  χ: 24  log₁₀ truncation: -8.2313     Chain length: 25002        - Convergence  S-false χ-true σ²- false
iDMRG Step: 13000     E: -1.2732394429484284  -1.2732394735867079  -1.2732394737760071  log₁₀ σ²(E): -3.7405     -6.7214     -6.7190     S: 0.7330479072061366   χmax: 24  χ: 24  log₁₀ truncation: -8.2637     Chain length: 26002        - Convergence  S-false χ-true σ²- false
iDMRG Step: 13500     E: -1.2732394554963855  -1.2732394834671492  -1.2732394836729499  log₁₀ σ²(E): -3.7568     -6.7736     -6.7675     S: 0.6996260854260017   χmax: 24  χ: 24  log₁₀ truncation: -8.3077     Chain length: 27002        - Convergence  S-false χ-true σ²- false
iDMRG Step: 14000     E: -1.2732394685052579  -1.2732394920228072  -1.2732394922268082  log₁₀ σ²(E): -3.7726     -6.8342     -6.8341     S: 0.6647131105278744   χmax: 24  χ: 24  log₁₀ truncation: -8.3628     Chain length: 28002        - Convergence  S-false χ-true σ²- false
iDMRG Step: 14500     E: -1.2732394802143980  -1.2732394986988993  -1.2732394988801845  log₁₀ σ²(E): -3.7879     -6.8985     -6.8957     S: 0.6322148291611640   χmax: 24  χ: 24  log₁₀ truncation: -8.4253     Chain length: 29002        - Convergence  S-false χ-true σ²- false
iDMRG Step: 15000     E: -1.2732394893541679  -1.2732395034025297  -1.2732395035762565  log₁₀ σ²(E): -3.8026     -6.9607     -6.9521     S: 0.6049529207049962   χmax: 24  χ: 24  log₁₀ truncation: -8.4887     Chain length: 30002        - Convergence  S-false χ-true σ²- false
iDMRG Step: 15500     E: -1.2732394956125357  -1.2732395063927280  -1.2732395065814073  log₁₀ σ²(E): -3.8168     -7.0155     -7.0031     S: 0.5839261268910717   χmax: 24  χ: 24  log₁₀ truncation: -8.5464     Chain length: 31002        - Convergence  S-false χ-true σ²- false
iDMRG Step: 16000     E: -1.2732394994548824  -1.2732395081198655  -1.2732395083064638  log₁₀ σ²(E): -3.8306     -7.0596     -7.0539     S: 0.5686926851307151   χmax: 24  χ: 24  log₁₀ truncation: -8.5939     Chain length: 32002        - Convergence  S-false χ-true σ²- false
iDMRG Step: 16500     E: -1.2732395016036426  -1.2732395090333188  -1.2732395092224642  log₁₀ σ²(E): -3.8440     -7.0914     -7.0764     S: 0.5581180005185135   χmax: 24  χ: 24  log₁₀ truncation: -8.6291     Chain length: 33002        - Convergence  S-false χ-true σ²- false
iDMRG Step: 17000     E: -1.2732395020402005  -1.2732395096861437  -1.2732395098656526  log₁₀ σ²(E): -3.8569     -7.0800     -7.0759     S: 0.5490875457439106   χmax: 24  χ: 24  log₁₀ truncation: -8.6308     Chain length: 34002        - Convergence  S-false χ-true σ²- false
iDMRG Step: 17500     E: -1.2732395032199051  -1.2732395099912879  -1.2732395101690699  log₁₀ σ²(E): -3.8695     -7.1029     -7.1041     S: 0.5421030974971531   χmax: 24  χ: 24  log₁₀ truncation: -8.6616     Chain length: 35002        - Convergence  S-false χ-true σ²- false
iDMRG Step: 18000     E: -1.2732395023964851  -1.2732395095571978  -1.2732395097587654  log₁₀ σ²(E): -3.8817     -7.0489     -7.0835     S: 0.5374597353931047   χmax: 24  χ: 24  log₁₀ truncation: -8.6601     Chain length: 36002        - Convergence  S-false χ-true σ²- false
iDMRG Step: 18500     E: -1.2732395028952919  -1.2732395096683802  -1.2732395098370963  log₁₀ σ²(E): -3.8936     -7.0615     -7.0497     S: 0.5339456694524963   χmax: 24  χ: 24  log₁₀ truncation: -8.6771     Chain length: 37002        - Convergence  S-false χ-true σ²- false
iDMRG Step: 19000     E: -1.2732395031287509  -1.2732395097118379  -1.2732395098845297  log₁₀ σ²(E): -3.9052     -7.0689     -7.0607     S: 0.5319874857647472   χmax: 24  χ: 24  log₁₀ truncation: -8.6870     Chain length: 38002        - Convergence  S-false χ-true σ²- false
iDMRG Step: 19500     E: -1.2732395032427886  -1.2732395097301605  -1.2732395099126474  log₁₀ σ²(E): -3.9165     -7.0730     -7.0605     S: 0.5309010100040726   χmax: 24  χ: 24  log₁₀ truncation: -8.6926     Chain length: 39002        - Convergence  S-false χ-true σ²- false
iDMRG Step: 20000     E: -1.2732395033010875  -1.2732395097385787  -1.2732395099228371  log₁₀ σ²(E): -3.9275     -7.0753     -7.0584     S: 0.5302999710537043   χmax: 24  χ: 24  log₁₀ truncation: -8.6957     Chain length: 40002        - Convergence  S-false χ-true σ²- false
iDMRG Step: 20500     E: -1.2732395033318060  -1.2732395097426474  -1.2732395099285059  log₁₀ σ²(E): -3.9382     -7.0766     -7.0892     S: 0.5299680224647965   χmax: 24  χ: 24  log₁₀ truncation: -8.6974     Chain length: 41002        - Convergence  S-false χ-true σ²- false
iDMRG Step: 21000     E: -1.2732395033482895  -1.2732395097449918  -1.2732395099306899  log₁₀ σ²(E): -3.9487     -7.0773     -7.1112     S: 0.5297848568275400   χmax: 24  χ: 24  log₁₀ truncation: -8.6984     Chain length: 42002        - Convergence  S-false χ-true σ²- false
iDMRG Step: 21500     E: -1.2732395033572410  -1.2732395097458653  -1.2732395099435456  log₁₀ σ²(E): -3.9589     -7.0777     -7.0667     S: 0.5296838387744485   χmax: 24  χ: 24  log₁₀ truncation: -8.6989     Chain length: 43002        - Convergence  S-false χ-true σ²- false
iDMRG Step: 22000     E: -1.2732395033621451  -1.2732395097464957  -1.2732395099350340  log₁₀ σ²(E): -3.9688     -7.0779     -7.0792     S: 0.5296281415435798   χmax: 24  χ: 24  log₁₀ truncation: -8.6992     Chain length: 44002        - Convergence  S-false χ-true σ²- false
iDMRG Step: 22500     E: -1.2732395033648332  -1.2732395097466542  -1.2732395099254461  log₁₀ σ²(E): -3.9786     -7.0780     -7.0837     S: 0.5295974370463118   χmax: 24  χ: 24  log₁₀ truncation: -8.6993     Chain length: 45002        - Convergence  S-false χ-true σ²- false
iDMRG Step: 23000     E: -1.2732395033663151  -1.2732395097469549  -1.2732395099352811  log₁₀ σ²(E): -3.9881     -7.0781     -7.0809     S: 0.5295805118443825   χmax: 24  χ: 24  log₁₀ truncation: -8.6994     Chain length: 46002        - Convergence  S-false χ-true σ²- false
iDMRG Step: 23500     E: -1.2732395033671302  -1.2732395097470679  -1.2732395099310316  log₁₀ σ²(E): -3.9975     -7.0781     -7.0647     S: 0.5295711826306767   χmax: 24  χ: 24  log₁₀ truncation: -8.6995     Chain length: 47002        - Convergence  S-false χ-true σ²- false
iDMRG Step: 24000     E: -1.2732395033675701  -1.2732395097471279  -1.2732395099280183  log₁₀ σ²(E): -4.0066     -7.0781     -7.0668     S: 0.5295660404786010   χmax: 24  χ: 24  log₁₀ truncation: -8.6995     Chain length: 48002        - Convergence  S-false χ-true σ²- false
iDMRG Step: 24500     E: -1.2732395033678188  -1.2732395097471720  -1.2732395099229181  log₁₀ σ²(E): -4.0156     -7.0781     -7.0830     S: 0.5295632062123794   χmax: 24  χ: 24  log₁₀ truncation: -8.6995     Chain length: 49002        - Convergence  S-false χ-true σ²- false
iDMRG Step: 25000     E: -1.2732395033679522  -1.2732395097471372  -1.2732395099207550  log₁₀ σ²(E): -4.0243     -7.0781     -7.0745     S: 0.5295616440377094   χmax: 24  χ: 24  log₁₀ truncation: -8.6995     Chain length: 50002        - Convergence  S-false χ-true σ²- false
iDMRG Step: 25500     E: -1.2732395033680262  -1.2732395097471541  -1.2732395099331189  log₁₀ σ²(E): -4.0329     -7.0781     -7.0718     S: 0.5295607830044864   χmax: 24  χ: 24  log₁₀ truncation: -8.6995     Chain length: 51002        - Convergence  S-false χ-true σ²- false
iDMRG Step: 26000     E: -1.2732395033680692  -1.2732395097471056  -1.2732395099213418  log₁₀ σ²(E): -4.0414     -7.0781     -7.0933     S: 0.5295603084332358   χmax: 24  χ: 24  log₁₀ truncation: -8.6995     Chain length: 52002        - Convergence  S-false χ-true σ²- false
iDMRG Step: 26500     E: -1.2732395033680937  -1.2732395097472575  -1.2732395099349652  log₁₀ σ²(E): -4.0496     -7.0781     -7.0762     S: 0.5295600468557575   χmax: 24  χ: 24  log₁₀ truncation: -8.6995     Chain length: 53002        - Convergence  S-false χ-true σ²- false
iDMRG Step: 27000     E: -1.2732395033681005  -1.2732395097472446  -1.2732395099351810  log₁₀ σ²(E): -4.0577     -7.0781     -7.0657     S: 0.5295599026833566   χmax: 24  χ: 24  log₁₀ truncation: -8.6995     Chain length: 54002        - Convergence  S-false χ-true σ²- false
iDMRG Step: 27500     E: -1.2732395033681194  -1.2732395097471261  -1.2732395099273806  log₁₀ σ²(E): -4.0657     -7.0781     -7.0812     S: 0.5295598232243885   χmax: 24  χ: 24  log₁₀ truncation: -8.6995     Chain length: 55002        - Convergence  S-false χ-true σ²- false
iDMRG Step: 28000     E: -1.2732395033681121  -1.2732395097471600  -1.2732395099264671  log₁₀ σ²(E): -4.0735     -7.0781     -7.0724     S: 0.5295597794292257   χmax: 24  χ: 24  log₁₀ truncation: -8.6995     Chain length: 56002        - Convergence  S-false χ-true σ²- false
iDMRG Step: 28500     E: -1.2732395033681236  -1.2732395097472600  -1.2732395099347358  log₁₀ σ²(E): -4.0812     -7.0781     -7.0439     S: 0.5295597552959754   χmax: 24  χ: 24  log₁₀ truncation: -8.6995     Chain length: 57002        - Convergence  S-false χ-true σ²- false
iDMRG Step: 29000     E: -1.2732395033681192  -1.2732395097471942  -1.2732395099189251  log₁₀ σ²(E): -4.0888     -7.0781     -7.1345     S: 0.5295597419975365   χmax: 24  χ: 24  log₁₀ truncation: -8.6995     Chain length: 58002        - Convergence  S-false χ-true σ²- false
iDMRG Step: 29500     E: -1.2732395033681181  -1.2732395097472540  -1.2732395099323468  log₁₀ σ²(E): -4.0962     -7.0781     -7.1031     S: 0.5295597346727865   χmax: 24  χ: 24  log₁₀ truncation: -8.6995     Chain length: 59002        - Convergence  S-false χ-true σ²- false
iDMRG Step: 30000     E: -1.2732395033681223  -1.2732395097471891  -1.2732395099257610  log₁₀ σ²(E): -4.1035     -7.0781     -7.0717     S: 0.5295597306344667   χmax: 24  χ: 24  log₁₀ truncation: -8.6995     Chain length: 60002        - Convergence  S-false χ-true σ²- false
iDMRG Step: 30500     E: -1.2732395033681179  -1.2732395097471885  -1.2732395099429434  log₁₀ σ²(E): -4.1107     -7.0781     -7.0996     S: 0.5295597284003145   χmax: 24  χ: 24  log₁₀ truncation: -8.6995     Chain length: 61002        - Convergence  S-false χ-true σ²- false
iDMRG Step: 31000     E: -1.2732395033681232  -1.2732395097472451  -1.2732395099200040  log₁₀ σ²(E): -4.1177     -7.0781     -7.0910     S: 0.5295597271717839   χmax: 24  χ: 24  log₁₀ truncation: -8.6995     Chain length: 62002        - Convergence  S-false χ-true σ²- false

 -- Final results -- iDMRG
Iterations               = 31001
Energy MPO           = -1.2732395033681232
Energy HAM           = -1.2732395097472451
Energy MOM           = -1.2732395099200040
log₁₀ σ²(E) MPO:     = -4.117712
log₁₀ σ²(E) HAM:     = -7.078136
log₁₀ σ²(E) MOM:     = -7.090981
Entanglement Entropy = 0.5295597271735818
χmax                 = 24
χ                    = 24
log₁₀ truncation:    = -8.6995
Simulation converged : true
S slope              = -0.0000000000570625 true
σ² MPO slope         = 0.0000000000000000 false
σ² HAM slope         = -0.0000000000000000 true
σ² MOM slope         = -0.0000000000011612 true
χ                    = 24 true

+Total Time              : 1757.36334 s | 100.00000 %
↳ Store to file          : 0.00024    s |   0.00001 % 
↳ Printing to console    : 0.01208    s |   0.00069 % 
↳ Computing observables  : 168.17838  s |   9.56993 % 
↳+Simulation             : 1536.48862 s |  87.43147 % 

 Simulation breakdown:
+Total                   1536.48862    s
↳ Optimize MPS           : 1501.01947 s |  97.69154 % 
↳ SVD Truncation         : 35.45832   s |   2.30775 % 
↳ Update Environments    : 51.97484   s |   3.38270 % 
↳ Check Convergence      : 0.27364    s |   0.01781 % 

Computing observables breakdown:
+Total                   168.17838    s
↳ Energy (MPO)           : 0.02686    s |   0.01597 % 
↳ Energy (Ham)           : 0.42792    s |   0.25445 % 
↳ Energy (Gen)           : 0.00000    s |   0.00000 % 
↳ Variance (MPO)         : 0.28133    s |   0.16728 % 
↳ Variance (Ham)         : 74.23192   s |  44.13880 % 
↳ Variance (Gen)         : 77.22017   s |  45.91564 % 
↳ Ent. Entropy           : 0.24274    s |   0.14433 % 
↳ Temp1                  : 76.87728   s |  45.71175 % 
↳ Temp2                  : 0.00000    s |   0.00000 % 
↳ Temp3                  : 0.00000    s |   0.00000 % 
↳ Temp4                  : 0.00000    s |   0.00000 % 
All algorithms finished.
Data written to file: "/home/david/Dropbox/PhD/Programming/DMRG++/DMRG++/output/fes_4.h5"
