Using Intel MKL with 1 thread(s)
Git Branch: study_finite_entanglement_scaling | Commit hash: d1054e6f | Revision: 278
Input argument [0] : condor_exec.exe
Input argument [1] : ../input/fes_1.cfg
Found input file: "/home/david/Dropbox/PhD/Programming/DMRG++/DMRG++/input/fes_1.cfg"
Loading line:     model::J                        = 1                         /*!< Ferromagnetic coupling. J < 0  Gives a ferromagnet. J > 0 an antiferromagnet. */
Loading line:     model::g                        = 1                         /*!< Transverse field strength */
Loading line:     model::d                        = 2                         /*!< Local dimension
Loading line:     model::initial_state            = rps                       /*!< Choose initial state of the MPS: {upup, updown, GHZ(upup+downdown), W(updown+downup), rps (random product state), random_chi (random state with bond dimension chi, only for iDMRG!)} "cat" or "random". Default "rps". */
Loading line:     precision::eigMaxIter           = 1000                      /*!< Maximum number of steps for eigenvalue solver. */
Loading line:     precision::eigThreshold         = 1e-10                     /*!< Minimum threshold for halting eigenvalue solver. */
Loading line:     precision::eigMaxNcv            = 16                        /*!< Parameter controlling the column space? of the Lanczos solver. 16 is close to optimum when chi = 16. Coincidence? */
Loading line:     precision::eigThreshold         = 1e-10                     /*!< Minimum threshold for halting eigenvalue solver. */
Loading line:     idmrg::on                       = true                      /*!< Turns iDMRG simulation on/off. */
Loading line:     idmrg::max_steps                = 500000                    /*!< Number of steps for the simulation. */
Loading line:     idmrg::chi_max                  = 12                        /*!< Bond dimension of the current position (maximum number of singular values to keep in SVD). */
Loading line:     idmrg::chi_grow                 = false                     /*!< Whether to increase chi slowly up to chi_max or go up to chi_max directly. */
Loading line:     idmrg::print_freq               = 500                       /*!< Print frequency for console output. (0 = off).*/
Loading line:     idmrg::store_freq               = 500                       /*!< Store frequency,for output file buffer. (0 = off). */
Loading line:     fdmrg::on                       = false                     /*!< Turns fDMRG simulation on/off. */
Loading line:     xdmrg::on                       = false                     /*!< Turns xDMRG simulation on/off. */
Loading line:     itebd::on                       = false                     /*!< Turns iTEBD simulation on/off. */
Loading line:     hdf5::save_to_file              = true                      /*!< (Not implemented yet) If true, saves the simulation data to an HDF5 file instead of just outputting to console */
Loading line:     hdf5::create_dir_if_not_found   = true                      /*!< If true, an output directory will be created in the project root folder if it isn't found */
Loading line:     hdf5::overwrite_file_if_found   = false                     /*!< If true, an hdf5-file with the provided filename will be overwritten if found in output_folder */
Loading line:     hdf5::output_filename           = fes_1.h5                  /*!< Name of the output HDF5 file. Without quotes! */
Loading line:     hdf5::output_folder             = output                    /*!< Path of the output HDF5 file */
Loading line:     hdf5::full_storage              = false                     /*!< (Not implemented yet) If true, saves more simulation data to file (such as explicit form of MPS). Set to false to reduce output file size. */
Loading line:     profiling::on                   = true                      /*!< If true, turns on profiling and timings will be shown on console. */
Loading line:     profiling::precision            = 5                         /*!< Sets precision (number of decimals) of time output. */
Loading line:     console::verbosity              = 1                         /*!< (PARTIALLY IMPLEMENTED) Level of verbosity desired [0-2]. Level 0 prints almost nothing, level 2 prints everything */
Loading line:     console::timestamp              = false                     /*!< (NOT IMPLEMENTED) Whether to put a timestamp on console outputs */
output_folder     = "output"
output_filename   = "fes_1.h5"
Directory already exists: "/home/david/Dropbox/PhD/Programming/DMRG++/DMRG++/output"
Creating new file: "/home/david/Dropbox/PhD/Programming/DMRG++/DMRG++/output/fes_1.h5"
Initializing random product state

Starting iDMRG simulation
iDMRG Step: 500       E: -1.2732397345440132  -1.2732372091503481  -1.2732372094853865  log₁₀ σ²(E): -2.3264     -5.2964     -5.2963     S: 0.6807924713302094   χmax: 12  χ: 12  log₁₀ truncation: -6.9706     Chain length: 1002         - Convergence  S-false χ-true σ²- false
iDMRG Step: 1000      E: -1.2732376304048163  -1.2732375900832285  -1.2732375903532209  log₁₀ σ²(E): -2.6268     -5.4396     -5.4397     S: 0.7076074758264324   χmax: 12  χ: 12  log₁₀ truncation: -6.9035     Chain length: 2002         - Convergence  S-false χ-true σ²- false
iDMRG Step: 1500      E: -1.2732373270813380  -1.2732376182042358  -1.2732376184811434  log₁₀ σ²(E): -2.8026     -5.4252     -5.4252     S: 0.7089237914477551   χmax: 12  χ: 12  log₁₀ truncation: -6.8868     Chain length: 3002         - Convergence  S-false χ-true σ²- false
iDMRG Step: 2000      E: -1.2732373482305477  -1.2732377473256378  -1.2732377475983787  log₁₀ σ²(E): -2.9273     -5.4350     -5.4350     S: 0.6926166625107800   χmax: 12  χ: 12  log₁₀ truncation: -6.8943     Chain length: 4002         - Convergence  S-false χ-true σ²- false
iDMRG Step: 2500      E: -1.2732376513434682  -1.2732381389395959  -1.2732381392047476  log₁₀ σ²(E): -3.0240     -5.4779     -5.4780     S: 0.6280869047033641   χmax: 12  χ: 12  log₁₀ truncation: -6.9417     Chain length: 5002         - Convergence  S-false χ-true σ²- false
iDMRG Step: 3000      E: -1.2732387968174557  -1.2732390111371803  -1.2732390113718490  log₁₀ σ²(E): -3.1030     -5.7587     -5.7587     S: 0.4768262340051790   χmax: 12  χ: 12  log₁₀ truncation: -7.3326     Chain length: 6002         - Convergence  S-false χ-true σ²- false
iDMRG Step: 3500      E: -1.2732389747465049  -1.2732390732553449  -1.2732390734748766  log₁₀ σ²(E): -3.1699     -5.9065     -5.9065     S: 0.4318899262231482   χmax: 12  χ: 12  log₁₀ truncation: -7.5169     Chain length: 7002         - Convergence  S-false χ-true σ²- false
iDMRG Step: 4000      E: -1.2732389870095753  -1.2732390765446917  -1.2732390767621120  log₁₀ σ²(E): -3.2278     -5.9331     -5.9332     S: 0.4251497612345322   χmax: 12  χ: 12  log₁₀ truncation: -7.5501     Chain length: 8002         - Convergence  S-false χ-true σ²- false
iDMRG Step: 4500      E: -1.2732389882590773  -1.2732390768254347  -1.2732390770424340  log₁₀ σ²(E): -3.2789     -5.9367     -5.9367     S: 0.4242486805624801   χmax: 12  χ: 12  log₁₀ truncation: -7.5547     Chain length: 9002         - Convergence  S-false χ-true σ²- false
iDMRG Step: 5000      E: -1.2732389884162092  -1.2732390768594430  -1.2732390770765643  log₁₀ σ²(E): -3.3246     -5.9372     -5.9373     S: 0.4241301709619780   χmax: 12  χ: 12  log₁₀ truncation: -7.5553     Chain length: 10002        - Convergence  S-false χ-true σ²- false
iDMRG Step: 5500      E: -1.2732389884367112  -1.2732390768638506  -1.2732390770809234  log₁₀ σ²(E): -3.3659     -5.9373     -5.9374     S: 0.4241146185862990   χmax: 12  χ: 12  log₁₀ truncation: -7.5553     Chain length: 11002        - Convergence  S-false χ-true σ²- false
iDMRG Step: 6000      E: -1.2732389884393960  -1.2732390768644295  -1.2732390770814626  log₁₀ σ²(E): -3.4037     -5.9373     -5.9373     S: 0.4241125781845487   χmax: 12  χ: 12  log₁₀ truncation: -7.5554     Chain length: 12002        - Convergence  S-false χ-true σ²- false
iDMRG Step: 6500      E: -1.2732389884397486  -1.2732390768645001  -1.2732390770815518  log₁₀ σ²(E): -3.4384     -5.9373     -5.9374     S: 0.4241123105032810   χmax: 12  χ: 12  log₁₀ truncation: -7.5554     Chain length: 13002        - Convergence  S-false χ-true σ²- false
iDMRG Step: 7000      E: -1.2732389884397965  -1.2732390768645145  -1.2732390770815452  log₁₀ σ²(E): -3.4705     -5.9373     -5.9373     S: 0.4241122753860528   χmax: 12  χ: 12  log₁₀ truncation: -7.5554     Chain length: 14002        - Convergence  S-false χ-true σ²- false
iDMRG Step: 7500      E: -1.2732389884398010  -1.2732390768645165  -1.2732390770815247  log₁₀ σ²(E): -3.5004     -5.9373     -5.9373     S: 0.4241122707785226   χmax: 12  χ: 12  log₁₀ truncation: -7.5554     Chain length: 15002        - Convergence  S-false χ-true σ²- false
iDMRG Step: 8000      E: -1.2732389884397974  -1.2732390768645192  -1.2732390770815147  log₁₀ σ²(E): -3.5284     -5.9373     -5.9373     S: 0.4241122701749144   χmax: 12  χ: 12  log₁₀ truncation: -7.5554     Chain length: 16002        - Convergence  S-false χ-true σ²- false
iDMRG Step: 8500      E: -1.2732389884398028  -1.2732390768645128  -1.2732390770814410  log₁₀ σ²(E): -3.5547     -5.9373     -5.9373     S: 0.4241122700963399   χmax: 12  χ: 12  log₁₀ truncation: -7.5554     Chain length: 17002        - Convergence  S-false χ-true σ²- false
iDMRG Step: 9000      E: -1.2732389884398003  -1.2732390768645132  -1.2732390770816802  log₁₀ σ²(E): -3.5794     -5.9373     -5.9374     S: 0.4241122700863562   χmax: 12  χ: 12  log₁₀ truncation: -7.5554     Chain length: 18002        - Convergence  S-false χ-true σ²- false
iDMRG Step: 9500      E: -1.2732389884398025  -1.2732390768645132  -1.2732390770815032  log₁₀ σ²(E): -3.6029     -5.9373     -5.9372     S: 0.4241122700858504   χmax: 12  χ: 12  log₁₀ truncation: -7.5554     Chain length: 19002        - Convergence  S-false χ-true σ²- false
iDMRG Step: 10000     E: -1.2732389884398034  -1.2732390768645183  -1.2732390770815765  log₁₀ σ²(E): -3.6251     -5.9373     -5.9374     S: 0.4241122700859740   χmax: 12  χ: 12  log₁₀ truncation: -7.5554     Chain length: 20002        - Convergence  S-false χ-true σ²- false
iDMRG Step: 10500     E: -1.2732389884398037  -1.2732390768645181  -1.2732390770815500  log₁₀ σ²(E): -3.6462     -5.9373     -5.9374     S: 0.4241122700859238   χmax: 12  χ: 12  log₁₀ truncation: -7.5554     Chain length: 21002        - Convergence  S-false χ-true σ²- false

 -- Final results -- iDMRG
Iterations               = 10501
Energy MPO           = -1.2732389884398037
Energy HAM           = -1.2732390768645181
Energy MOM           = -1.2732390770815500
log₁₀ σ²(E) MPO:     = -3.646207
log₁₀ σ²(E) HAM:     = -5.937283
log₁₀ σ²(E) MOM:     = -5.937393
Entanglement Entropy = 0.4241122700859463
χmax                 = 12
χ                    = 12
log₁₀ truncation:    = -7.5554
Simulation converged : true
S slope              = -0.0000000000373875 true
σ² MPO slope         = 0.0000000000000000 false
σ² HAM slope         = -0.0000000000000004 true
σ² MOM slope         = -0.0000000000000059 true
χ                    = 12 true

+Total Time              : 93.97125   s | 100.00000 %
↳ Store to file          : 0.00005    s |   0.00005 % 
↳ Printing to console    : 0.00127    s |   0.00135 % 
↳ Computing observables  : 1.56057    s |   1.66069 % 
↳+Simulation             : 88.67492   s |  94.36388 % 

 Simulation breakdown:
+Total                   88.67492    s
↳ Optimize MPS           : 85.78009   s |  96.73545 % 
↳ SVD Truncation         : 2.89275    s |   3.26220 % 
↳ Update Environments    : 3.61927    s |   4.08150 % 
↳ Check Convergence      : 0.04877    s |   0.05500 % 

Computing observables breakdown:
+Total                   1.56057    s
↳ Energy (MPO)           : 0.00182    s |   0.11653 % 
↳ Energy (Ham)           : 0.00563    s |   0.36076 % 
↳ Energy (Gen)           : 0.00000    s |   0.00000 % 
↳ Variance (MPO)         : 0.01856    s |   1.18903 % 
↳ Variance (Ham)         : 0.59724    s |  38.27036 % 
↳ Variance (Gen)         : 0.78957    s |  50.59521 % 
↳ Ent. Entropy           : 0.04232    s |   2.71152 % 
↳ Temp1                  : 0.77845    s |  49.88213 % 
↳ Temp2                  : 0.00000    s |   0.00000 % 
↳ Temp3                  : 0.00000    s |   0.00000 % 
↳ Temp4                  : 0.00000    s |   0.00000 % 
All algorithms finished.
Data written to file: "/home/david/Dropbox/PhD/Programming/DMRG++/DMRG++/output/fes_1.h5"
