Using Intel MKL with 1 thread(s)
Git Branch: study_finite_entanglement_scaling | Commit hash: d1054e6f | Revision: 278
Input argument [0] : condor_exec.exe
Input argument [1] : ../input/fes_5.cfg
Found input file: "/home/david/Dropbox/PhD/Programming/DMRG++/DMRG++/input/fes_5.cfg"
Loading line:     model::J                        = 1                         /*!< Ferromagnetic coupling. J < 0  Gives a ferromagnet. J > 0 an antiferromagnet. */
Loading line:     model::g                        = 1                         /*!< Transverse field strength */
Loading line:     model::d                        = 2                         /*!< Local dimension
Loading line:     model::initial_state            = rps                       /*!< Choose initial state of the MPS: {upup, updown, GHZ(upup+downdown), W(updown+downup), rps (random product state), random_chi (random state with bond dimension chi, only for iDMRG!)} "cat" or "random". Default "rps". */
Loading line:     precision::eigMaxIter           = 1000                      /*!< Maximum number of steps for eigenvalue solver. */
Loading line:     precision::eigThreshold         = 1e-10                     /*!< Minimum threshold for halting eigenvalue solver. */
Loading line:     precision::eigMaxNcv            = 16                        /*!< Parameter controlling the column space? of the Lanczos solver. 16 is close to optimum when chi = 16. Coincidence? */
Loading line:     precision::eigThreshold         = 1e-10                     /*!< Minimum threshold for halting eigenvalue solver. */
Loading line:     idmrg::on                       = true                      /*!< Turns iDMRG simulation on/off. */
Loading line:     idmrg::max_steps                = 500000                    /*!< Number of steps for the simulation. */
Loading line:     idmrg::chi_max                  = 28                        /*!< Bond dimension of the current position (maximum number of singular values to keep in SVD). */
Loading line:     idmrg::chi_grow                 = false                     /*!< Whether to increase chi slowly up to chi_max or go up to chi_max directly. */
Loading line:     idmrg::print_freq               = 500                       /*!< Print frequency for console output. (0 = off).*/
Loading line:     idmrg::store_freq               = 500                       /*!< Store frequency,for output file buffer. (0 = off). */
Loading line:     fdmrg::on                       = false                     /*!< Turns fDMRG simulation on/off. */
Loading line:     xdmrg::on                       = false                     /*!< Turns xDMRG simulation on/off. */
Loading line:     itebd::on                       = false                     /*!< Turns iTEBD simulation on/off. */
Loading line:     hdf5::save_to_file              = true                      /*!< (Not implemented yet) If true, saves the simulation data to an HDF5 file instead of just outputting to console */
Loading line:     hdf5::create_dir_if_not_found   = true                      /*!< If true, an output directory will be created in the project root folder if it isn't found */
Loading line:     hdf5::overwrite_file_if_found   = false                     /*!< If true, an hdf5-file with the provided filename will be overwritten if found in output_folder */
Loading line:     hdf5::output_filename           = fes_5.h5                  /*!< Name of the output HDF5 file. Without quotes! */
Loading line:     hdf5::output_folder             = output                    /*!< Path of the output HDF5 file */
Loading line:     hdf5::full_storage              = false                     /*!< (Not implemented yet) If true, saves more simulation data to file (such as explicit form of MPS). Set to false to reduce output file size. */
Loading line:     profiling::on                   = true                      /*!< If true, turns on profiling and timings will be shown on console. */
Loading line:     profiling::precision            = 5                         /*!< Sets precision (number of decimals) of time output. */
Loading line:     console::verbosity              = 1                         /*!< (PARTIALLY IMPLEMENTED) Level of verbosity desired [0-2]. Level 0 prints almost nothing, level 2 prints everything */
Loading line:     console::timestamp              = false                     /*!< (NOT IMPLEMENTED) Whether to put a timestamp on console outputs */
output_folder     = "output"
output_filename   = "fes_5.h5"
Directory already exists: "/home/david/Dropbox/PhD/Programming/DMRG++/DMRG++/output"
Creating new file: "/home/david/Dropbox/PhD/Programming/DMRG++/DMRG++/output/fes_5.h5"
Initializing random product state

Starting iDMRG simulation
iDMRG Step: 500       E: -1.2732424877812498  -1.2732392753446149  -1.2732392755243200  log₁₀ σ²(E): -2.3266     -6.6770     -6.6747     S: 0.7011048686842214   χmax: 28  χ: 28  log₁₀ truncation: -9.2719     Chain length: 1002         - Convergence  S-false χ-true σ²- false
iDMRG Step: 1000      E: -1.2732402359200627  -1.2732394189790648  -1.2732394191527014  log₁₀ σ²(E): -2.6272     -6.9241     -6.9261     S: 0.7572880557328888   χmax: 28  χ: 28  log₁₀ truncation: -8.8638     Chain length: 2002         - Convergence  S-false χ-true σ²- false
iDMRG Step: 1500      E: -1.2732398048240663  -1.2732394481073548  -1.2732394483022220  log₁₀ σ²(E): -2.8031     -6.8659     -6.8701     S: 0.7872813778457932   χmax: 28  χ: 28  log₁₀ truncation: -8.6673     Chain length: 3002         - Convergence  S-false χ-true σ²- false
iDMRG Step: 2000      E: -1.2732396482696784  -1.2732394587672204  -1.2732394589560756  log₁₀ σ²(E): -2.9280     -6.8302     -6.8379     S: 0.8058020123350512   χmax: 28  χ: 28  log₁₀ truncation: -8.5625     Chain length: 4002         - Convergence  S-false χ-true σ²- false
iDMRG Step: 2500      E: -1.2732395734987778  -1.2732394636130038  -1.2732394637916351  log₁₀ σ²(E): -3.0249     -6.8067     -6.8083     S: 0.8179560190761496   χmax: 28  χ: 28  log₁₀ truncation: -8.4999     Chain length: 5002         - Convergence  S-false χ-true σ²- false
iDMRG Step: 3000      E: -1.2732395321255616  -1.2732394661212161  -1.2732394663065196  log₁₀ σ²(E): -3.1040     -6.7909     -6.7886     S: 0.8261895844662028   χmax: 28  χ: 28  log₁₀ truncation: -8.4600     Chain length: 6002         - Convergence  S-false χ-true σ²- false
iDMRG Step: 3500      E: -1.2732395071420608  -1.2732394675623828  -1.2732394677492973  log₁₀ σ²(E): -3.1709     -6.7801     -6.7819     S: 0.8318641070762689   χmax: 28  χ: 28  log₁₀ truncation: -8.4335     Chain length: 7002         - Convergence  S-false χ-true σ²- false
iDMRG Step: 4000      E: -1.2732394912123424  -1.2732394684883037  -1.2732394686569981  log₁₀ σ²(E): -3.2289     -6.7729     -6.7786     S: 0.8357962193509550   χmax: 28  χ: 28  log₁₀ truncation: -8.4155     Chain length: 8002         - Convergence  S-false χ-true σ²- false
iDMRG Step: 4500      E: -1.2732394807073122  -1.2732394691775393  -1.2732394693688691  log₁₀ σ²(E): -3.2800     -6.7683     -6.7681     S: 0.8384906709952148   χmax: 28  χ: 28  log₁₀ truncation: -8.4032     Chain length: 9002         - Convergence  S-false χ-true σ²- false
iDMRG Step: 5000      E: -1.2732394736532782  -1.2732394697979541  -1.2732394699912795  log₁₀ σ²(E): -3.3258     -6.7658     -6.7614     S: 0.8402525702460251   χmax: 28  χ: 28  log₁₀ truncation: -8.3948     Chain length: 10002        - Convergence  S-false χ-true σ²- false
iDMRG Step: 5500      E: -1.2732394689073723  -1.2732394704782735  -1.2732394706642376  log₁₀ σ²(E): -3.3671     -6.7651     -6.7624     S: 0.8412411735767393   χmax: 28  χ: 28  log₁₀ truncation: -8.3893     Chain length: 11002        - Convergence  S-false χ-true σ²- false
iDMRG Step: 6000      E: -1.2732394657863904  -1.2732394713439106  -1.2732394715296653  log₁₀ σ²(E): -3.4049     -6.7661     -6.7695     S: 0.8414895777504393   χmax: 28  χ: 28  log₁₀ truncation: -8.3860     Chain length: 12002        - Convergence  S-false χ-true σ²- false
iDMRG Step: 6500      E: -1.2732394638858975  -1.2732394725401119  -1.2732394727356995  log₁₀ σ²(E): -3.4397     -6.7690     -6.7654     S: 0.8409010362916081   χmax: 28  χ: 28  log₁₀ truncation: -8.3848     Chain length: 13002        - Convergence  S-false χ-true σ²- false
iDMRG Step: 7000      E: -1.2732394629879147  -1.2732394742356516  -1.2732394744213280  log₁₀ σ²(E): -3.4718     -6.7743     -6.7701     S: 0.8392276346398806   χmax: 28  χ: 28  log₁₀ truncation: -8.3856     Chain length: 14002        - Convergence  S-false χ-true σ²- false
iDMRG Step: 7500      E: -1.2732394630127737  -1.2732394766301753  -1.2732394768243982  log₁₀ σ²(E): -3.5018     -6.7826     -6.7900     S: 0.8360376164171914   χmax: 28  χ: 28  log₁₀ truncation: -8.3889     Chain length: 15002        - Convergence  S-false χ-true σ²- false
iDMRG Step: 8000      E: -1.2732394639920979  -1.2732394799186473  -1.2732394801047340  log₁₀ σ²(E): -3.5298     -6.7947     -6.7925     S: 0.8306845755270656   χmax: 28  χ: 28  log₁₀ truncation: -8.3952     Chain length: 16002        - Convergence  S-false χ-true σ²- false
iDMRG Step: 8500      E: -1.2732394660457802  -1.2732394842332488  -1.2732394844150789  log₁₀ σ²(E): -3.5561     -6.8117     -6.8099     S: 0.8223075180687885   χmax: 28  χ: 28  log₁₀ truncation: -8.4057     Chain length: 17002        - Convergence  S-false χ-true σ²- false
iDMRG Step: 9000      E: -1.2732394693438720  -1.2732394895563042  -1.2732394897447181  log₁₀ σ²(E): -3.5809     -6.8350     -6.8362     S: 0.8099150541898985   χmax: 28  χ: 28  log₁₀ truncation: -8.4217     Chain length: 18002        - Convergence  S-false χ-true σ²- false
iDMRG Step: 9500      E: -1.2732394740307627  -1.2732394956236586  -1.2732394957930164  log₁₀ σ²(E): -3.6044     -6.8655     -6.8456     S: 0.7926240952210502   χmax: 28  χ: 28  log₁₀ truncation: -8.4450     Chain length: 19002        - Convergence  S-false χ-true σ²- false
iDMRG Step: 10000     E: -1.2732394800979154  -1.2732395019296028  -1.2732395021173346  log₁₀ σ²(E): -3.6267     -6.9040     -6.9005     S: 0.7700850130132982   χmax: 28  χ: 28  log₁₀ truncation: -8.4772     Chain length: 20002        - Convergence  S-false χ-true σ²- false
iDMRG Step: 10500     E: -1.2732394872390471  -1.2732395078640744  -1.2732395080570307  log₁₀ σ²(E): -3.6479     -6.9500     -6.9455     S: 0.7429638190475122   χmax: 28  χ: 28  log₁₀ truncation: -8.5190     Chain length: 21002        - Convergence  S-false χ-true σ²- false
iDMRG Step: 11000     E: -1.2732394948224535  -1.2732395129792162  -1.2732395131516321  log₁₀ σ²(E): -3.6680     -7.0027     -7.0109     S: 0.7131160143430221   χmax: 28  χ: 28  log₁₀ truncation: -8.5689     Chain length: 22002        - Convergence  S-false χ-true σ²- false
iDMRG Step: 11500     E: -1.2732395020885376  -1.2732395171134461  -1.2732395172996405  log₁₀ σ²(E): -3.6873     -7.0600     -7.0510     S: 0.6831419361561365   χmax: 28  χ: 28  log₁₀ truncation: -8.6250     Chain length: 23002        - Convergence  S-false χ-true σ²- false
iDMRG Step: 12000     E: -1.2732395083843941  -1.2732395202519751  -1.2732395204507472  log₁₀ σ²(E): -3.7058     -7.1183     -7.1135     S: 0.6555442072240426   χmax: 28  χ: 28  log₁₀ truncation: -8.6849     Chain length: 24002        - Convergence  S-false χ-true σ²- false
iDMRG Step: 12500     E: -1.2732395133262329  -1.2732395224805275  -1.2732395226636601  log₁₀ σ²(E): -3.7236     -7.1731     -7.1750     S: 0.6319903964755342   χmax: 28  χ: 28  log₁₀ truncation: -8.7447     Chain length: 25002        - Convergence  S-false χ-true σ²- false
iDMRG Step: 13000     E: -1.2732395168730202  -1.2732395239678151  -1.2732395241438070  log₁₀ σ²(E): -3.7406     -7.2216     -7.2081     S: 0.6130689240384291   χmax: 28  χ: 28  log₁₀ truncation: -8.8000     Chain length: 26002        - Convergence  S-false χ-true σ²- false
iDMRG Step: 13500     E: -1.2732395192371069  -1.2732395249051018  -1.2732395250856328  log₁₀ σ²(E): -3.7570     -7.2622     -7.2451     S: 0.5985395305053367   χmax: 28  χ: 28  log₁₀ truncation: -8.8477     Chain length: 27002        - Convergence  S-false χ-true σ²- false
iDMRG Step: 14000     E: -1.2732395207275524  -1.2732395254667936  -1.2732395256420117  log₁₀ σ²(E): -3.7728     -7.2946     -7.3354     S: 0.5877383140981384   χmax: 28  χ: 28  log₁₀ truncation: -8.8865     Chain length: 28002        - Convergence  S-false χ-true σ²- false
iDMRG Step: 14500     E: -1.2732395216332464  -1.2732395257905271  -1.2732395259739921  log₁₀ σ²(E): -3.7880     -7.3195     -7.3128     S: 0.5798906251195108   χmax: 28  χ: 28  log₁₀ truncation: -8.9166     Chain length: 29002        - Convergence  S-false χ-true σ²- false
iDMRG Step: 15000     E: -1.2732395221733199  -1.2732395259719063  -1.2732395261554508  log₁₀ σ²(E): -3.8027     -7.3380     -7.3422     S: 0.5742805427986377   χmax: 28  χ: 28  log₁₀ truncation: -8.9393     Chain length: 30002        - Convergence  S-false χ-true σ²- false
iDMRG Step: 15500     E: -1.2732395224942916  -1.2732395260725808  -1.2732395262567908  log₁₀ σ²(E): -3.8170     -7.3515     -7.3513     S: 0.5703158195130986   χmax: 28  χ: 28  log₁₀ truncation: -8.9558     Chain length: 31002        - Convergence  S-false χ-true σ²- false
iDMRG Step: 16000     E: -1.2732395226866773  -1.2732395261284237  -1.2732395263119780  log₁₀ σ²(E): -3.8307     -7.3611     -7.3692     S: 0.5675365539285946   χmax: 28  χ: 28  log₁₀ truncation: -8.9677     Chain length: 32002        - Convergence  S-false χ-true σ²- false
iDMRG Step: 16500     E: -1.2732395228039066  -1.2732395261597849  -1.2732395263408784  log₁₀ σ²(E): -3.8441     -7.3679     -7.3828     S: 0.5655994092814932   χmax: 28  χ: 28  log₁₀ truncation: -8.9761     Chain length: 33002        - Convergence  S-false χ-true σ²- false
iDMRG Step: 17000     E: -1.2732395228768008  -1.2732395261777625  -1.2732395263620242  log₁₀ σ²(E): -3.8571     -7.3727     -7.3681     S: 0.5642546319325066   χmax: 28  χ: 28  log₁₀ truncation: -8.9820     Chain length: 34002        - Convergence  S-false χ-true σ²- false
iDMRG Step: 17500     E: -1.2732395229230682  -1.2732395261884042  -1.2732395263658249  log₁₀ σ²(E): -3.8696     -7.3760     -7.4049     S: 0.5633236928985649   χmax: 28  χ: 28  log₁₀ truncation: -8.9861     Chain length: 35002        - Convergence  S-false χ-true σ²- false
iDMRG Step: 18000     E: -1.2732395229529869  -1.2732395261947911  -1.2732395263904277  log₁₀ σ²(E): -3.8819     -7.3783     -7.4423     S: 0.5626804940081412   χmax: 28  χ: 28  log₁₀ truncation: -8.9889     Chain length: 36002        - Convergence  S-false χ-true σ²- false
iDMRG Step: 18500     E: -1.2732395229726468  -1.2732395261988487  -1.2732395263993928  log₁₀ σ²(E): -3.8938     -7.3799     -7.4368     S: 0.5622366992612651   χmax: 28  χ: 28  log₁₀ truncation: -8.9909     Chain length: 37002        - Convergence  S-false χ-true σ²- false
iDMRG Step: 19000     E: -1.2732395229857245  -1.2732395262012790  -1.2732395263861804  log₁₀ σ²(E): -3.9054     -7.3810     -7.3867     S: 0.5619307757586208   χmax: 28  χ: 28  log₁₀ truncation: -8.9923     Chain length: 38002        - Convergence  S-false χ-true σ²- false
iDMRG Step: 19500     E: -1.2732395229945022  -1.2732395262029961  -1.2732395263993823  log₁₀ σ²(E): -3.9166     -7.3818     -7.5262     S: 0.5617200280054191   χmax: 28  χ: 28  log₁₀ truncation: -8.9932     Chain length: 39002        - Convergence  S-false χ-true σ²- false
iDMRG Step: 20000     E: -1.2732395230004405  -1.2732395262040925  -1.2732395263764225  log₁₀ σ²(E): -3.9276     -7.3823     -7.3667     S: 0.5615749105795523   χmax: 28  χ: 28  log₁₀ truncation: -8.9939     Chain length: 40002        - Convergence  S-false χ-true σ²- false
iDMRG Step: 20500     E: -1.2732395230044744  -1.2732395262047764  -1.2732395263853888  log₁₀ σ²(E): -3.9383     -7.3827     -7.3750     S: 0.5614750158009044   χmax: 28  χ: 28  log₁₀ truncation: -8.9943     Chain length: 41002        - Convergence  S-false χ-true σ²- false
iDMRG Step: 21000     E: -1.2732395230072322  -1.2732395262052689  -1.2732395263892458  log₁₀ σ²(E): -3.9488     -7.3829     -7.3773     S: 0.5614062655808054   χmax: 28  χ: 28  log₁₀ truncation: -8.9947     Chain length: 42002        - Convergence  S-false χ-true σ²- false
iDMRG Step: 21500     E: -1.2732395230091107  -1.2732395262056124  -1.2732395263922520  log₁₀ σ²(E): -3.9590     -7.3831     -7.4053     S: 0.5613589567546267   χmax: 28  χ: 28  log₁₀ truncation: -8.9949     Chain length: 43002        - Convergence  S-false χ-true σ²- false
iDMRG Step: 22000     E: -1.2732395230104017  -1.2732395262059146  -1.2732395263998726  log₁₀ σ²(E): -3.9690     -7.3832     -7.4209     S: 0.5613264055813697   χmax: 28  χ: 28  log₁₀ truncation: -8.9950     Chain length: 44002        - Convergence  S-false χ-true σ²- false
iDMRG Step: 22500     E: -1.2732395230112812  -1.2732395262059750  -1.2732395263905985  log₁₀ σ²(E): -3.9788     -7.3833     -7.3843     S: 0.5613040100505987   χmax: 28  χ: 28  log₁₀ truncation: -8.9951     Chain length: 45002        - Convergence  S-false χ-true σ²- false
iDMRG Step: 23000     E: -1.2732395230118940  -1.2732395262060252  -1.2732395263908698  log₁₀ σ²(E): -3.9883     -7.3834     -7.3451     S: 0.5612886024043475   χmax: 28  χ: 28  log₁₀ truncation: -8.9952     Chain length: 46002        - Convergence  S-false χ-true σ²- false
iDMRG Step: 23500     E: -1.2732395230123117  -1.2732395262062766  -1.2732395263951402  log₁₀ σ²(E): -3.9976     -7.3834     -7.3096     S: 0.5612780026485251   χmax: 28  χ: 28  log₁₀ truncation: -8.9952     Chain length: 47002        - Convergence  S-false χ-true σ²- false
iDMRG Step: 24000     E: -1.2732395230125952  -1.2732395262060789  -1.2732395263883713  log₁₀ σ²(E): -4.0068     -7.3834     -7.3595     S: 0.5612707106584969   χmax: 28  χ: 28  log₁₀ truncation: -8.9953     Chain length: 48002        - Convergence  S-false χ-true σ²- false
iDMRG Step: 24500     E: -1.2732395230127964  -1.2732395262062495  -1.2732395263877943  log₁₀ σ²(E): -4.0157     -7.3834     -7.3902     S: 0.5612656942875158   χmax: 28  χ: 28  log₁₀ truncation: -8.9953     Chain length: 49002        - Convergence  S-false χ-true σ²- false
iDMRG Step: 25000     E: -1.2732395230129259  -1.2732395262062661  -1.2732395263921983  log₁₀ σ²(E): -4.0245     -7.3834     -7.3840     S: 0.5612622434262335   χmax: 28  χ: 28  log₁₀ truncation: -8.9953     Chain length: 50002        - Convergence  S-false χ-true σ²- false
iDMRG Step: 25500     E: -1.2732395230130209  -1.2732395262062666  -1.2732395263909064  log₁₀ σ²(E): -4.0331     -7.3835     -7.3783     S: 0.5612598695286917   χmax: 28  χ: 28  log₁₀ truncation: -8.9953     Chain length: 51002        - Convergence  S-false χ-true σ²- false
iDMRG Step: 26000     E: -1.2732395230130948  -1.2732395262064746  -1.2732395263896608  log₁₀ σ²(E): -4.0415     -7.3835     -7.4018     S: 0.5612582364904285   χmax: 28  χ: 28  log₁₀ truncation: -8.9953     Chain length: 52002        - Convergence  S-false χ-true σ²- false
iDMRG Step: 26500     E: -1.2732395230131321  -1.2732395262063476  -1.2732395263727028  log₁₀ σ²(E): -4.0498     -7.3835     -7.4325     S: 0.5612571130972790   χmax: 28  χ: 28  log₁₀ truncation: -8.9953     Chain length: 53002        - Convergence  S-false χ-true σ²- false
iDMRG Step: 27000     E: -1.2732395230131681  -1.2732395262063294  -1.2732395263902556  log₁₀ σ²(E): -4.0579     -7.3835     -7.3905     S: 0.5612563403072047   χmax: 28  χ: 28  log₁₀ truncation: -8.9953     Chain length: 54002        - Convergence  S-false χ-true σ²- false
iDMRG Step: 27500     E: -1.2732395230131865  -1.2732395262062979  -1.2732395263957859  log₁₀ σ²(E): -4.0659     -7.3835     -7.3815     S: 0.5612558087028383   χmax: 28  χ: 28  log₁₀ truncation: -8.9953     Chain length: 55002        - Convergence  S-false χ-true σ²- false
iDMRG Step: 28000     E: -1.2732395230132019  -1.2732395262062106  -1.2732395263753691  log₁₀ σ²(E): -4.0737     -7.3835     -7.3793     S: 0.5612554429892698   χmax: 28  χ: 28  log₁₀ truncation: -8.9953     Chain length: 56002        - Convergence  S-false χ-true σ²- false
iDMRG Step: 28500     E: -1.2732395230132081  -1.2732395262062699  -1.2732395263888667  log₁₀ σ²(E): -4.0814     -7.3835     -7.3701     S: 0.5612551914080710   χmax: 28  χ: 28  log₁₀ truncation: -8.9953     Chain length: 57002        - Convergence  S-false χ-true σ²- false
iDMRG Step: 29000     E: -1.2732395230132190  -1.2732395262062759  -1.2732395263843284  log₁₀ σ²(E): -4.0890     -7.3835     -7.3365     S: 0.5612550183547178   χmax: 28  χ: 28  log₁₀ truncation: -8.9953     Chain length: 58002        - Convergence  S-false χ-true σ²- false
iDMRG Step: 29500     E: -1.2732395230132210  -1.2732395262064169  -1.2732395263852294  log₁₀ σ²(E): -4.0964     -7.3835     -7.3886     S: 0.5612548993159006   χmax: 28  χ: 28  log₁₀ truncation: -8.9953     Chain length: 59002        - Convergence  S-false χ-true σ²- false
iDMRG Step: 30000     E: -1.2732395230132263  -1.2732395262064193  -1.2732395263827725  log₁₀ σ²(E): -4.1037     -7.3835     -7.4146     S: 0.5612548174146939   χmax: 28  χ: 28  log₁₀ truncation: -8.9953     Chain length: 60002        - Convergence  S-false χ-true σ²- false
iDMRG Step: 30500     E: -1.2732395230132254  -1.2732395262062917  -1.2732395263881902  log₁₀ σ²(E): -4.1108     -7.3835     -7.3753     S: 0.5612547610738827   χmax: 28  χ: 28  log₁₀ truncation: -8.9953     Chain length: 61002        - Convergence  S-false χ-true σ²- false
iDMRG Step: 31000     E: -1.2732395230132261  -1.2732395262065224  -1.2732395263910301  log₁₀ σ²(E): -4.1179     -7.3835     -7.3851     S: 0.5612547222982011   χmax: 28  χ: 28  log₁₀ truncation: -8.9953     Chain length: 62002        - Convergence  S-false χ-true σ²- false
iDMRG Step: 31500     E: -1.2732395230132330  -1.2732395262061678  -1.2732395263764582  log₁₀ σ²(E): -4.1249     -7.3835     -7.3379     S: 0.5612546956233253   χmax: 28  χ: 28  log₁₀ truncation: -8.9953     Chain length: 63002        - Convergence  S-false χ-true σ²- false
iDMRG Step: 32000     E: -1.2732395230132318  -1.2732395262066396  -1.2732395263826748  log₁₀ σ²(E): -4.1317     -7.3835     -7.4078     S: 0.5612546773007165   χmax: 28  χ: 28  log₁₀ truncation: -8.9953     Chain length: 64002        - Convergence  S-false χ-true σ²- false
iDMRG Step: 32500     E: -1.2732395230132325  -1.2732395262063094  -1.2732395263969141  log₁₀ σ²(E): -4.1384     -7.3835     -7.3507     S: 0.5612546646726337   χmax: 28  χ: 28  log₁₀ truncation: -8.9953     Chain length: 65002        - Convergence  S-false χ-true σ²- false
iDMRG Step: 33000     E: -1.2732395230132303  -1.2732395262063909  -1.2732395263922325  log₁₀ σ²(E): -4.1451     -7.3835     -7.3910     S: 0.5612546559781693   χmax: 28  χ: 28  log₁₀ truncation: -8.9953     Chain length: 66002        - Convergence  S-false χ-true σ²- false
iDMRG Step: 33500     E: -1.2732395230132352  -1.2732395262063505  -1.2732395263971259  log₁₀ σ²(E): -4.1516     -7.3835     -7.3952     S: 0.5612546499964871   χmax: 28  χ: 28  log₁₀ truncation: -8.9953     Chain length: 67002        - Convergence  S-false χ-true σ²- false

 -- Final results -- iDMRG
Iterations               = 33501
Energy MPO           = -1.2732395230132352
Energy HAM           = -1.2732395262063505
Energy MOM           = -1.2732395263971259
log₁₀ σ²(E) MPO:     = -4.151581
log₁₀ σ²(E) HAM:     = -7.383477
log₁₀ σ²(E) MOM:     = -7.395210
Entanglement Entropy = 0.5612546500062950
χmax                 = 28
χ                    = 28
log₁₀ truncation:    = -8.9953
Simulation converged : true
S slope              = -0.0000000000734581 true
σ² MPO slope         = 0.0000000000000000 false
σ² HAM slope         = -0.0000000000000000 true
σ² MOM slope         = -0.0000000000003389 true
χ                    = 28 true

+Total Time              : 2802.85258 s | 100.00000 %
↳ Store to file          : 0.00037    s |   0.00001 % 
↳ Printing to console    : 0.02745    s |   0.00098 % 
↳ Computing observables  : 410.68680  s |  14.65246 % 
↳+Simulation             : 2309.03692 s |  82.38168 % 

 Simulation breakdown:
+Total                   2309.03692    s
↳ Optimize MPS           : 2253.60243 s |  97.59924 % 
↳ SVD Truncation         : 55.42277   s |   2.40026 % 
↳ Update Environments    : 82.19869   s |   3.55987 % 
↳ Check Convergence      : 0.32475    s |   0.01406 % 

Computing observables breakdown:
+Total                   410.68680    s
↳ Energy (MPO)           : 0.03710    s |   0.00903 % 
↳ Energy (Ham)           : 0.85752    s |   0.20880 % 
↳ Energy (Gen)           : 0.00000    s |   0.00000 % 
↳ Variance (MPO)         : 0.38477    s |   0.09369 % 
↳ Variance (Ham)         : 200.35067  s |  48.78430 % 
↳ Variance (Gen)         : 175.61033  s |  42.76016 % 
↳ Ent. Entropy           : 0.29148    s |   0.07097 % 
↳ Temp1                  : 175.07041  s |  42.62869 % 
↳ Temp2                  : 0.00000    s |   0.00000 % 
↳ Temp3                  : 0.00000    s |   0.00000 % 
↳ Temp4                  : 0.00000    s |   0.00000 % 
All algorithms finished.
Data written to file: "/home/david/Dropbox/PhD/Programming/DMRG++/DMRG++/output/fes_5.h5"
