Using Intel MKL with 1 thread(s)
Git Branch: study_finite_entanglement_scaling | Commit hash: d1054e6f | Revision: 278
Input argument [0] : condor_exec.exe
Input argument [1] : ../input/fes_0.cfg
Found input file: "/home/david/Dropbox/PhD/Programming/DMRG++/DMRG++/input/fes_0.cfg"
Loading line:     model::J                        = 1                         /*!< Ferromagnetic coupling. J < 0  Gives a ferromagnet. J > 0 an antiferromagnet. */
Loading line:     model::g                        = 1                         /*!< Transverse field strength */
Loading line:     model::d                        = 2                         /*!< Local dimension
Loading line:     model::initial_state            = rps                       /*!< Choose initial state of the MPS: {upup, updown, GHZ(upup+downdown), W(updown+downup), rps (random product state), random_chi (random state with bond dimension chi, only for iDMRG!)} "cat" or "random". Default "rps". */
Loading line:     precision::eigMaxIter           = 1000                      /*!< Maximum number of steps for eigenvalue solver. */
Loading line:     precision::eigThreshold         = 1e-10                     /*!< Minimum threshold for halting eigenvalue solver. */
Loading line:     precision::eigMaxNcv            = 16                        /*!< Parameter controlling the column space? of the Lanczos solver. 16 is close to optimum when chi = 16. Coincidence? */
Loading line:     precision::eigThreshold         = 1e-10                     /*!< Minimum threshold for halting eigenvalue solver. */
Loading line:     idmrg::on                       = true                      /*!< Turns iDMRG simulation on/off. */
Loading line:     idmrg::max_steps                = 500000                    /*!< Number of steps for the simulation. */
Loading line:     idmrg::chi_max                  = 8                         /*!< Bond dimension of the current position (maximum number of singular values to keep in SVD). */
Loading line:     idmrg::chi_grow                 = false                     /*!< Whether to increase chi slowly up to chi_max or go up to chi_max directly. */
Loading line:     idmrg::print_freq               = 500                       /*!< Print frequency for console output. (0 = off).*/
Loading line:     idmrg::store_freq               = 500                       /*!< Store frequency,for output file buffer. (0 = off). */
Loading line:     fdmrg::on                       = false                     /*!< Turns fDMRG simulation on/off. */
Loading line:     xdmrg::on                       = false                     /*!< Turns xDMRG simulation on/off. */
Loading line:     itebd::on                       = false                     /*!< Turns iTEBD simulation on/off. */
Loading line:     hdf5::save_to_file              = true                      /*!< (Not implemented yet) If true, saves the simulation data to an HDF5 file instead of just outputting to console */
Loading line:     hdf5::create_dir_if_not_found   = true                      /*!< If true, an output directory will be created in the project root folder if it isn't found */
Loading line:     hdf5::overwrite_file_if_found   = false                     /*!< If true, an hdf5-file with the provided filename will be overwritten if found in output_folder */
Loading line:     hdf5::output_filename           = fes_0.h5                  /*!< Name of the output HDF5 file. Without quotes! */
Loading line:     hdf5::output_folder             = output                    /*!< Path of the output HDF5 file */
Loading line:     hdf5::full_storage              = false                     /*!< (Not implemented yet) If true, saves more simulation data to file (such as explicit form of MPS). Set to false to reduce output file size. */
Loading line:     profiling::on                   = true                      /*!< If true, turns on profiling and timings will be shown on console. */
Loading line:     profiling::precision            = 5                         /*!< Sets precision (number of decimals) of time output. */
Loading line:     console::verbosity              = 1                         /*!< (PARTIALLY IMPLEMENTED) Level of verbosity desired [0-2]. Level 0 prints almost nothing, level 2 prints everything */
Loading line:     console::timestamp              = false                     /*!< (NOT IMPLEMENTED) Whether to put a timestamp on console outputs */
output_folder     = "output"
output_filename   = "fes_0.h5"
Directory already exists: "/home/david/Dropbox/PhD/Programming/DMRG++/DMRG++/output"
Creating new file: "/home/david/Dropbox/PhD/Programming/DMRG++/DMRG++/output/fes_0.h5"
Initializing random product state

Starting iDMRG simulation
iDMRG Step: 500       E: -1.2732318886304819  -1.2732353412170443  -1.2732353418780420  log₁₀ σ²(E): -2.3250     -4.7924     -4.7924     S: 0.4733897739748160   χmax: 8   χ: 8   log₁₀ truncation: -6.3021     Chain length: 1002         - Convergence  S-false χ-true σ²- false
iDMRG Step: 1000      E: -1.2732363112031824  -1.2732368655275832  -1.2732368659293627  log₁₀ σ²(E): -2.6252     -5.1369     -5.1370     S: 0.3501943771695568   χmax: 8   χ: 8   log₁₀ truncation: -6.7690     Chain length: 2002         - Convergence  S-false χ-true σ²- false
iDMRG Step: 1500      E: -1.2732363188521776  -1.2732368673815491  -1.2732368677816031  log₁₀ σ²(E): -2.8008     -5.1403     -5.1404     S: 0.3494158540568851   χmax: 8   χ: 8   log₁₀ truncation: -6.7734     Chain length: 3002         - Convergence  S-false χ-true σ²- false
iDMRG Step: 2000      E: -1.2732363188876550  -1.2732368673900205  -1.2732368677900647  log₁₀ σ²(E): -2.9254     -5.1403     -5.1404     S: 0.3494121264591799   χmax: 8   χ: 8   log₁₀ truncation: -6.7735     Chain length: 4002         - Convergence  S-false χ-true σ²- false
iDMRG Step: 2500      E: -1.2732363188878237  -1.2732368673900611  -1.2732368677900889  log₁₀ σ²(E): -3.0219     -5.1403     -5.1404     S: 0.3494121086332383   χmax: 8   χ: 8   log₁₀ truncation: -6.7735     Chain length: 5002         - Convergence  S-false χ-true σ²- false
iDMRG Step: 3000      E: -1.2732363188878255  -1.2732368673900596  -1.2732368677901502  log₁₀ σ²(E): -3.1007     -5.1403     -5.1404     S: 0.3494121085481803   χmax: 8   χ: 8   log₁₀ truncation: -6.7735     Chain length: 6002         - Convergence  S-false χ-true σ²- false
iDMRG Step: 3500      E: -1.2732363188878255  -1.2732368673900614  -1.2732368677900976  log₁₀ σ²(E): -3.1673     -5.1403     -5.1404     S: 0.3494121085478193   χmax: 8   χ: 8   log₁₀ truncation: -6.7735     Chain length: 7002         - Convergence  S-false χ-true σ²- false
iDMRG Step: 4000      E: -1.2732363188878224  -1.2732368673900609  -1.2732368677901185  log₁₀ σ²(E): -3.2250     -5.1403     -5.1404     S: 0.3494121085478704   χmax: 8   χ: 8   log₁₀ truncation: -6.7735     Chain length: 8002         - Convergence  S-false χ-true σ²- false
iDMRG Step: 4500      E: -1.2732363188878246  -1.2732368673900569  -1.2732368677901769  log₁₀ σ²(E): -3.2758     -5.1403     -5.1404     S: 0.3494121085479076   χmax: 8   χ: 8   log₁₀ truncation: -6.7735     Chain length: 9002         - Convergence  S-false χ-true σ²- false
iDMRG Step: 5000      E: -1.2732363188878280  -1.2732368673900609  -1.2732368677901185  log₁₀ σ²(E): -3.3212     -5.1403     -5.1404     S: 0.3494121085476474   χmax: 8   χ: 8   log₁₀ truncation: -6.7735     Chain length: 10002        - Convergence  S-false χ-true σ²- false
iDMRG Step: 5500      E: -1.2732363188878240  -1.2732368673900616  -1.2732368677901427  log₁₀ σ²(E): -3.3623     -5.1403     -5.1404     S: 0.3494121085474889   χmax: 8   χ: 8   log₁₀ truncation: -6.7735     Chain length: 11002        - Convergence  S-false χ-true σ²- false
iDMRG Step: 6000      E: -1.2732363188878257  -1.2732368673900611  -1.2732368677900929  log₁₀ σ²(E): -3.3997     -5.1403     -5.1404     S: 0.3494121085475254   χmax: 8   χ: 8   log₁₀ truncation: -6.7735     Chain length: 12002        - Convergence  S-false χ-true σ²- false
iDMRG Step: 6500      E: -1.2732363188878248  -1.2732368673900598  -1.2732368677900878  log₁₀ σ²(E): -3.4341     -5.1403     -5.1404     S: 0.3494121085475242   χmax: 8   χ: 8   log₁₀ truncation: -6.7735     Chain length: 13002        - Convergence  S-false χ-true σ²- false

 -- Final results -- iDMRG
Iterations               = 6501
Energy MPO           = -1.2732363188878248
Energy HAM           = -1.2732368673900598
Energy MOM           = -1.2732368677900878
log₁₀ σ²(E) MPO:     = -3.434137
log₁₀ σ²(E) HAM:     = -5.140328
log₁₀ σ²(E) MOM:     = -5.140381
Entanglement Entropy = 0.3494121085475327
χmax                 = 8
χ                    = 8
log₁₀ truncation:    = -6.7735
Simulation converged : true
S slope              = -0.0000000000019613 true
σ² MPO slope         = 0.0000000000000000 false
σ² HAM slope         = -0.0000000000000001 true
σ² MOM slope         = 0.0000000000000205 true
χ                    = 8 true

+Total Time              : 22.19519   s | 100.00000 %
↳ Store to file          : 0.00004    s |   0.00017 % 
↳ Printing to console    : 0.00292    s |   0.01316 % 
↳ Computing observables  : 0.17985    s |   0.81031 % 
↳+Simulation             : 20.94946   s |  94.38738 % 

 Simulation breakdown:
+Total                   20.94946    s
↳ Optimize MPS           : 19.92867   s |  95.12738 % 
↳ SVD Truncation         : 1.01965    s |   4.86719 % 
↳ Update Environments    : 1.00336    s |   4.78945 % 
↳ Check Convergence      : 0.02155    s |   0.10288 % 

Computing observables breakdown:
+Total                   0.17985    s
↳ Energy (MPO)           : 0.00050    s |   0.27548 % 
↳ Energy (Ham)           : 0.00076    s |   0.42423 % 
↳ Energy (Gen)           : 0.00000    s |   0.00000 % 
↳ Variance (MPO)         : 0.00499    s |   2.77290 % 
↳ Variance (Ham)         : 0.06308    s |  35.07359 % 
↳ Variance (Gen)         : 0.07979    s |  44.36466 % 
↳ Ent. Entropy           : 0.01842    s |  10.24071 % 
↳ Temp1                  : 0.07966    s |  44.29236 % 
↳ Temp2                  : 0.00000    s |   0.00000 % 
↳ Temp3                  : 0.00000    s |   0.00000 % 
↳ Temp4                  : 0.00000    s |   0.00000 % 
All algorithms finished.
Data written to file: "/home/david/Dropbox/PhD/Programming/DMRG++/DMRG++/output/fes_0.h5"
