Using Intel MKL with 1 thread(s)
Git Branch: study_finite_entanglement_scaling | Commit hash: d1054e6f | Revision: 278
Input argument [0] : condor_exec.exe
Input argument [1] : ../input/fes_7.cfg
Found input file: "/home/david/Dropbox/PhD/Programming/DMRG++/DMRG++/input/fes_7.cfg"
Loading line:     model::J                        = 1                         /*!< Ferromagnetic coupling. J < 0  Gives a ferromagnet. J > 0 an antiferromagnet. */
Loading line:     model::g                        = 1                         /*!< Transverse field strength */
Loading line:     model::d                        = 2                         /*!< Local dimension
Loading line:     model::initial_state            = rps                       /*!< Choose initial state of the MPS: {upup, updown, GHZ(upup+downdown), W(updown+downup), rps (random product state), random_chi (random state with bond dimension chi, only for iDMRG!)} "cat" or "random". Default "rps". */
Loading line:     precision::eigMaxIter           = 1000                      /*!< Maximum number of steps for eigenvalue solver. */
Loading line:     precision::eigThreshold         = 1e-10                     /*!< Minimum threshold for halting eigenvalue solver. */
Loading line:     precision::eigMaxNcv            = 16                        /*!< Parameter controlling the column space? of the Lanczos solver. 16 is close to optimum when chi = 16. Coincidence? */
Loading line:     precision::eigThreshold         = 1e-10                     /*!< Minimum threshold for halting eigenvalue solver. */
Loading line:     idmrg::on                       = true                      /*!< Turns iDMRG simulation on/off. */
Loading line:     idmrg::max_steps                = 500000                    /*!< Number of steps for the simulation. */
Loading line:     idmrg::chi_max                  = 36                        /*!< Bond dimension of the current position (maximum number of singular values to keep in SVD). */
Loading line:     idmrg::chi_grow                 = false                     /*!< Whether to increase chi slowly up to chi_max or go up to chi_max directly. */
Loading line:     idmrg::print_freq               = 500                       /*!< Print frequency for console output. (0 = off).*/
Loading line:     idmrg::store_freq               = 500                       /*!< Store frequency,for output file buffer. (0 = off). */
Loading line:     fdmrg::on                       = false                     /*!< Turns fDMRG simulation on/off. */
Loading line:     xdmrg::on                       = false                     /*!< Turns xDMRG simulation on/off. */
Loading line:     itebd::on                       = false                     /*!< Turns iTEBD simulation on/off. */
Loading line:     hdf5::save_to_file              = true                      /*!< (Not implemented yet) If true, saves the simulation data to an HDF5 file instead of just outputting to console */
Loading line:     hdf5::create_dir_if_not_found   = true                      /*!< If true, an output directory will be created in the project root folder if it isn't found */
Loading line:     hdf5::overwrite_file_if_found   = false                     /*!< If true, an hdf5-file with the provided filename will be overwritten if found in output_folder */
Loading line:     hdf5::output_filename           = fes_7.h5                  /*!< Name of the output HDF5 file. Without quotes! */
Loading line:     hdf5::output_folder             = output                    /*!< Path of the output HDF5 file */
Loading line:     hdf5::full_storage              = false                     /*!< (Not implemented yet) If true, saves more simulation data to file (such as explicit form of MPS). Set to false to reduce output file size. */
Loading line:     profiling::on                   = true                      /*!< If true, turns on profiling and timings will be shown on console. */
Loading line:     profiling::precision            = 5                         /*!< Sets precision (number of decimals) of time output. */
Loading line:     console::verbosity              = 1                         /*!< (PARTIALLY IMPLEMENTED) Level of verbosity desired [0-2]. Level 0 prints almost nothing, level 2 prints everything */
Loading line:     console::timestamp              = false                     /*!< (NOT IMPLEMENTED) Whether to put a timestamp on console outputs */
output_folder     = "output"
output_filename   = "fes_7.h5"
Directory already exists: "/home/david/Dropbox/PhD/Programming/DMRG++/DMRG++/output"
Creating new file: "/home/david/Dropbox/PhD/Programming/DMRG++/DMRG++/output/fes_7.h5"
Initializing random product state

Starting iDMRG simulation
iDMRG Step: 500       E: -1.2732425099090137  -1.2732393648223983  -1.2732393649643252  log₁₀ σ²(E): -2.3266     -7.4773     -7.6666     S: 0.7012199212302175   χmax: 36  χ: 36  log₁₀ truncation: -10.2549    Chain length: 1002         - Convergence  S-false χ-true σ²- false
iDMRG Step: 1000      E: -1.2732402790515933  -1.2732394703661540  -1.2732394705542340  log₁₀ σ²(E): -2.6272     -7.3898     -7.3082     S: 0.7588287803829994   χmax: 36  χ: 36  log₁₀ truncation: -9.6367     Chain length: 2002         - Convergence  S-false χ-true σ²- false
iDMRG Step: 1500      E: -1.2732398599174639  -1.2732394975763679  -1.2732394977624402  log₁₀ σ²(E): -2.8031     -7.4867     -7.5360     S: 0.7918216849188939   χmax: 36  χ: 36  log₁₀ truncation: -9.4272     Chain length: 3002         - Convergence  S-false χ-true σ²- false
iDMRG Step: 2000      E: -1.2732397110745635  -1.2732395074830056  -1.2732395076720426  log₁₀ σ²(E): -2.9280     -7.4247     -7.4424     S: 0.8142807046105698   χmax: 36  χ: 36  log₁₀ truncation: -9.2751     Chain length: 4002         - Convergence  S-false χ-true σ²- false
iDMRG Step: 2500      E: -1.2732396409609983  -1.2732395123065570  -1.2732395124962421  log₁₀ σ²(E): -3.0249     -7.3830     -7.4243     S: 0.8306829312134836   χmax: 36  χ: 36  log₁₀ truncation: -9.1753     Chain length: 5002         - Convergence  S-false χ-true σ²- false
iDMRG Step: 3000      E: -1.2732396021380830  -1.2732395149744478  -1.2732395151566878  log₁₀ σ²(E): -3.1040     -7.3531     -7.3738     S: 0.8431420419149667   χmax: 36  χ: 36  log₁₀ truncation: -9.1054     Chain length: 6002         - Convergence  S-false χ-true σ²- false
iDMRG Step: 3500      E: -1.2732395782852539  -1.2732395165747155  -1.2732395167616244  log₁₀ σ²(E): -3.1709     -7.3307     -7.3254     S: 0.8528352157579787   χmax: 36  χ: 36  log₁₀ truncation: -9.0543     Chain length: 7002         - Convergence  S-false χ-true σ²- false
iDMRG Step: 4000      E: -1.2732395625421096  -1.2732395175900300  -1.2732395177747808  log₁₀ σ²(E): -3.2289     -7.3135     -7.3262     S: 0.8604977947469004   χmax: 36  χ: 36  log₁₀ truncation: -9.0159     Chain length: 8002         - Convergence  S-false χ-true σ²- false
iDMRG Step: 4500      E: -1.2732395516023223  -1.2732395182618292  -1.2732395184491321  log₁₀ σ²(E): -3.2801     -7.3001     -7.3056     S: 0.8666239837177527   χmax: 36  χ: 36  log₁₀ truncation: -8.9863     Chain length: 9002         - Convergence  S-false χ-true σ²- false
iDMRG Step: 5000      E: -1.2732395437044457  -1.2732395187211991  -1.2732395189049595  log₁₀ σ²(E): -3.3258     -7.2894     -7.3018     S: 0.8715628300615254   χmax: 36  χ: 36  log₁₀ truncation: -8.9631     Chain length: 10002        - Convergence  S-false χ-true σ²- false
iDMRG Step: 5500      E: -1.2732395378352170  -1.2732395190437871  -1.2732395192312893  log₁₀ σ²(E): -3.3672     -7.2809     -7.2744     S: 0.8755697235193356   χmax: 36  χ: 36  log₁₀ truncation: -8.9448     Chain length: 11002        - Convergence  S-false χ-true σ²- false
iDMRG Step: 6000      E: -1.2732395333751148  -1.2732395192755463  -1.2732395194648054  log₁₀ σ²(E): -3.4050     -7.2740     -7.2687     S: 0.8788364678806411   χmax: 36  χ: 36  log₁₀ truncation: -8.9302     Chain length: 12002        - Convergence  S-false χ-true σ²- false
iDMRG Step: 6500      E: -1.2732395299261872  -1.2732395194453354  -1.2732395196327058  log₁₀ σ²(E): -3.4397     -7.2684     -7.2498     S: 0.8815099988200966   χmax: 36  χ: 36  log₁₀ truncation: -8.9184     Chain length: 13002        - Convergence  S-false χ-true σ²- false
iDMRG Step: 7000      E: -1.2732395272221835  -1.2732395195719963  -1.2732395197528110  log₁₀ σ²(E): -3.4719     -7.2638     -7.3086     S: 0.8837046249455949   χmax: 36  χ: 36  log₁₀ truncation: -8.9088     Chain length: 14002        - Convergence  S-false χ-true σ²- false
iDMRG Step: 7500      E: -1.2732395250788278  -1.2732395196677118  -1.2732395198588204  log₁₀ σ²(E): -3.5019     -7.2601     -7.2423     S: 0.8855103518117302   χmax: 36  χ: 36  log₁₀ truncation: -8.9011     Chain length: 15002        - Convergence  S-false χ-true σ²- false
iDMRG Step: 8000      E: -1.2732395233648581  -1.2732395197416202  -1.2732395199313562  log₁₀ σ²(E): -3.5299     -7.2571     -7.2572     S: 0.8869987217791604   χmax: 36  χ: 36  log₁₀ truncation: -8.8947     Chain length: 16002        - Convergence  S-false χ-true σ²- false
iDMRG Step: 8500      E: -1.2732395219845423  -1.2732395197990862  -1.2732395199840771  log₁₀ σ²(E): -3.5562     -7.2546     -7.2405     S: 0.8882270200037022   χmax: 36  χ: 36  log₁₀ truncation: -8.8895     Chain length: 17002        - Convergence  S-false χ-true σ²- false
iDMRG Step: 9000      E: -1.2732395208665808  -1.2732395198448296  -1.2732395200292059  log₁₀ σ²(E): -3.5810     -7.2525     -7.2398     S: 0.8892413530276512   χmax: 36  χ: 36  log₁₀ truncation: -8.8852     Chain length: 18002        - Convergence  S-false χ-true σ²- false
iDMRG Step: 9500      E: -1.2732395199570394  -1.2732395198817592  -1.2732395200647997  log₁₀ σ²(E): -3.6045     -7.2508     -7.2498     S: 0.8900789555604199   χmax: 36  χ: 36  log₁₀ truncation: -8.8817     Chain length: 19002        - Convergence  S-false χ-true σ²- false
iDMRG Step: 10000     E: -1.2732395192143826  -1.2732395199123188  -1.2732395200989035  log₁₀ σ²(E): -3.6268     -7.2495     -7.2615     S: 0.8907699177665511   χmax: 36  χ: 36  log₁₀ truncation: -8.8788     Chain length: 20002        - Convergence  S-false χ-true σ²- false
iDMRG Step: 10500     E: -1.2732395186064185  -1.2732395199386930  -1.2732395201181903  log₁₀ σ²(E): -3.6480     -7.2484     -7.2555     S: 0.8913384944535289   χmax: 36  χ: 36  log₁₀ truncation: -8.8764     Chain length: 21002        - Convergence  S-false χ-true σ²- false
iDMRG Step: 11000     E: -1.2732395181078666  -1.2732395199619388  -1.2732395201441413  log₁₀ σ²(E): -3.6681     -7.2475     -7.2496     S: 0.8918040924820057   χmax: 36  χ: 36  log₁₀ truncation: -8.8744     Chain length: 22002        - Convergence  S-false χ-true σ²- false
iDMRG Step: 11500     E: -1.2732395176987428  -1.2732395199840272  -1.2732395201542952  log₁₀ σ²(E): -3.6875     -7.2469     -7.2831     S: 0.8921819788297450   χmax: 36  χ: 36  log₁₀ truncation: -8.8728     Chain length: 23002        - Convergence  S-false χ-true σ²- false
iDMRG Step: 12000     E: -1.2732395173632596  -1.2732395200061999  -1.2732395201890423  log₁₀ σ²(E): -3.7059     -7.2464     -7.2390     S: 0.8924837894870021   χmax: 36  χ: 36  log₁₀ truncation: -8.8714     Chain length: 24002        - Convergence  S-false χ-true σ²- false
iDMRG Step: 12500     E: -1.2732395170888189  -1.2732395200301121  -1.2732395202152456  log₁₀ σ²(E): -3.7237     -7.2462     -7.2590     S: 0.8927178318804413   χmax: 36  χ: 36  log₁₀ truncation: -8.8703     Chain length: 25002        - Convergence  S-false χ-true σ²- false
iDMRG Step: 13000     E: -1.2732395168655104  -1.2732395200575533  -1.2732395202437095  log₁₀ σ²(E): -3.7407     -7.2461     -7.2785     S: 0.8928891993194766   χmax: 36  χ: 36  log₁₀ truncation: -8.8694     Chain length: 26002        - Convergence  S-false χ-true σ²- false
iDMRG Step: 13500     E: -1.2732395166855524  -1.2732395200901805  -1.2732395202789073  log₁₀ σ²(E): -3.7571     -7.2463     -7.2769     S: 0.8929997272659972   χmax: 36  χ: 36  log₁₀ truncation: -8.8687     Chain length: 27002        - Convergence  S-false χ-true σ²- false
iDMRG Step: 14000     E: -1.2732395165429713  -1.2732395201304667  -1.2732395203112141  log₁₀ σ²(E): -3.7729     -7.2467     -7.2560     S: 0.8930477159393048   χmax: 36  χ: 36  log₁₀ truncation: -8.8682     Chain length: 28002        - Convergence  S-false χ-true σ²- false
iDMRG Step: 14500     E: -1.2732395164333257  -1.2732395201817339  -1.2732395203671747  log₁₀ σ²(E): -3.7881     -7.2473     -7.2542     S: 0.8930274957538933   χmax: 36  χ: 36  log₁₀ truncation: -8.8678     Chain length: 29002        - Convergence  S-false χ-true σ²- false
iDMRG Step: 15000     E: -1.2732395163535364  -1.2732395202469742  -1.2732395204336424  log₁₀ σ²(E): -3.8028     -7.2483     -7.2640     S: 0.8929287511369305   χmax: 36  χ: 36  log₁₀ truncation: -8.8675     Chain length: 30002        - Convergence  S-false χ-true σ²- false
iDMRG Step: 15500     E: -1.2732395163017767  -1.2732395203302862  -1.2732395205247664  log₁₀ σ²(E): -3.8171     -7.2496     -7.2296     S: 0.8927355734202624   χmax: 36  χ: 36  log₁₀ truncation: -8.8674     Chain length: 31002        - Convergence  S-false χ-true σ²- false
iDMRG Step: 16000     E: -1.2732395162774626  -1.2732395204378069  -1.2732395206266700  log₁₀ σ²(E): -3.8308     -7.2512     -7.2594     S: 0.8924252832047386   χmax: 36  χ: 36  log₁₀ truncation: -8.8675     Chain length: 32002        - Convergence  S-false χ-true σ²- false
iDMRG Step: 16500     E: -1.2732395162811285  -1.2732395205738418  -1.2732395207574765  log₁₀ σ²(E): -3.8442     -7.2534     -7.2699     S: 0.8919669481745486   χmax: 36  χ: 36  log₁₀ truncation: -8.8677     Chain length: 33002        - Convergence  S-false χ-true σ²- false
iDMRG Step: 17000     E: -1.2732395163146433  -1.2732395207492355  -1.2732395209305223  log₁₀ σ²(E): -3.8572     -7.2562     -7.2724     S: 0.8913195946600302   χmax: 36  χ: 36  log₁₀ truncation: -8.8682     Chain length: 34002        - Convergence  S-false χ-true σ²- false
iDMRG Step: 17500     E: -1.2732395163810204  -1.2732395209671932  -1.2732395211440217  log₁₀ σ²(E): -3.8697     -7.2595     -7.2452     S: 0.8904302373050320   χmax: 36  χ: 36  log₁₀ truncation: -8.8690     Chain length: 35002        - Convergence  S-false χ-true σ²- false
iDMRG Step: 18000     E: -1.2732395164847001  -1.2732395212421226  -1.2732395214239980  log₁₀ σ²(E): -3.8820     -7.2637     -7.2638     S: 0.8892316575555250   χmax: 36  χ: 36  log₁₀ truncation: -8.8702     Chain length: 36002        - Convergence  S-false χ-true σ²- false
iDMRG Step: 18500     E: -1.2732395166315216  -1.2732395215762726  -1.2732395217697905  log₁₀ σ²(E): -3.8939     -7.2687     -7.2663     S: 0.8876403248284872   χmax: 36  χ: 36  log₁₀ truncation: -8.8718     Chain length: 37002        - Convergence  S-false χ-true σ²- false
iDMRG Step: 19000     E: -1.2732395168286756  -1.2732395219869201  -1.2732395221744481  log₁₀ σ²(E): -3.9055     -7.2747     -7.2756     S: 0.8855546050278370   χmax: 36  χ: 36  log₁₀ truncation: -8.8739     Chain length: 38002        - Convergence  S-false χ-true σ²- false
iDMRG Step: 19500     E: -1.2732395170848323  -1.2732395224824467  -1.2732395226583710  log₁₀ σ²(E): -3.9167     -7.2819     -7.2558     S: 0.8828537024857842   χmax: 36  χ: 36  log₁₀ truncation: -8.8767     Chain length: 39002        - Convergence  S-false χ-true σ²- false
iDMRG Step: 20000     E: -1.2732395174098263  -1.2732395230651790  -1.2732395232519034  log₁₀ σ²(E): -3.9277     -7.2903     -7.3018     S: 0.8793982306879790   χmax: 36  χ: 36  log₁₀ truncation: -8.8803     Chain length: 40002        - Convergence  S-false χ-true σ²- false
iDMRG Step: 20500     E: -1.2732395178144713  -1.2732395237406848  -1.2732395239441170  log₁₀ σ²(E): -3.9384     -7.3001     -7.3060     S: 0.8750329921792137   χmax: 36  χ: 36  log₁₀ truncation: -8.8848     Chain length: 41002        - Convergence  S-false χ-true σ²- false
iDMRG Step: 21000     E: -1.2732395183099479  -1.2732395245108878  -1.2732395246937691  log₁₀ σ²(E): -3.9489     -7.3115     -7.2994     S: 0.8695930503612905   χmax: 36  χ: 36  log₁₀ truncation: -8.8906     Chain length: 42002        - Convergence  S-false χ-true σ²- false
iDMRG Step: 21500     E: -1.2732395189069248  -1.2732395253694833  -1.2732395255571678  log₁₀ σ²(E): -3.9591     -6.9422     -7.3078     S: 0.8629142138475380   χmax: 36  χ: 36  log₁₀ truncation: -8.8977     Chain length: 43002        - Convergence  S-false χ-true σ²- false
iDMRG Step: 22000     E: -1.2732395196144617  -1.2732395262970302  -1.2732395264896956  log₁₀ σ²(E): -3.9691     -7.3393     -7.3332     S: 0.8548482939410821   χmax: 36  χ: 36  log₁₀ truncation: -8.9064     Chain length: 44002        - Convergence  S-false χ-true σ²- false
iDMRG Step: 22500     E: -1.2732395204384630  -1.2732395272860941  -1.2732395274746799  log₁₀ σ²(E): -3.9789     -7.3560     -7.3681     S: 0.8452830015379625   χmax: 36  χ: 36  log₁₀ truncation: -8.9170     Chain length: 45002        - Convergence  S-false χ-true σ²- false
iDMRG Step: 23000     E: -1.2732395213800443  -1.2732395283103091  -1.2732395285074898  log₁₀ σ²(E): -3.9884     -7.3745     -7.4217     S: 0.8341649120622223   χmax: 36  χ: 36  log₁₀ truncation: -8.9297     Chain length: 46002        - Convergence  S-false χ-true σ²- false
iDMRG Step: 23500     E: -1.2732395224339512  -1.2732395293410197  -1.2732395295219858  log₁₀ σ²(E): -3.9977     -7.3950     -7.4120     S: 0.8215219641162395   χmax: 36  χ: 36  log₁₀ truncation: -8.9446     Chain length: 47002        - Convergence  S-false χ-true σ²- false
iDMRG Step: 24000     E: -1.2732395235872542  -1.2732395303574155  -1.2732395305564794  log₁₀ σ²(E): -4.0069     -7.4173     -7.4029     S: 0.8074805403138681   χmax: 36  χ: 36  log₁₀ truncation: -8.9619     Chain length: 48002        - Convergence  S-false χ-true σ²- false
iDMRG Step: 24500     E: -1.2732395248190611  -1.2732395313369893  -1.2732395315305103  log₁₀ σ²(E): -4.0158     -7.4414     -7.4694     S: 0.7922715961969379   χmax: 36  χ: 36  log₁₀ truncation: -8.9817     Chain length: 49002        - Convergence  S-false χ-true σ²- false
iDMRG Step: 25000     E: -1.2732395261009937  -1.2732395322607410  -1.2732395324424808  log₁₀ σ²(E): -4.0246     -7.4671     -7.4495     S: 0.7762214523466648   χmax: 36  χ: 36  log₁₀ truncation: -9.0040     Chain length: 50002        - Convergence  S-false χ-true σ²- false
iDMRG Step: 25500     E: -1.2732395273991253  -1.2732395331162696  -1.2732395332978432  log₁₀ σ²(E): -4.0332     -7.4944     -7.4764     S: 0.7597262561479977   χmax: 36  χ: 36  log₁₀ truncation: -9.0287     Chain length: 51002        - Convergence  S-false χ-true σ²- false
iDMRG Step: 26000     E: -1.2732395286769327  -1.2732395338942655  -1.2732395340852565  log₁₀ σ²(E): -4.0416     -7.5228     -7.5300     S: 0.7432138159754857   χmax: 36  χ: 36  log₁₀ truncation: -9.0554     Chain length: 52002        - Convergence  S-false χ-true σ²- false
iDMRG Step: 26500     E: -1.2732395298988397  -1.2732395345890701  -1.2732395347735384  log₁₀ σ²(E): -4.0499     -7.5520     -7.5632     S: 0.7271002444071973   χmax: 36  χ: 36  log₁₀ truncation: -9.0838     Chain length: 53002        - Convergence  S-false χ-true σ²- false
iDMRG Step: 27000     E: -1.2732395310336586  -1.2732395351978048  -1.2732395353791399  log₁₀ σ²(E): -4.0580     -7.5815     -7.5655     S: 0.7117504945419363   χmax: 36  χ: 36  log₁₀ truncation: -9.1134     Chain length: 54002        - Convergence  S-false χ-true σ²- false
iDMRG Step: 27500     E: -1.2732395320576766  -1.2732395357227524  -1.2732395359041091  log₁₀ σ²(E): -4.0660     -7.6109     -7.5754     S: 0.6974502359677081   χmax: 36  χ: 36  log₁₀ truncation: -9.1434     Chain length: 55002        - Convergence  S-false χ-true σ²- false
iDMRG Step: 28000     E: -1.2732395329561417  -1.2732395361640805  -1.2732395363485673  log₁₀ σ²(E): -4.0738     -7.6396     -7.6517     S: 0.6843928035469022   χmax: 36  χ: 36  log₁₀ truncation: -9.1733     Chain length: 56002        - Convergence  S-false χ-true σ²- false
iDMRG Step: 28500     E: -1.2732395337237241  -1.2732395365303790  -1.2732395367047040  log₁₀ σ²(E): -4.0815     -7.6672     -7.6873     S: 0.6726803358914383   χmax: 36  χ: 36  log₁₀ truncation: -9.2023     Chain length: 57002        - Convergence  S-false χ-true σ²- false
iDMRG Step: 29000     E: -1.2732395343634202  -1.2732395368273248  -1.2732395370092739  log₁₀ σ²(E): -4.0891     -7.6931     -7.7505     S: 0.6623356864316192   χmax: 36  χ: 36  log₁₀ truncation: -9.2299     Chain length: 58002        - Convergence  S-false χ-true σ²- false
iDMRG Step: 29500     E: -1.2732395348847334  -1.2732395370636942  -1.2732395372448393  log₁₀ σ²(E): -4.0965     -7.7170     -7.7700     S: 0.6533197661446100   χmax: 36  χ: 36  log₁₀ truncation: -9.2556     Chain length: 59002        - Convergence  S-false χ-true σ²- false
iDMRG Step: 30000     E: -1.2732395353012478  -1.2732395372484666  -1.2732395374377459  log₁₀ σ²(E): -4.1038     -7.7388     -7.7771     S: 0.6455503079788589   χmax: 36  χ: 36  log₁₀ truncation: -9.2791     Chain length: 60002        - Convergence  S-false χ-true σ²- false
iDMRG Step: 30500     E: -1.2732395356284800  -1.2732395373907213  -1.2732395375708916  log₁₀ σ²(E): -4.1110     -7.7583     -7.7716     S: 0.6389187647898277   χmax: 36  χ: 36  log₁₀ truncation: -9.3002     Chain length: 61002        - Convergence  S-false χ-true σ²- false
iDMRG Step: 31000     E: -1.2732395358821025  -1.2732395374987759  -1.2732395376838317  log₁₀ σ²(E): -4.1180     -7.7754     -7.7785     S: 0.6333039183890506   χmax: 36  χ: 36  log₁₀ truncation: -9.3188     Chain length: 62002        - Convergence  S-false χ-true σ²- false
iDMRG Step: 31500     E: -1.2732395360765865  -1.2732395375798427  -1.2732395377628338  log₁₀ σ²(E): -4.1250     -7.7904     -7.7612     S: 0.6285820257910761   χmax: 36  χ: 36  log₁₀ truncation: -9.3351     Chain length: 63002        - Convergence  S-false χ-true σ²- false
iDMRG Step: 32000     E: -1.2732395362246165  -1.2732395376403143  -1.2732395378236514  log₁₀ σ²(E): -4.1318     -7.8032     -7.8213     S: 0.6246335876978495   χmax: 36  χ: 36  log₁₀ truncation: -9.3491     Chain length: 64002        - Convergence  S-false χ-true σ²- false
iDMRG Step: 32500     E: -1.2732395363367446  -1.2732395376847458  -1.2732395378791264  log₁₀ σ²(E): -4.1385     -7.8141     -7.7461     S: 0.6213476045592462   χmax: 36  χ: 36  log₁₀ truncation: -9.3610     Chain length: 65002        - Convergence  S-false χ-true σ²- false
iDMRG Step: 33000     E: -1.2732395364214857  -1.2732395377175685  -1.2732395378958035  log₁₀ σ²(E): -4.1452     -7.8234     -7.8409     S: 0.6186237497266716   χmax: 36  χ: 36  log₁₀ truncation: -9.3711     Chain length: 66002        - Convergence  S-false χ-true σ²- false
iDMRG Step: 33500     E: -1.2732395364855422  -1.2732395377418411  -1.2732395379248509  log₁₀ σ²(E): -4.1517     -7.8311     -7.8038     S: 0.6163732398549785   χmax: 36  χ: 36  log₁₀ truncation: -9.3796     Chain length: 67002        - Convergence  S-false χ-true σ²- false
iDMRG Step: 34000     E: -1.2732395365340230  -1.2732395377596442  -1.2732395379425727  log₁₀ σ²(E): -4.1581     -7.8376     -7.8327     S: 0.6145188760715365   χmax: 36  χ: 36  log₁₀ truncation: -9.3867     Chain length: 68002        - Convergence  S-false χ-true σ²- false
iDMRG Step: 34500     E: -1.2732395365708140  -1.2732395377727825  -1.2732395379436630  log₁₀ σ²(E): -4.1645     -7.8430     -7.7372     S: 0.6129942784478712   χmax: 36  χ: 36  log₁₀ truncation: -9.3925     Chain length: 69002        - Convergence  S-false χ-true σ²- false
iDMRG Step: 35000     E: -1.2732395365988425  -1.2732395377824801  -1.2732395379677504  log₁₀ σ²(E): -4.1707     -7.8474     -7.8155     S: 0.6117429370547207   χmax: 36  χ: 36  log₁₀ truncation: -9.3974     Chain length: 70002        - Convergence  S-false χ-true σ²- false
iDMRG Step: 35500     E: -1.2732395366202640  -1.2732395377897185  -1.2732395379777655  log₁₀ σ²(E): -4.1769     -7.8510     -7.7252     S: 0.6107172339914851   χmax: 36  χ: 36  log₁₀ truncation: -9.4014     Chain length: 71002        - Convergence  S-false χ-true σ²- false
iDMRG Step: 36000     E: -1.2732395366366653  -1.2732395377950005  -1.2732395379783927  log₁₀ σ²(E): -4.1829     -7.8539     -7.8677     S: 0.6098772454568241   χmax: 36  χ: 36  log₁₀ truncation: -9.4047     Chain length: 72002        - Convergence  S-false χ-true σ²- false
iDMRG Step: 36500     E: -1.2732395366492728  -1.2732395377989782  -1.2732395379841035  log₁₀ σ²(E): -4.1889     -7.8563     -7.8573     S: 0.6091896903696072   χmax: 36  χ: 36  log₁₀ truncation: -9.4073     Chain length: 73002        - Convergence  S-false χ-true σ²- false
iDMRG Step: 37000     E: -1.2732395366589491  -1.2732395378018886  -1.2732395379843047  log₁₀ σ²(E): -4.1948     -7.8583     -7.8085     S: 0.6086269428717034   χmax: 36  χ: 36  log₁₀ truncation: -9.4095     Chain length: 74002        - Convergence  S-false χ-true σ²- false
iDMRG Step: 37500     E: -1.2732395366663531  -1.2732395378040740  -1.2732395379851125  log₁₀ σ²(E): -4.2007     -7.8598     -7.8609     S: 0.6081661449466160   χmax: 36  χ: 36  log₁₀ truncation: -9.4113     Chain length: 75002        - Convergence  S-false χ-true σ²- false
iDMRG Step: 38000     E: -1.2732395366719682  -1.2732395378056425  -1.2732395379787664  log₁₀ σ²(E): -4.2064     -7.8610     -7.9878     S: 0.6077884211583199   χmax: 36  χ: 36  log₁₀ truncation: -9.4127     Chain length: 76002        - Convergence  S-false χ-true σ²- false
iDMRG Step: 38500     E: -1.2732395366761493  -1.2732395378066166  -1.2732395379861117  log₁₀ σ²(E): -4.2121     -7.8620     -7.9319     S: 0.6074781854904417   χmax: 36  χ: 36  log₁₀ truncation: -9.4138     Chain length: 77002        - Convergence  S-false χ-true σ²- false
iDMRG Step: 39000     E: -1.2732395366791172  -1.2732395378072212  -1.2732395379896120  log₁₀ σ²(E): -4.2177     -7.8627     -7.9048     S: 0.6072225135068844   χmax: 36  χ: 36  log₁₀ truncation: -9.4146     Chain length: 78002        - Convergence  S-false χ-true σ²- false
iDMRG Step: 39500     E: -1.2732395366809204  -1.2732395378073567  -1.2732395379922459  log₁₀ σ²(E): -4.2232     -7.8631     -7.9487     S: 0.6070105065184993   χmax: 36  χ: 36  log₁₀ truncation: -9.4153     Chain length: 79002        - Convergence  S-false χ-true σ²- false
iDMRG Step: 40000     E: -1.2732395366811928  -1.2732395378068531  -1.2732395379828283  log₁₀ σ²(E): -4.2287     -7.8633     -7.8404     S: 0.6068323231854155   χmax: 36  χ: 36  log₁₀ truncation: -9.4157     Chain length: 80002        - Convergence  S-false χ-true σ²- false
iDMRG Step: 40500     E: -1.2732395366738696  -1.2732395378025547  -1.2732395379787251  log₁₀ σ²(E): -4.2341     -7.8618     -7.7785     S: 0.6066738657111636   χmax: 36  χ: 36  log₁₀ truncation: -9.4150     Chain length: 81002        - Convergence  S-false χ-true σ²- false
iDMRG Step: 41000     E: -1.2732395365700444  -1.2732395378267443  -1.2732395380024668  log₁₀ σ²(E): -4.2394     -7.8107     -7.7682     S: 0.6057684385916536   χmax: 36  χ: 36  log₁₀ truncation: -9.3871     Chain length: 82002        - Convergence  S-false χ-true σ²- false
iDMRG Step: 41500     E: -1.2732395365967650  -1.2732395378336721  -1.2732395380164825  log₁₀ σ²(E): -4.2447     -7.8153     -7.8466     S: 0.6047762005711484   χmax: 36  χ: 36  log₁₀ truncation: -9.3928     Chain length: 83002        - Convergence  S-false χ-true σ²- false
iDMRG Step: 42000     E: -1.2732395366147164  -1.2732395378379882  -1.2732395380229216  log₁₀ σ²(E): -4.2499     -7.8187     -7.7718     S: 0.6039868808813655   χmax: 36  χ: 36  log₁₀ truncation: -9.3969     Chain length: 84002        - Convergence  S-false χ-true σ²- false
iDMRG Step: 42500     E: -1.2732395366274498  -1.2732395378408077  -1.2732395380218193  log₁₀ σ²(E): -4.2550     -7.8211     -7.8910     S: 0.6033597755998147   χmax: 36  χ: 36  log₁₀ truncation: -9.4000     Chain length: 85002        - Convergence  S-false χ-true σ²- false
iDMRG Step: 43000     E: -1.2732395366368332  -1.2732395378428980  -1.2732395380295471  log₁₀ σ²(E): -4.2601     -7.8230     -7.8006     S: 0.6028622618863645   χmax: 36  χ: 36  log₁₀ truncation: -9.4023     Chain length: 86002        - Convergence  S-false χ-true σ²- false
iDMRG Step: 43500     E: -1.2732395366439055  -1.2732395378442738  -1.2732395380338482  log₁₀ σ²(E): -4.2651     -7.8245     -7.8731     S: 0.6024679564170600   χmax: 36  χ: 36  log₁₀ truncation: -9.4041     Chain length: 87002        - Convergence  S-false χ-true σ²- false
iDMRG Step: 44000     E: -1.2732395366492999  -1.2732395378453454  -1.2732395380274786  log₁₀ σ²(E): -4.2701     -7.8256     -7.7895     S: 0.6021556660665078   χmax: 36  χ: 36  log₁₀ truncation: -9.4056     Chain length: 88002        - Convergence  S-false χ-true σ²- false
iDMRG Step: 44500     E: -1.2732395366534404  -1.2732395378462180  -1.2732395380278256  log₁₀ σ²(E): -4.2750     -7.8265     -7.8449     S: 0.6019084551226864   χmax: 36  χ: 36  log₁₀ truncation: -9.4067     Chain length: 89002        - Convergence  S-false χ-true σ²- false
iDMRG Step: 45000     E: -1.2732395366566398  -1.2732395378468464  -1.2732395380141988  log₁₀ σ²(E): -4.2798     -7.8273     -7.9145     S: 0.6017128338042752   χmax: 36  χ: 36  log₁₀ truncation: -9.4076     Chain length: 90002        - Convergence  S-false χ-true σ²- false
iDMRG Step: 45500     E: -1.2732395366591354  -1.2732395378472181  -1.2732395380384876  log₁₀ σ²(E): -4.2846     -7.8278     -7.8962     S: 0.6015580796592302   χmax: 36  χ: 36  log₁₀ truncation: -9.4083     Chain length: 91002        - Convergence  S-false χ-true σ²- false
iDMRG Step: 46000     E: -1.2732395366610805  -1.2732395378475534  -1.2732395380235306  log₁₀ σ²(E): -4.2894     -7.8283     -7.9032     S: 0.6014356818495914   χmax: 36  χ: 36  log₁₀ truncation: -9.4089     Chain length: 92002        - Convergence  S-false χ-true σ²- false
iDMRG Step: 46500     E: -1.2732395366626013  -1.2732395378477999  -1.2732395380266197  log₁₀ σ²(E): -4.2941     -7.8287     -7.6746     S: 0.6013388916907634   χmax: 36  χ: 36  log₁₀ truncation: -9.4093     Chain length: 93002        - Convergence  S-false χ-true σ²- false
iDMRG Step: 47000     E: -1.2732395366637879  -1.2732395378482089  -1.2732395380235983  log₁₀ σ²(E): -4.2987     -7.8289     -7.8702     S: 0.6012623618927641   χmax: 36  χ: 36  log₁₀ truncation: -9.4097     Chain length: 94002        - Convergence  S-false χ-true σ²- false
iDMRG Step: 47500     E: -1.2732395366647156  -1.2732395378480925  -1.2732395380319819  log₁₀ σ²(E): -4.3033     -7.8292     -8.0242     S: 0.6012018578352466   χmax: 36  χ: 36  log₁₀ truncation: -9.4099     Chain length: 95002        - Convergence  S-false χ-true σ²- false
iDMRG Step: 48000     E: -1.2732395366654587  -1.2732395378483563  -1.2732395380313599  log₁₀ σ²(E): -4.3079     -7.8293     -7.6751     S: 0.6011540276520435   χmax: 36  χ: 36  log₁₀ truncation: -9.4102     Chain length: 96002        - Convergence  S-false χ-true σ²- false
iDMRG Step: 48500     E: -1.2732395366660345  -1.2732395378485399  -1.2732395380492232  log₁₀ σ²(E): -4.3124     -7.8295     -8.4012     S: 0.6011162190122226   χmax: 36  χ: 36  log₁₀ truncation: -9.4103     Chain length: 97002        - Convergence  S-false χ-true σ²- false
iDMRG Step: 49000     E: -1.2732395366664908  -1.2732395378485220  -1.2732395380239447  log₁₀ σ²(E): -4.3168     -7.8296     -7.8925     S: 0.6010863337187919   χmax: 36  χ: 36  log₁₀ truncation: -9.4105     Chain length: 98002        - Convergence  S-false χ-true σ²- false
iDMRG Step: 49500     E: -1.2732395366668479  -1.2732395378485972  -1.2732395380480832  log₁₀ σ²(E): -4.3212     -7.8297     -7.9063     S: 0.6010627122867614   χmax: 36  χ: 36  log₁₀ truncation: -9.4106     Chain length: 99002        - Convergence  S-false χ-true σ²- false
iDMRG Step: 50000     E: -1.2732395366671232  -1.2732395378486623  -1.2732395380256221  log₁₀ σ²(E): -4.3256     -7.8298     -7.9020     S: 0.6010440424210447   χmax: 36  χ: 36  log₁₀ truncation: -9.4107     Chain length: 100002       - Convergence  S-false χ-true σ²- false
iDMRG Step: 50500     E: -1.2732395366673523  -1.2732395378487515  -1.2732395380226993  log₁₀ σ²(E): -4.3299     -7.8298     -7.7886     S: 0.6010292865355569   χmax: 36  χ: 36  log₁₀ truncation: -9.4107     Chain length: 101002       - Convergence  S-false χ-true σ²- false
iDMRG Step: 51000     E: -1.2732395366675326  -1.2732395378486729  -1.2732395380346058  log₁₀ σ²(E): -4.3342     -7.8298     -7.7641     S: 0.6010176243573877   χmax: 36  χ: 36  log₁₀ truncation: -9.4108     Chain length: 102002       - Convergence  S-false χ-true σ²- false
iDMRG Step: 51500     E: -1.2732395366676676  -1.2732395378488071  -1.2732395380463586  log₁₀ σ²(E): -4.3384     -7.8299     -7.7792     S: 0.6010084074202318   χmax: 36  χ: 36  log₁₀ truncation: -9.4108     Chain length: 103002       - Convergence  S-false χ-true σ²- false
iDMRG Step: 52000     E: -1.2732395366677780  -1.2732395378488139  -1.2732395380350452  log₁₀ σ²(E): -4.3426     -7.8299     -7.8398     S: 0.6010011230627812   χmax: 36  χ: 36  log₁₀ truncation: -9.4109     Chain length: 104002       - Convergence  S-false χ-true σ²- false
iDMRG Step: 52500     E: -1.2732395366678682  -1.2732395378487746  -1.2732395380353183  log₁₀ σ²(E): -4.3468     -7.8299     -7.8082     S: 0.6009953661701826   χmax: 36  χ: 36  log₁₀ truncation: -9.4109     Chain length: 105002       - Convergence  S-false χ-true σ²- false
iDMRG Step: 53000     E: -1.2732395366679334  -1.2732395378486956  -1.2732395380340016  log₁₀ σ²(E): -4.3509     -7.8299     -7.7924     S: 0.6009908165052433   χmax: 36  χ: 36  log₁₀ truncation: -9.4109     Chain length: 106002       - Convergence  S-false χ-true σ²- false
iDMRG Step: 53500     E: -1.2732395366679807  -1.2732395378487671  -1.2732395380320674  log₁₀ σ²(E): -4.3550     -7.8300     -7.7725     S: 0.6009872208954842   χmax: 36  χ: 36  log₁₀ truncation: -9.4109     Chain length: 107002       - Convergence  S-false χ-true σ²- false
iDMRG Step: 54000     E: -1.2732395366680278  -1.2732395378488435  -1.2732395380259534  log₁₀ σ²(E): -4.3590     -7.8300     -8.0349     S: 0.6009843793045956   χmax: 36  χ: 36  log₁₀ truncation: -9.4110     Chain length: 108002       - Convergence  S-false χ-true σ²- false
iDMRG Step: 54500     E: -1.2732395366680609  -1.2732395378488115  -1.2732395380160171  log₁₀ σ²(E): -4.3630     -7.8300     -7.8172     S: 0.6009821335906060   χmax: 36  χ: 36  log₁₀ truncation: -9.4110     Chain length: 109002       - Convergence  S-false χ-true σ²- false
iDMRG Step: 55000     E: -1.2732395366680844  -1.2732395378488395  -1.2732395380222836  log₁₀ σ²(E): -4.3670     -7.8300     -7.8634     S: 0.6009803588183856   χmax: 36  χ: 36  log₁₀ truncation: -9.4110     Chain length: 110002       - Convergence  S-false χ-true σ²- false
iDMRG Step: 55500     E: -1.2732395366681133  -1.2732395378488670  -1.2732395380314441  log₁₀ σ²(E): -4.3709     -7.8300     -7.7309     S: 0.6009789562668074   χmax: 36  χ: 36  log₁₀ truncation: -9.4110     Chain length: 111002       - Convergence  S-false χ-true σ²- false
iDMRG Step: 56000     E: -1.2732395366681322  -1.2732395378488159  -1.2732395380307326  log₁₀ σ²(E): -4.3748     -7.8300     -7.8868     S: 0.6009778478342139   χmax: 36  χ: 36  log₁₀ truncation: -9.4110     Chain length: 112002       - Convergence  S-false χ-true σ²- false
iDMRG Step: 56500     E: -1.2732395366681479  -1.2732395378488164  -1.2732395380349848  log₁₀ σ²(E): -4.3787     -7.8300     -8.0701     S: 0.6009769718404210   χmax: 36  χ: 36  log₁₀ truncation: -9.4110     Chain length: 113002       - Convergence  S-false χ-true σ²- false
iDMRG Step: 57000     E: -1.2732395366681561  -1.2732395378488583  -1.2732395380315584  log₁₀ σ²(E): -4.3825     -7.8300     -7.8795     S: 0.6009762795692668   χmax: 36  χ: 36  log₁₀ truncation: -9.4110     Chain length: 114002       - Convergence  S-false χ-true σ²- false
iDMRG Step: 57500     E: -1.2732395366681575  -1.2732395378488857  -1.2732395380218779  log₁₀ σ²(E): -4.3863     -7.8300     -7.8992     S: 0.6009757324777104   χmax: 36  χ: 36  log₁₀ truncation: -9.4110     Chain length: 115002       - Convergence  S-false χ-true σ²- false
iDMRG Step: 58000     E: -1.2732395366681670  -1.2732395378488846  -1.2732395380275539  log₁₀ σ²(E): -4.3900     -7.8300     -7.8699     S: 0.6009753001044746   χmax: 36  χ: 36  log₁₀ truncation: -9.4110     Chain length: 116002       - Convergence  S-false χ-true σ²- false
iDMRG Step: 58500     E: -1.2732395366681764  -1.2732395378488994  -1.2732395380256503  log₁₀ σ²(E): -4.3938     -7.8300     -7.9286     S: 0.6009749584047539   χmax: 36  χ: 36  log₁₀ truncation: -9.4110     Chain length: 117002       - Convergence  S-false χ-true σ²- false
iDMRG Step: 59000     E: -1.2732395366681830  -1.2732395378488501  -1.2732395380337074  log₁₀ σ²(E): -4.3975     -7.8300     -7.8431     S: 0.6009746883849488   χmax: 36  χ: 36  log₁₀ truncation: -9.4110     Chain length: 118002       - Convergence  S-false χ-true σ²- false
iDMRG Step: 59500     E: -1.2732395366681848  -1.2732395378488468  -1.2732395380306614  log₁₀ σ²(E): -4.4011     -7.8300     -7.8150     S: 0.6009744749836075   χmax: 36  χ: 36  log₁₀ truncation: -9.4110     Chain length: 119002       - Convergence  S-false χ-true σ²- false
iDMRG Step: 60000     E: -1.2732395366681826  -1.2732395378488430  -1.2732395380319985  log₁₀ σ²(E): -4.4048     -7.8300     -7.7929     S: 0.6009743063277705   χmax: 36  χ: 36  log₁₀ truncation: -9.4110     Chain length: 120002       - Convergence  S-false χ-true σ²- false
iDMRG Step: 60500     E: -1.2732395366681899  -1.2732395378489652  -1.2732395380321078  log₁₀ σ²(E): -4.4084     -7.8300     -7.9518     S: 0.6009741730376669   χmax: 36  χ: 36  log₁₀ truncation: -9.4110     Chain length: 121002       - Convergence  S-false χ-true σ²- false
iDMRG Step: 61000     E: -1.2732395366681903  -1.2732395378488652  -1.2732395380264561  log₁₀ σ²(E): -4.4119     -7.8300     -7.8564     S: 0.6009740677792195   χmax: 36  χ: 36  log₁₀ truncation: -9.4110     Chain length: 122002       - Convergence  S-false χ-true σ²- false
iDMRG Step: 61500     E: -1.2732395366681888  -1.2732395378489054  -1.2732395380296508  log₁₀ σ²(E): -4.4155     -7.8300     -7.8517     S: 0.6009739845953334   χmax: 36  χ: 36  log₁₀ truncation: -9.4110     Chain length: 123002       - Convergence  S-false χ-true σ²- false
iDMRG Step: 62000     E: -1.2732395366681921  -1.2732395378487282  -1.2732395380350183  log₁₀ σ²(E): -4.4190     -7.8300     -7.7553     S: 0.6009739187950550   χmax: 36  χ: 36  log₁₀ truncation: -9.4110     Chain length: 124002       - Convergence  S-false χ-true σ²- false
iDMRG Step: 62500     E: -1.2732395366681850  -1.2732395378488446  -1.2732395380304402  log₁₀ σ²(E): -4.4225     -7.8300     -7.8490     S: 0.6009738667802691   χmax: 36  χ: 36  log₁₀ truncation: -9.4110     Chain length: 125002       - Convergence  S-false χ-true σ²- false
iDMRG Step: 63000     E: -1.2732395366681910  -1.2732395378485315  -1.2732395380309010  log₁₀ σ²(E): -4.4259     -7.8300     -7.7507     S: 0.6009738256474333   χmax: 36  χ: 36  log₁₀ truncation: -9.4110     Chain length: 126002       - Convergence  S-false χ-true σ²- false
iDMRG Step: 63500     E: -1.2732395366681963  -1.2732395378487251  -1.2732395380402073  log₁₀ σ²(E): -4.4294     -7.8300     -7.7698     S: 0.6009737931414866   χmax: 36  χ: 36  log₁₀ truncation: -9.4110     Chain length: 127002       - Convergence  S-false χ-true σ²- false
iDMRG Step: 64000     E: -1.2732395366681963  -1.2732395378488386  -1.2732395380413331  log₁₀ σ²(E): -4.4328     -7.8300     -7.9060     S: 0.6009737674730454   χmax: 36  χ: 36  log₁₀ truncation: -9.4110     Chain length: 128002       - Convergence  S-false χ-true σ²- false
iDMRG Step: 64500     E: -1.2732395366681974  -1.2732395378488111  -1.2732395380269081  log₁₀ σ²(E): -4.4362     -7.8300     -7.7986     S: 0.6009737471981917   χmax: 36  χ: 36  log₁₀ truncation: -9.4110     Chain length: 129002       - Convergence  S-false χ-true σ²- false
iDMRG Step: 65000     E: -1.2732395366681892  -1.2732395378487236  -1.2732395380297332  log₁₀ σ²(E): -4.4395     -7.8300     -7.7955     S: 0.6009737311592228   χmax: 36  χ: 36  log₁₀ truncation: -9.4110     Chain length: 130002       - Convergence  S-false χ-true σ²- false

 -- Final results -- iDMRG
Iterations               = 65001
Energy MPO           = -1.2732395366681892
Energy HAM           = -1.2732395378487236
Energy MOM           = -1.2732395380297332
log₁₀ σ²(E) MPO:     = -4.439512
log₁₀ σ²(E) HAM:     = -7.830011
log₁₀ σ²(E) MOM:     = -7.795504
Entanglement Entropy = 0.6009737311878659
χmax                 = 36
χ                    = 36
log₁₀ truncation:    = -9.4110
Simulation converged : true
S slope              = -0.0000000000936325 true
σ² MPO slope         = 0.0000000000000000 false
σ² HAM slope         = -0.0000000000000000 true
σ² MOM slope         = 0.0000000000006186 true
χ                    = 36 true

+Total Time              : 11377.26707 s | 100.00000 %
↳ Store to file          : 0.00116    s |   0.00001 % 
↳ Printing to console    : 0.08163    s |   0.00072 % 
↳ Computing observables  : 3454.95050 s |  30.36714 % 
↳+Simulation             : 7609.88658 s |  66.88677 % 

 Simulation breakdown:
+Total                   7609.88658    s
↳ Optimize MPS           : 7430.16915 s |  97.63837 % 
↳ SVD Truncation         : 179.69128  s |   2.36129 % 
↳ Update Environments    : 309.91325  s |   4.07251 % 
↳ Check Convergence      : 0.77364    s |   0.01017 % 

Computing observables breakdown:
+Total                   3454.95050    s
↳ Energy (MPO)           : 0.14568    s |   0.00422 % 
↳ Energy (Ham)           : 5.29766    s |   0.15334 % 
↳ Energy (Gen)           : 0.00000    s |   0.00000 % 
↳ Variance (MPO)         : 1.45714    s |   0.04218 % 
↳ Variance (Ham)         : 1835.82963 s |  53.13621 % 
↳ Variance (Gen)         : 1353.01416 s |  39.16161 % 
↳ Ent. Entropy           : 0.69271    s |   0.02005 % 
↳ Temp1                  : 1349.44845 s |  39.05840 % 
↳ Temp2                  : 0.00000    s |   0.00000 % 
↳ Temp3                  : 0.00000    s |   0.00000 % 
↳ Temp4                  : 0.00000    s |   0.00000 % 
All algorithms finished.
Data written to file: "/home/david/Dropbox/PhD/Programming/DMRG++/DMRG++/output/fes_7.h5"
