Using Intel MKL with 1 thread(s)
Git Branch: study_finite_entanglement_scaling | Commit hash: d1054e6f | Revision: 278
Input argument [0] : condor_exec.exe
Input argument [1] : ../input/fes_10.cfg
Found input file: "/home/david/Dropbox/PhD/Programming/DMRG++/DMRG++/input/fes_10.cfg"
Loading line:     model::J                        = 1                         /*!< Ferromagnetic coupling. J < 0  Gives a ferromagnet. J > 0 an antiferromagnet. */
Loading line:     model::g                        = 1                         /*!< Transverse field strength */
Loading line:     model::d                        = 2                         /*!< Local dimension
Loading line:     model::initial_state            = rps                       /*!< Choose initial state of the MPS: {upup, updown, GHZ(upup+downdown), W(updown+downup), rps (random product state), random_chi (random state with bond dimension chi, only for iDMRG!)} "cat" or "random". Default "rps". */
Loading line:     precision::eigMaxIter           = 1000                      /*!< Maximum number of steps for eigenvalue solver. */
Loading line:     precision::eigThreshold         = 1e-10                     /*!< Minimum threshold for halting eigenvalue solver. */
Loading line:     precision::eigMaxNcv            = 16                        /*!< Parameter controlling the column space? of the Lanczos solver. 16 is close to optimum when chi = 16. Coincidence? */
Loading line:     precision::eigThreshold         = 1e-10                     /*!< Minimum threshold for halting eigenvalue solver. */
Loading line:     idmrg::on                       = true                      /*!< Turns iDMRG simulation on/off. */
Loading line:     idmrg::max_steps                = 500000                    /*!< Number of steps for the simulation. */
Loading line:     idmrg::chi_max                  = 48                        /*!< Bond dimension of the current position (maximum number of singular values to keep in SVD). */
Loading line:     idmrg::chi_grow                 = false                     /*!< Whether to increase chi slowly up to chi_max or go up to chi_max directly. */
Loading line:     idmrg::print_freq               = 500                       /*!< Print frequency for console output. (0 = off).*/
Loading line:     idmrg::store_freq               = 500                       /*!< Store frequency,for output file buffer. (0 = off). */
Loading line:     fdmrg::on                       = false                     /*!< Turns fDMRG simulation on/off. */
Loading line:     xdmrg::on                       = false                     /*!< Turns xDMRG simulation on/off. */
Loading line:     itebd::on                       = false                     /*!< Turns iTEBD simulation on/off. */
Loading line:     hdf5::save_to_file              = true                      /*!< (Not implemented yet) If true, saves the simulation data to an HDF5 file instead of just outputting to console */
Loading line:     hdf5::create_dir_if_not_found   = true                      /*!< If true, an output directory will be created in the project root folder if it isn't found */
Loading line:     hdf5::overwrite_file_if_found   = false                     /*!< If true, an hdf5-file with the provided filename will be overwritten if found in output_folder */
Loading line:     hdf5::output_filename           = fes_10.h5                 /*!< Name of the output HDF5 file. Without quotes! */
Loading line:     hdf5::output_folder             = output                    /*!< Path of the output HDF5 file */
Loading line:     hdf5::full_storage              = false                     /*!< (Not implemented yet) If true, saves more simulation data to file (such as explicit form of MPS). Set to false to reduce output file size. */
Loading line:     profiling::on                   = true                      /*!< If true, turns on profiling and timings will be shown on console. */
Loading line:     profiling::precision            = 5                         /*!< Sets precision (number of decimals) of time output. */
Loading line:     console::verbosity              = 1                         /*!< (PARTIALLY IMPLEMENTED) Level of verbosity desired [0-2]. Level 0 prints almost nothing, level 2 prints everything */
Loading line:     console::timestamp              = false                     /*!< (NOT IMPLEMENTED) Whether to put a timestamp on console outputs */
output_folder     = "output"
output_filename   = "fes_10.h5"
Directory already exists: "/home/david/Dropbox/PhD/Programming/DMRG++/DMRG++/output"
Creating new file: "/home/david/Dropbox/PhD/Programming/DMRG++/DMRG++/output/fes_10.h5"
Initializing random product state

Starting iDMRG simulation
iDMRG Step: 500       E: -1.2732425161208738  -1.2732394083240357  -1.2732394084515608  log₁₀ σ²(E): -2.3266     -7.6220     -7.5873     S: 0.7011369717179980   χmax: 48  χ: 48  log₁₀ truncation: -11.2663    Chain length: 1002         - Convergence  S-false χ-true σ²- false
iDMRG Step: 1000      E: -1.2732402896867008  -1.2732394938728262  -1.2732394940610026  log₁₀ σ²(E): -2.6272     -7.7996     -7.7590     S: 0.7589853801596127   χmax: 48  χ: 48  log₁₀ truncation: -10.5482    Chain length: 2002         - Convergence  S-false χ-true σ²- false
iDMRG Step: 1500      E: -1.2732398736196993  -1.2732395152611127  -1.2732395154820455  log₁₀ σ²(E): -2.8031     -7.9291     -7.5608     S: 0.7927175769368386   χmax: 48  χ: 48  log₁₀ truncation: -10.2326    Chain length: 3002         - Convergence  S-false χ-true σ²- false
iDMRG Step: 2000      E: -1.2732397270878653  -1.2732395235300773  -1.2732395237366647  log₁₀ σ²(E): -2.9280     -7.8844     -7.7187     S: 0.8164016036175232   χmax: 48  χ: 48  log₁₀ truncation: -10.0256    Chain length: 4002         - Convergence  S-false χ-true σ²- false
iDMRG Step: 2500      E: -1.2732396587638672  -1.2732395277136144  -1.2732395279036413  log₁₀ σ²(E): -3.0249     -7.8525     -7.8045     S: 0.8344183164402271   χmax: 48  χ: 48  log₁₀ truncation: -9.8840     Chain length: 5002         - Convergence  S-false χ-true σ²- false
iDMRG Step: 3000      E: -1.2732396213105797  -1.2732395301390553  -1.2732395303095629  log₁₀ σ²(E): -3.1040     -7.8281     -7.8090     S: 0.8487475718140114   χmax: 48  χ: 48  log₁₀ truncation: -9.7808     Chain length: 6002         - Convergence  S-false χ-true σ²- false
iDMRG Step: 3500      E: -1.2732395984867539  -1.2732395316727754  -1.2732395318566287  log₁₀ σ²(E): -3.1710     -7.8087     -7.7829     S: 0.8604609746306966   χmax: 48  χ: 48  log₁₀ truncation: -9.7022     Chain length: 7002         - Convergence  S-false χ-true σ²- false
iDMRG Step: 4000      E: -1.2732395834992236  -1.2732395327015591  -1.2732395328792605  log₁₀ σ²(E): -3.2289     -7.7927     -7.7336     S: 0.8702133371210159   χmax: 48  χ: 48  log₁₀ truncation: -9.6406     Chain length: 8002         - Convergence  S-false χ-true σ²- false
iDMRG Step: 4500      E: -1.2732395730971786  -1.2732395334227835  -1.2732395336390292  log₁₀ σ²(E): -3.2801     -7.7794     -7.8595     S: 0.8784395344255064   χmax: 48  χ: 48  log₁₀ truncation: -9.5912     Chain length: 9002         - Convergence  S-false χ-true σ²- false
iDMRG Step: 5000      E: -1.2732395655644677  -1.2732395339448959  -1.2732395341242504  log₁₀ σ²(E): -3.3258     -7.7682     -7.7239     S: 0.8854461468583249   χmax: 48  χ: 48  log₁₀ truncation: -9.5509     Chain length: 10002        - Convergence  S-false χ-true σ²- false
iDMRG Step: 5500      E: -1.2732395599243620  -1.2732395343335008  -1.2732395345238987  log₁₀ σ²(E): -3.3672     -7.7586     -7.7235     S: 0.8914590425577037   χmax: 48  χ: 48  log₁₀ truncation: -9.5176     Chain length: 11002        - Convergence  S-false χ-true σ²- false
iDMRG Step: 6000      E: -1.2732395555867666  -1.2732395346284313  -1.2732395348224483  log₁₀ σ²(E): -3.4050     -7.7504     -7.7540     S: 0.8966502536274522   χmax: 48  χ: 48  log₁₀ truncation: -9.4898     Chain length: 12002        - Convergence  S-false χ-true σ²- false
iDMRG Step: 6500      E: -1.2732395521775377  -1.2732395348569945  -1.2732395350427819  log₁₀ σ²(E): -3.4397     -7.7435     -7.5935     S: 0.9011542068614380   χmax: 48  χ: 48  log₁₀ truncation: -9.4664     Chain length: 13002        - Convergence  S-false χ-true σ²- false
iDMRG Step: 7000      E: -1.2732395494495750  -1.2732395350367667  -1.2732395352147832  log₁₀ σ²(E): -3.4719     -7.7375     -7.8097     S: 0.9050780881797083   χmax: 48  χ: 48  log₁₀ truncation: -9.4465     Chain length: 14002        - Convergence  S-false χ-true σ²- false
iDMRG Step: 7500      E: -1.2732395472341063  -1.2732395351800734  -1.2732395353689414  log₁₀ σ²(E): -3.5019     -7.7325     -7.9032     S: 0.9085087545273629   χmax: 48  χ: 48  log₁₀ truncation: -9.4295     Chain length: 15002        - Convergence  S-false χ-true σ²- false
iDMRG Step: 8000      E: -1.2732395454123446  -1.2732395352962800  -1.2732395354908430  log₁₀ σ²(E): -3.5299     -7.7282     -7.7818     S: 0.9115175287036570   χmax: 48  χ: 48  log₁₀ truncation: -9.4150     Chain length: 16002        - Convergence  S-false χ-true σ²- false
iDMRG Step: 8500      E: -1.2732395438986679  -1.2732395353915116  -1.2732395355659218  log₁₀ σ²(E): -3.5562     -7.7247     -7.6993     S: 0.9141636293180551   χmax: 48  χ: 48  log₁₀ truncation: -9.4024     Chain length: 17002        - Convergence  S-false χ-true σ²- false
iDMRG Step: 9000      E: -1.2732395426298988  -1.2732395354705288  -1.2732395356425015  log₁₀ σ²(E): -3.5810     -7.7218     -7.6768     S: 0.9164967020090783   χmax: 48  χ: 48  log₁₀ truncation: -9.3915     Chain length: 18002        - Convergence  S-false χ-true σ²- false
iDMRG Step: 9500      E: -1.2732395415585411  -1.2732395355371902  -1.2732395357088053  log₁₀ σ²(E): -3.6045     -7.7195     -7.8679     S: 0.9185587223583001   χmax: 48  χ: 48  log₁₀ truncation: -9.3821     Chain length: 19002        - Convergence  S-false χ-true σ²- false
iDMRG Step: 10000     E: -1.2732395406483610  -1.2732395355940116  -1.2732395357745818  log₁₀ σ²(E): -3.6268     -7.7177     -7.7630     S: 0.9203854788393178   χmax: 48  χ: 48  log₁₀ truncation: -9.3739     Chain length: 20002        - Convergence  S-false χ-true σ²- false
iDMRG Step: 10500     E: -1.2732395398713252  -1.2732395356433552  -1.2732395358208266  log₁₀ σ²(E): -3.6480     -7.7165     -7.5869     S: 0.9220077909913412   χmax: 48  χ: 48  log₁₀ truncation: -9.3668     Chain length: 21002        - Convergence  S-false χ-true σ²- false
iDMRG Step: 11000     E: -1.2732395392056479  -1.2732395356874737  -1.2732395358757025  log₁₀ σ²(E): -3.6682     -7.7159     -7.6222     S: 0.9234525626308432   χmax: 48  χ: 48  log₁₀ truncation: -9.3607     Chain length: 22002        - Convergence  S-false χ-true σ²- false
iDMRG Step: 11500     E: -1.2732395386356086  -1.2732395357293420  -1.2732395359128073  log₁₀ σ²(E): -3.6875     -7.7163     -7.6905     S: 0.9247445314960643   χmax: 48  χ: 48  log₁₀ truncation: -9.3555     Chain length: 23002        - Convergence  S-false χ-true σ²- false
iDMRG Step: 12000     E: -1.2732395382883757  -1.2732395358834327  -1.2732395360623203  log₁₀ σ²(E): -3.7060     -7.7292     -7.7191     S: 0.9263631268501249   χmax: 48  χ: 48  log₁₀ truncation: -9.3878     Chain length: 24002        - Convergence  S-false χ-true σ²- false
iDMRG Step: 12500     E: -1.2732395378471988  -1.2732395359061011  -1.2732395360915953  log₁₀ σ²(E): -3.7237     -7.7227     -7.7743     S: 0.9280943581339288   χmax: 48  χ: 48  log₁₀ truncation: -9.3788     Chain length: 25002        - Convergence  S-false χ-true σ²- false
iDMRG Step: 13000     E: -1.2732395374650158  -1.2732395359236919  -1.2732395360940851  log₁₀ σ²(E): -3.7407     -7.7180     -7.8356     S: 0.9295537470954095   χmax: 48  χ: 48  log₁₀ truncation: -9.3720     Chain length: 26002        - Convergence  S-false χ-true σ²- false
iDMRG Step: 13500     E: -1.2732395371318053  -1.2732395359377826  -1.2732395361244997  log₁₀ σ²(E): -3.7571     -7.7144     -7.6689     S: 0.9307899869314054   χmax: 48  χ: 48  log₁₀ truncation: -9.3665     Chain length: 27002        - Convergence  S-false χ-true σ²- false
iDMRG Step: 14000     E: -1.2732395368398322  -1.2732395359494562  -1.2732395361414679  log₁₀ σ²(E): -3.7729     -7.7114     -7.7233     S: 0.9318436109588407   χmax: 48  χ: 48  log₁₀ truncation: -9.3619     Chain length: 28002        - Convergence  S-false χ-true σ²- false
iDMRG Step: 14500     E: -1.2732395365831324  -1.2732395359590920  -1.2732395361527979  log₁₀ σ²(E): -3.7881     -7.7089     -7.5993     S: 0.9327471572053565   χmax: 48  χ: 48  log₁₀ truncation: -9.3581     Chain length: 29002        - Convergence  S-false χ-true σ²- false
iDMRG Step: 15000     E: -1.2732395363567950  -1.2732395359672706  -1.2732395361544258  log₁₀ σ²(E): -3.8029     -7.7068     -7.7520     S: 0.9335264317046491   χmax: 48  χ: 48  log₁₀ truncation: -9.3548     Chain length: 30002        - Convergence  S-false χ-true σ²- false
iDMRG Step: 15500     E: -1.2732395361568296  -1.2732395359741799  -1.2732395361607223  log₁₀ σ²(E): -3.8171     -7.7051     -7.6802     S: 0.9342019709775445   χmax: 48  χ: 48  log₁₀ truncation: -9.3520     Chain length: 31002        - Convergence  S-false χ-true σ²- false
iDMRG Step: 16000     E: -1.2732395359798332  -1.2732395359802222  -1.2732395361554456  log₁₀ σ²(E): -3.8309     -7.7036     -7.7615     S: 0.9347902109612637   χmax: 48  χ: 48  log₁₀ truncation: -9.3496     Chain length: 32002        - Convergence  S-false χ-true σ²- false
iDMRG Step: 16500     E: -1.2732395358228961  -1.2732395359855555  -1.2732395361634581  log₁₀ σ²(E): -3.8442     -7.7023     -7.6061     S: 0.9353044194884973   χmax: 48  χ: 48  log₁₀ truncation: -9.3475     Chain length: 33002        - Convergence  S-false χ-true σ²- false
iDMRG Step: 17000     E: -1.2732395356835522  -1.2732395359901756  -1.2732395361733748  log₁₀ σ²(E): -3.8572     -7.7012     -7.6439     S: 0.9357554085268890   χmax: 48  χ: 48  log₁₀ truncation: -9.3456     Chain length: 34002        - Convergence  S-false χ-true σ²- false
iDMRG Step: 17500     E: -1.2732395355597270  -1.2732395359944539  -1.2732395361792033  log₁₀ σ²(E): -3.8698     -7.7003     -7.6312     S: 0.9361520472641253   χmax: 48  χ: 48  log₁₀ truncation: -9.3440     Chain length: 35002        - Convergence  S-false χ-true σ²- false
iDMRG Step: 18000     E: -1.2732395354495494  -1.2732395359982553  -1.2732395361794058  log₁₀ σ²(E): -3.8820     -7.6994     -7.6421     S: 0.9365016572875765   χmax: 48  χ: 48  log₁₀ truncation: -9.3426     Chain length: 36002        - Convergence  S-false χ-true σ²- false
iDMRG Step: 18500     E: -1.2732395353514625  -1.2732395360018205  -1.2732395361908408  log₁₀ σ²(E): -3.8939     -7.6987     -7.6953     S: 0.9368103306843989   χmax: 48  χ: 48  log₁₀ truncation: -9.3414     Chain length: 37002        - Convergence  S-false χ-true σ²- false
iDMRG Step: 19000     E: -1.2732395352641031  -1.2732395360051214  -1.2732395361918982  log₁₀ σ²(E): -3.9055     -7.6981     -7.6279     S: 0.9370831534238977   χmax: 48  χ: 48  log₁₀ truncation: -9.3403     Chain length: 38002        - Convergence  S-false χ-true σ²- false
iDMRG Step: 19500     E: -1.2732395351862755  -1.2732395360082074  -1.2732395361845825  log₁₀ σ²(E): -3.9168     -7.6976     -7.6760     S: 0.9373244043254698   χmax: 48  χ: 48  log₁₀ truncation: -9.3393     Chain length: 39002        - Convergence  S-false χ-true σ²- false
iDMRG Step: 20000     E: -1.2732395351169470  -1.2732395360113953  -1.2732395361855273  log₁₀ σ²(E): -3.9278     -7.6972     -7.6349     S: 0.9375376460467212   χmax: 48  χ: 48  log₁₀ truncation: -9.3384     Chain length: 40002        - Convergence  S-false χ-true σ²- false
iDMRG Step: 20500     E: -1.2732395350551815  -1.2732395360145186  -1.2732395361896742  log₁₀ σ²(E): -3.9385     -7.6968     -7.6729     S: 0.9377258978753349   χmax: 48  χ: 48  log₁₀ truncation: -9.3376     Chain length: 41002        - Convergence  S-false χ-true σ²- false
iDMRG Step: 21000     E: -1.2732395350002064  -1.2732395360178237  -1.2732395361948869  log₁₀ σ²(E): -3.9490     -7.6966     -7.7134     S: 0.9378916465985664   χmax: 48  χ: 48  log₁₀ truncation: -9.3370     Chain length: 42002        - Convergence  S-false χ-true σ²- false
iDMRG Step: 21500     E: -1.2732395349513290  -1.2732395360212569  -1.2732395362003930  log₁₀ σ²(E): -3.9592     -7.6963     -7.6599     S: 0.9380369564415946   χmax: 48  χ: 48  log₁₀ truncation: -9.3363     Chain length: 43002        - Convergence  S-false χ-true σ²- false
iDMRG Step: 22000     E: -1.2732395349079204  -1.2732395360248434  -1.2732395362019053  log₁₀ σ²(E): -3.9692     -7.6962     -7.7671     S: 0.9381635125874175   χmax: 48  χ: 48  log₁₀ truncation: -9.3358     Chain length: 44002        - Convergence  S-false χ-true σ²- false
iDMRG Step: 22500     E: -1.2732395348694685  -1.2732395360287625  -1.2732395362166000  log₁₀ σ²(E): -3.9789     -7.6961     -7.5779     S: 0.9382726089906018   χmax: 48  χ: 48  log₁₀ truncation: -9.3353     Chain length: 45002        - Convergence  S-false χ-true σ²- false
iDMRG Step: 23000     E: -1.2732395348355021  -1.2732395360330406  -1.2732395362133200  log₁₀ σ²(E): -3.9885     -7.6961     -7.6843     S: 0.9383652277413094   χmax: 48  χ: 48  log₁₀ truncation: -9.3349     Chain length: 46002        - Convergence  S-false χ-true σ²- false
iDMRG Step: 23500     E: -1.2732395348055938  -1.2732395360377622  -1.2732395362189717  log₁₀ σ²(E): -3.9978     -7.6961     -7.6266     S: 0.9384420116600438   χmax: 48  χ: 48  log₁₀ truncation: -9.3345     Chain length: 47002        - Convergence  S-false χ-true σ²- false
iDMRG Step: 24000     E: -1.2732395347794228  -1.2732395360431332  -1.2732395362223188  log₁₀ σ²(E): -4.0070     -7.6962     -7.6898     S: 0.9385032778805735   χmax: 48  χ: 48  log₁₀ truncation: -9.3342     Chain length: 48002        - Convergence  S-false χ-true σ²- false
iDMRG Step: 24500     E: -1.2732395347566252  -1.2732395360491990  -1.2732395362315470  log₁₀ σ²(E): -4.0159     -7.6963     -7.7118     S: 0.9385490143614044   χmax: 48  χ: 48  log₁₀ truncation: -9.3339     Chain length: 49002        - Convergence  S-false χ-true σ²- false
iDMRG Step: 25000     E: -1.2732395347370236  -1.2732395360559350  -1.2732395362450024  log₁₀ σ²(E): -4.0247     -7.6965     -7.6458     S: 0.9385788662266674   χmax: 48  χ: 48  log₁₀ truncation: -9.3337     Chain length: 50002        - Convergence  S-false χ-true σ²- false
iDMRG Step: 25500     E: -1.2732395347203271  -1.2732395360637123  -1.2732395362353179  log₁₀ σ²(E): -4.0333     -7.6967     -7.7507     S: 0.9385921158054350   χmax: 48  χ: 48  log₁₀ truncation: -9.3335     Chain length: 51002        - Convergence  S-false χ-true σ²- false
iDMRG Step: 26000     E: -1.2732395347063972  -1.2732395360726296  -1.2732395362492848  log₁₀ σ²(E): -4.0417     -7.6971     -7.5551     S: 0.9385876551945171   χmax: 48  χ: 48  log₁₀ truncation: -9.3333     Chain length: 52002        - Convergence  S-false χ-true σ²- false
iDMRG Step: 26500     E: -1.2732395346950849  -1.2732395360825899  -1.2732395362883908  log₁₀ σ²(E): -4.0500     -7.6974     -7.6744     S: 0.9385639509909913   χmax: 48  χ: 48  log₁₀ truncation: -9.3332     Chain length: 53002        - Convergence  S-false χ-true σ²- false
iDMRG Step: 27000     E: -1.2732395346862697  -1.2732395360940858  -1.2732395362746596  log₁₀ σ²(E): -4.0581     -7.6979     -7.7843     S: 0.9385190012594014   χmax: 48  χ: 48  log₁₀ truncation: -9.3331     Chain length: 54002        - Convergence  S-false χ-true σ²- false
iDMRG Step: 27500     E: -1.2732395346799055  -1.2732395361072544  -1.2732395362800450  log₁₀ σ²(E): -4.0661     -7.6984     -7.7362     S: 0.9384502838296011   χmax: 48  χ: 48  log₁₀ truncation: -9.3331     Chain length: 55002        - Convergence  S-false χ-true σ²- false
iDMRG Step: 28000     E: -1.2732395346759473  -1.2732395361224897  -1.2732395362990172  log₁₀ σ²(E): -4.0739     -7.6990     -7.5988     S: 0.9383546957107434   χmax: 48  χ: 48  log₁₀ truncation: -9.3331     Chain length: 56002        - Convergence  S-false χ-true σ²- false
iDMRG Step: 28500     E: -1.2732395346743823  -1.2732395361395339  -1.2732395363420177  log₁₀ σ²(E): -4.0816     -7.6997     -7.7639     S: 0.9382284832908500   χmax: 48  χ: 48  log₁₀ truncation: -9.3331     Chain length: 57002        - Convergence  S-false χ-true σ²- false
iDMRG Step: 29000     E: -1.2732395346752479  -1.2732395361591995  -1.2732395363391906  log₁₀ σ²(E): -4.0891     -7.7004     -7.6532     S: 0.9380671622165261   χmax: 48  χ: 48  log₁₀ truncation: -9.3333     Chain length: 58002        - Convergence  S-false χ-true σ²- false
iDMRG Step: 29500     E: -1.2732395346786001  -1.2732395361817184  -1.2732395363596041  log₁₀ σ²(E): -4.0966     -7.7013     -7.6641     S: 0.9378654273053949   χmax: 48  χ: 48  log₁₀ truncation: -9.3334     Chain length: 59002        - Convergence  S-false χ-true σ²- false
iDMRG Step: 30000     E: -1.2732395346845620  -1.2732395362075399  -1.2732395363906579  log₁₀ σ²(E): -4.1038     -7.7023     -7.6936     S: 0.9376170515267861   χmax: 48  χ: 48  log₁₀ truncation: -9.3337     Chain length: 60002        - Convergence  S-false χ-true σ²- false
iDMRG Step: 30500     E: -1.2732395346932595  -1.2732395362368796  -1.2732395364273907  log₁₀ σ²(E): -4.1110     -7.7033     -7.7864     S: 0.9373147741566865   χmax: 48  χ: 48  log₁₀ truncation: -9.3340     Chain length: 61002        - Convergence  S-false χ-true σ²- false
iDMRG Step: 31000     E: -1.2732395347048862  -1.2732395362702369  -1.2732395364576274  log₁₀ σ²(E): -4.1181     -7.7046     -7.6245     S: 0.9369501791424119   χmax: 48  χ: 48  log₁₀ truncation: -9.3344     Chain length: 62002        - Convergence  S-false χ-true σ²- false
iDMRG Step: 31500     E: -1.2732395347196541  -1.2732395363082754  -1.2732395364982365  log₁₀ σ²(E): -4.1250     -7.7059     -7.5948     S: 0.9365135590291883   χmax: 48  χ: 48  log₁₀ truncation: -9.3348     Chain length: 63002        - Convergence  S-false χ-true σ²- false
iDMRG Step: 32000     E: -1.2732395347378347  -1.2732395363515581  -1.2732395365374767  log₁₀ σ²(E): -4.1319     -7.7075     -7.7164     S: 0.9359937819543865   χmax: 48  χ: 48  log₁₀ truncation: -9.3354     Chain length: 64002        - Convergence  S-false χ-true σ²- false
iDMRG Step: 32500     E: -1.2732395347597460  -1.2732395364003501  -1.2732395365926550  log₁₀ σ²(E): -4.1386     -7.7092     -7.9574     S: 0.9353781351512738   χmax: 48  χ: 48  log₁₀ truncation: -9.3361     Chain length: 65002        - Convergence  S-false χ-true σ²- false
iDMRG Step: 33000     E: -1.2732395347857657  -1.2732395364557516  -1.2732395366428826  log₁₀ σ²(E): -4.1452     -7.7111     -7.6823     S: 0.9346521793451316   χmax: 48  χ: 48  log₁₀ truncation: -9.3369     Chain length: 66002        - Convergence  S-false χ-true σ²- false
iDMRG Step: 33500     E: -1.2732395348163086  -1.2732395365180471  -1.2732395367024203  log₁₀ σ²(E): -4.1518     -7.7132     -7.6980     S: 0.9337995981905870   χmax: 48  χ: 48  log₁₀ truncation: -9.3379     Chain length: 67002        - Convergence  S-false χ-true σ²- false
iDMRG Step: 34000     E: -1.2732395348518644  -1.2732395365882665  -1.2732395367832083  log₁₀ σ²(E): -4.1582     -7.7156     -7.6429     S: 0.9328020572653889   χmax: 48  χ: 48  log₁₀ truncation: -9.3391     Chain length: 68002        - Convergence  S-false χ-true σ²- false
iDMRG Step: 34500     E: -1.2732395348929715  -1.2732395366668219  -1.2732395368634248  log₁₀ σ²(E): -4.1645     -7.7182     -7.7189     S: 0.9316390800190800   χmax: 48  χ: 48  log₁₀ truncation: -9.3404     Chain length: 69002        - Convergence  S-false χ-true σ²- false
iDMRG Step: 35000     E: -1.2732395349402179  -1.2732395367521114  -1.2732395369384100  log₁₀ σ²(E): -4.1708     -7.7211     -7.7099     S: 0.9302879319055682   χmax: 48  χ: 48  log₁₀ truncation: -9.3419     Chain length: 70002        - Convergence  S-false χ-true σ²- false
iDMRG Step: 35500     E: -1.2732395349942778  -1.2732395368519334  -1.2732395370230878  log₁₀ σ²(E): -4.1769     -7.7244     -7.7328     S: 0.9287236528348664   χmax: 48  χ: 48  log₁₀ truncation: -9.3437     Chain length: 71002        - Convergence  S-false χ-true σ²- false
iDMRG Step: 36000     E: -1.2732395350558736  -1.2732395369595322  -1.2732395371442435  log₁₀ σ²(E): -4.1830     -7.7281     -7.7485     S: 0.9269189225107088   χmax: 48  χ: 48  log₁₀ truncation: -9.3458     Chain length: 72002        - Convergence  S-false χ-true σ²- false
iDMRG Step: 36500     E: -1.2732395351257628  -1.2732395370796743  -1.2732395372354302  log₁₀ σ²(E): -4.1890     -7.7321     -7.6903     S: 0.9248442449998967   χmax: 48  χ: 48  log₁₀ truncation: -9.3482     Chain length: 73002        - Convergence  S-false χ-true σ²- false
iDMRG Step: 37000     E: -1.2732395352047816  -1.2732395372098713  -1.2732395373900269  log₁₀ σ²(E): -4.1949     -7.7366     -7.8542     S: 0.9224682534944647   χmax: 48  χ: 48  log₁₀ truncation: -9.3509     Chain length: 74002        - Convergence  S-false χ-true σ²- false
iDMRG Step: 37500     E: -1.2732395352937953  -1.2732395373520200  -1.2732395375324042  log₁₀ σ²(E): -4.2007     -7.7416     -7.6061     S: 0.9197577408159919   χmax: 48  χ: 48  log₁₀ truncation: -9.3539     Chain length: 75002        - Convergence  S-false χ-true σ²- false
iDMRG Step: 38000     E: -1.2732395353936850  -1.2732395375099819  -1.2732395376887933  log₁₀ σ²(E): -4.2065     -7.7472     -7.8288     S: 0.9166784805224214   χmax: 48  χ: 48  log₁₀ truncation: -9.3575     Chain length: 76002        - Convergence  S-false χ-true σ²- false
iDMRG Step: 38500     E: -1.2732395355053332  -1.2732395376738550  -1.2732395378597325  log₁₀ σ²(E): -4.2122     -7.7532     -7.6951     S: 0.9131957568557233   χmax: 48  χ: 48  log₁₀ truncation: -9.3614     Chain length: 77002        - Convergence  S-false χ-true σ²- false
iDMRG Step: 39000     E: -1.2732395356295976  -1.2732395378528976  -1.2732395380227151  log₁₀ σ²(E): -4.2178     -7.7600     -7.7825     S: 0.9092753716473514   χmax: 48  χ: 48  log₁₀ truncation: -9.3659     Chain length: 78002        - Convergence  S-false χ-true σ²- false
iDMRG Step: 39500     E: -1.2732395357673045  -1.2732395380413526  -1.2732395382189596  log₁₀ σ²(E): -4.2233     -7.7674     -7.7917     S: 0.9048846906052166   χmax: 48  χ: 48  log₁₀ truncation: -9.3710     Chain length: 79002        - Convergence  S-false χ-true σ²- false
iDMRG Step: 40000     E: -1.2732395359191608  -1.2732395382382506  -1.2732395384274955  log₁₀ σ²(E): -4.2288     -7.7754     -7.7610     S: 0.8999942227946230   χmax: 48  χ: 48  log₁₀ truncation: -9.3767     Chain length: 80002        - Convergence  S-false χ-true σ²- false
iDMRG Step: 40500     E: -1.2732395360856892  -1.2732395384493793  -1.2732395386352517  log₁₀ σ²(E): -4.2342     -7.7843     -7.8198     S: 0.8945790195843097   χmax: 48  χ: 48  log₁₀ truncation: -9.3831     Chain length: 81002        - Convergence  S-false χ-true σ²- false
iDMRG Step: 41000     E: -1.2732395362672886  -1.2732395386622768  -1.2732395388458055  log₁₀ σ²(E): -4.2395     -7.7939     -7.8836     S: 0.8886206536076539   χmax: 48  χ: 48  log₁₀ truncation: -9.3902     Chain length: 82002        - Convergence  S-false χ-true σ²- false
iDMRG Step: 41500     E: -1.2732395364640334  -1.2732395388787987  -1.2732395390479880  log₁₀ σ²(E): -4.2448     -7.8043     -7.8332     S: 0.8821090991349236   χmax: 48  χ: 48  log₁₀ truncation: -9.3982     Chain length: 83002        - Convergence  S-false χ-true σ²- false
iDMRG Step: 42000     E: -1.2732395366757334  -1.2732395391028444  -1.2732395392825935  log₁₀ σ²(E): -4.2500     -7.8155     -7.9231     S: 0.8750444619182840   χmax: 48  χ: 48  log₁₀ truncation: -9.4069     Chain length: 84002        - Convergence  S-false χ-true σ²- false
iDMRG Step: 42500     E: -1.2732395369018281  -1.2732395393291491  -1.2732395394993843  log₁₀ σ²(E): -4.2551     -7.8276     -7.9644     S: 0.8674389201009656   χmax: 48  χ: 48  log₁₀ truncation: -9.4165     Chain length: 85002        - Convergence  S-false χ-true σ²- false
iDMRG Step: 43000     E: -1.2732395371413283  -1.2732395395487388  -1.2732395397309315  log₁₀ σ²(E): -4.2602     -7.8404     -7.7328     S: 0.8593178494583101   χmax: 48  χ: 48  log₁₀ truncation: -9.4271     Chain length: 86002        - Convergence  S-false χ-true σ²- false
iDMRG Step: 43500     E: -1.2732395373928773  -1.2732395397683700  -1.2732395399540948  log₁₀ σ²(E): -4.2652     -7.8540     -7.8067     S: 0.8507206141495159   χmax: 48  χ: 48  log₁₀ truncation: -9.4386     Chain length: 87002        - Convergence  S-false χ-true σ²- false
iDMRG Step: 44000     E: -1.2732395376546541  -1.2732395399832113  -1.2732395401730658  log₁₀ σ²(E): -4.2702     -7.8684     -8.0153     S: 0.8417007636158427   χmax: 48  χ: 48  log₁₀ truncation: -9.4511     Chain length: 88002        - Convergence  S-false χ-true σ²- false
iDMRG Step: 44500     E: -1.2732395379244406  -1.2732395401916632  -1.2732395403762120  log₁₀ σ²(E): -4.2751     -7.8835     -7.8623     S: 0.8323250353689132   χmax: 48  χ: 48  log₁₀ truncation: -9.4645     Chain length: 89002        - Convergence  S-false χ-true σ²- false
iDMRG Step: 45000     E: -1.2732395381997232  -1.2732395403921419  -1.2732395405735566  log₁₀ σ²(E): -4.2799     -7.8992     -7.9935     S: 0.8226718292758157   χmax: 48  χ: 48  log₁₀ truncation: -9.4788     Chain length: 90002        - Convergence  S-false χ-true σ²- false
iDMRG Step: 45500     E: -1.2732395384776591  -1.2732395405823884  -1.2732395407703985  log₁₀ σ²(E): -4.2847     -7.9155     -8.0939     S: 0.8128285291302774   χmax: 48  χ: 48  log₁₀ truncation: -9.4940     Chain length: 91002        - Convergence  S-false χ-true σ²- false
iDMRG Step: 46000     E: -1.2732395387553508  -1.2732395407627806  -1.2732395409444841  log₁₀ σ²(E): -4.2895     -7.9323     -8.0225     S: 0.8028882596460321   χmax: 48  χ: 48  log₁₀ truncation: -9.5101     Chain length: 92002        - Convergence  S-false χ-true σ²- false
iDMRG Step: 46500     E: -1.2732395390297329  -1.2732395409338291  -1.2732395411153621  log₁₀ σ²(E): -4.2942     -7.9496     -7.9389     S: 0.7929463365500359   χmax: 48  χ: 48  log₁₀ truncation: -9.5268     Chain length: 93002        - Convergence  S-false χ-true σ²- false
iDMRG Step: 47000     E: -1.2732395392979501  -1.2732395410895245  -1.2732395412769817  log₁₀ σ²(E): -4.2988     -7.9671     -7.9440     S: 0.7830964732832837   χmax: 48  χ: 48  log₁₀ truncation: -9.5443     Chain length: 94002        - Convergence  S-false χ-true σ²- false
iDMRG Step: 47500     E: -1.2732395395573017  -1.2732395412365429  -1.2732395414048734  log₁₀ σ²(E): -4.3034     -7.9848     -8.3587     S: 0.7734271075364632   χmax: 48  χ: 48  log₁₀ truncation: -9.5622     Chain length: 95002        - Convergence  S-false χ-true σ²- false
iDMRG Step: 48000     E: -1.2732395398053300  -1.2732395413699322  -1.2732395415577591  log₁₀ σ²(E): -4.3079     -8.0026     -8.1484     S: 0.7640186852163551   χmax: 48  χ: 48  log₁₀ truncation: -9.5806     Chain length: 96002        - Convergence  S-false χ-true σ²- false
iDMRG Step: 48500     E: -1.2732395400400311  -1.2732395414938156  -1.2732395416883340  log₁₀ σ²(E): -4.3124     -8.0205     -7.8801     S: 0.7549407711406818   χmax: 48  χ: 48  log₁₀ truncation: -9.5992     Chain length: 97002        - Convergence  S-false χ-true σ²- false
iDMRG Step: 49000     E: -1.2732395402598093  -1.2732395416055129  -1.2732395417890976  log₁₀ σ²(E): -4.3169     -8.0382     -8.2009     S: 0.7462511821869814   χmax: 48  χ: 48  log₁₀ truncation: -9.6179     Chain length: 98002        - Convergence  S-false χ-true σ²- false
iDMRG Step: 49500     E: -1.2732395404635202  -1.2732395417058258  -1.2732395418828044  log₁₀ σ²(E): -4.3213     -8.0556     -8.1021     S: 0.7379947653936401   χmax: 48  χ: 48  log₁₀ truncation: -9.6366     Chain length: 99002        - Convergence  S-false χ-true σ²- false
iDMRG Step: 50000     E: -1.2732395406504904  -1.2732395417954494  -1.2732395419933211  log₁₀ σ²(E): -4.3257     -8.0726     -8.0420     S: 0.7302036923581197   χmax: 48  χ: 48  log₁₀ truncation: -9.6551     Chain length: 100002       - Convergence  S-false χ-true σ²- false
iDMRG Step: 50500     E: -1.2732395408204693  -1.2732395418764981  -1.2732395420600906  log₁₀ σ²(E): -4.3300     -8.0893     -8.0085     S: 0.7228979201604377   χmax: 48  χ: 48  log₁₀ truncation: -9.6733     Chain length: 101002       - Convergence  S-false χ-true σ²- false
iDMRG Step: 51000     E: -1.2732395409735751  -1.2732395419477576  -1.2732395421303384  log₁₀ σ²(E): -4.3343     -8.1054     -8.1490     S: 0.7160865835067893   χmax: 48  χ: 48  log₁₀ truncation: -9.6910     Chain length: 102002       - Convergence  S-false χ-true σ²- false
iDMRG Step: 51500     E: -1.2732395411102952  -1.2732395420098057  -1.2732395421870193  log₁₀ σ²(E): -4.3385     -8.1207     -7.9313     S: 0.7097689900556534   χmax: 48  χ: 48  log₁₀ truncation: -9.7082     Chain length: 103002       - Convergence  S-false χ-true σ²- false
iDMRG Step: 52000     E: -1.2732395412312976  -1.2732395420643228  -1.2732395422613043  log₁₀ σ²(E): -4.3427     -8.1353     -8.1231     S: 0.7039361742944680   χmax: 48  χ: 48  log₁₀ truncation: -9.7246     Chain length: 104002       - Convergence  S-false χ-true σ²- false
iDMRG Step: 52500     E: -1.2732395413371922  -1.2732395421117979  -1.2732395423001897  log₁₀ σ²(E): -4.3469     -8.1489     -8.1588     S: 0.6985707794563834   χmax: 48  χ: 48  log₁₀ truncation: -9.7401     Chain length: 105002       - Convergence  S-false χ-true σ²- false
iDMRG Step: 53000     E: -1.2732395414907225  -1.2732395422245220  -1.2732395424114569  log₁₀ σ²(E): -4.3510     -8.1780     -8.2851     S: 0.6935388503439723   χmax: 48  χ: 48  log₁₀ truncation: -9.7500     Chain length: 106002       - Convergence  S-false χ-true σ²- false
iDMRG Step: 53500     E: -1.2732395415774631  -1.2732395422598364  -1.2732395424435425  log₁₀ σ²(E): -4.3550     -8.1908     -8.1457     S: 0.6888588619648909   χmax: 48  χ: 48  log₁₀ truncation: -9.7649     Chain length: 107002       - Convergence  S-false χ-true σ²- false
iDMRG Step: 54000     E: -1.2732395416533280  -1.2732395422905114  -1.2732395424635801  log₁₀ σ²(E): -4.3591     -8.2038     -8.1888     S: 0.6846372483774310   χmax: 48  χ: 48  log₁₀ truncation: -9.7799     Chain length: 108002       - Convergence  S-false χ-true σ²- false
iDMRG Step: 54500     E: -1.2732395417176725  -1.2732395423160381  -1.2732395424988898  log₁₀ σ²(E): -4.3631     -8.2158     -7.9931     S: 0.6808331766007998   χmax: 48  χ: 48  log₁₀ truncation: -9.7936     Chain length: 109002       - Convergence  S-false χ-true σ²- false
iDMRG Step: 55000     E: -1.2732395417720210  -1.2732395423370875  -1.2732395425132412  log₁₀ σ²(E): -4.3671     -8.2266     -8.0765     S: 0.6774122428097765   χmax: 48  χ: 48  log₁₀ truncation: -9.8060     Chain length: 110002       - Convergence  S-false χ-true σ²- false
iDMRG Step: 55500     E: -1.2732395418177811  -1.2732395423547282  -1.2732395425318637  log₁₀ σ²(E): -4.3710     -8.2365     -8.8871     S: 0.6743421806174764   χmax: 48  χ: 48  log₁₀ truncation: -9.8174     Chain length: 111002       - Convergence  S-false χ-true σ²- false
iDMRG Step: 56000     E: -1.2732395418562594  -1.2732395423691356  -1.2732395425477956  log₁₀ σ²(E): -4.3749     -8.2454     -8.3167     S: 0.6715924065543922   χmax: 48  χ: 48  log₁₀ truncation: -9.8277     Chain length: 112002       - Convergence  S-false χ-true σ²- false
iDMRG Step: 56500     E: -1.2732395418885190  -1.2732395423809852  -1.2732395425756322  log₁₀ σ²(E): -4.3787     -8.2535     -8.4130     S: 0.6691339644686559   χmax: 48  χ: 48  log₁₀ truncation: -9.8370     Chain length: 113002       - Convergence  S-false χ-true σ²- false
iDMRG Step: 57000     E: -1.2732395419155993  -1.2732395423909058  -1.2732395425640779  log₁₀ σ²(E): -4.3826     -8.2608     -8.0129     S: 0.6669396327549051   χmax: 48  χ: 48  log₁₀ truncation: -9.8454     Chain length: 114002       - Convergence  S-false χ-true σ²- false
iDMRG Step: 57500     E: -1.2732395419382598  -1.2732395423989633  -1.2732395425964493  log₁₀ σ²(E): -4.3864     -8.2674     -8.6185     S: 0.6649839663038204   χmax: 48  χ: 48  log₁₀ truncation: -9.8530     Chain length: 115002       - Convergence  S-false χ-true σ²- false
iDMRG Step: 58000     E: -1.2732395419572602  -1.2732395424055545  -1.2732395425929632  log₁₀ σ²(E): -4.3901     -8.2733     -8.3560     S: 0.6632433486659493   χmax: 48  χ: 48  log₁₀ truncation: -9.8598     Chain length: 116002       - Convergence  S-false χ-true σ²- false
iDMRG Step: 58500     E: -1.2732395419731743  -1.2732395424109768  -1.2732395425934797  log₁₀ σ²(E): -4.3938     -8.2786     -8.2033     S: 0.6616959949835262   χmax: 48  χ: 48  log₁₀ truncation: -9.8659     Chain length: 117002       - Convergence  S-false χ-true σ²- false
iDMRG Step: 59000     E: -1.2732395419865146  -1.2732395424153873  -1.2732395426082384  log₁₀ σ²(E): -4.3975     -8.2833     -8.6450     S: 0.6603219223277077   χmax: 48  χ: 48  log₁₀ truncation: -9.8714     Chain length: 118002       - Convergence  S-false χ-true σ²- false
iDMRG Step: 59500     E: -1.2732395419977209  -1.2732395424191869  -1.2732395425962877  log₁₀ σ²(E): -4.4012     -8.2876     -8.2522     S: 0.6591028912106511   χmax: 48  χ: 48  log₁₀ truncation: -9.8764     Chain length: 119002       - Convergence  S-false χ-true σ²- false
iDMRG Step: 60000     E: -1.2732395420071159  -1.2732395424220866  -1.2732395425949619  log₁₀ σ²(E): -4.4048     -8.2914     -8.6786     S: 0.6580223262237606   χmax: 48  χ: 48  log₁₀ truncation: -9.8807     Chain length: 120002       - Convergence  S-false χ-true σ²- false
iDMRG Step: 60500     E: -1.2732395420150564  -1.2732395424245442  -1.2732395426019016  log₁₀ σ²(E): -4.4084     -8.2948     -8.3355     S: 0.6570652220024414   χmax: 48  χ: 48  log₁₀ truncation: -9.8847     Chain length: 121002       - Convergence  S-false χ-true σ²- false
iDMRG Step: 61000     E: -1.2732395420217417  -1.2732395424266367  -1.2732395426186167  log₁₀ σ²(E): -4.4120     -8.2978     -8.4335     S: 0.6562180398747207   χmax: 48  χ: 48  log₁₀ truncation: -9.8881     Chain length: 122002       - Convergence  S-false χ-true σ²- false
iDMRG Step: 61500     E: -1.2732395420273999  -1.2732395424282710  -1.2732395426000840  log₁₀ σ²(E): -4.4156     -8.3005     -8.7797     S: 0.6554686004079322   χmax: 48  χ: 48  log₁₀ truncation: -9.8912     Chain length: 123002       - Convergence  S-false χ-true σ²- false
iDMRG Step: 62000     E: -1.2732395420321878  -1.2732395424294460  -1.2732395426106740  log₁₀ σ²(E): -4.4191     -8.3028     -8.2501     S: 0.6548059752699342   χmax: 48  χ: 48  log₁₀ truncation: -9.8940     Chain length: 124002       - Convergence  S-false χ-true σ²- false
iDMRG Step: 62500     E: -1.2732395420362455  -1.2732395424307377  -1.2732395426083527  log₁₀ σ²(E): -4.4226     -8.3049     -8.7091     S: 0.6542203806603613   χmax: 48  χ: 48  log₁₀ truncation: -9.8964     Chain length: 125002       - Convergence  S-false χ-true σ²- false
iDMRG Step: 63000     E: -1.2732395420397140  -1.2732395424317462  -1.2732395426163030  log₁₀ σ²(E): -4.4260     -8.3068     -8.3604     S: 0.6537030747739008   χmax: 48  χ: 48  log₁₀ truncation: -9.8986     Chain length: 126002       - Convergence  S-false χ-true σ²- false
iDMRG Step: 63500     E: -1.2732395420426770  -1.2732395424325542  -1.2732395426192444  log₁₀ σ²(E): -4.4295     -8.3085     -8.4976     S: 0.6532462605887285   χmax: 48  χ: 48  log₁₀ truncation: -9.9005     Chain length: 127002       - Convergence  S-false χ-true σ²- false
iDMRG Step: 64000     E: -1.2732395420452067  -1.2732395424332656  -1.2732395426052949  log₁₀ σ²(E): -4.4329     -8.3099     -8.1135     S: 0.6528429942669833   χmax: 48  χ: 48  log₁₀ truncation: -9.9022     Chain length: 128002       - Convergence  S-false χ-true σ²- false
iDMRG Step: 64500     E: -1.2732395420473728  -1.2732395424338216  -1.2732395426181458  log₁₀ σ²(E): -4.4362     -8.3112     -8.6416     S: 0.6524871002690006   χmax: 48  χ: 48  log₁₀ truncation: -9.9037     Chain length: 129002       - Convergence  S-false χ-true σ²- false
iDMRG Step: 65000     E: -1.2732395420492337  -1.2732395424342284  -1.2732395426168570  log₁₀ σ²(E): -4.4396     -8.3124     -8.1522     S: 0.6521730923984056   χmax: 48  χ: 48  log₁₀ truncation: -9.9051     Chain length: 130002       - Convergence  S-false χ-true σ²- false
iDMRG Step: 65500     E: -1.2732395420508349  -1.2732395424346685  -1.2732395426274086  log₁₀ σ²(E): -4.4429     -8.3134     -9.1484     S: 0.6518961024318561   χmax: 48  χ: 48  log₁₀ truncation: -9.9062     Chain length: 131002       - Convergence  S-false χ-true σ²- false
iDMRG Step: 66000     E: -1.2732395420522253  -1.2732395424349967  -1.2732395426172916  log₁₀ σ²(E): -4.4462     -8.3143     -8.2039     S: 0.6516518142439461   χmax: 48  χ: 48  log₁₀ truncation: -9.9073     Chain length: 132002       - Convergence  S-false χ-true σ²- false
iDMRG Step: 66500     E: -1.2732395420534144  -1.2732395424352390  -1.2732395426123155  log₁₀ σ²(E): -4.4495     -8.3151     nan         S: 0.6514364041566243   χmax: 48  χ: 48  log₁₀ truncation: -9.9082     Chain length: 133002       - Convergence  S-false χ-true σ²- false
iDMRG Step: 67000     E: -1.2732395420544538  -1.2732395424355458  -1.2732395426170278  log₁₀ σ²(E): -4.4528     -8.3158     -8.2577     S: 0.6512464872602660   χmax: 48  χ: 48  log₁₀ truncation: -9.9090     Chain length: 134002       - Convergence  S-false χ-true σ²- false
iDMRG Step: 67500     E: -1.2732395420553559  -1.2732395424357625  -1.2732395426134580  log₁₀ σ²(E): -4.4560     -8.3164     -8.2535     S: 0.6510790689210024   χmax: 48  χ: 48  log₁₀ truncation: -9.9097     Chain length: 135002       - Convergence  S-false χ-true σ²- false
iDMRG Step: 68000     E: -1.2732395420561327  -1.2732395424359084  -1.2732395426215717  log₁₀ σ²(E): -4.4592     -8.3169     -8.4190     S: 0.6509315012834941   χmax: 48  χ: 48  log₁₀ truncation: -9.9103     Chain length: 136002       - Convergence  S-false χ-true σ²- false
iDMRG Step: 68500     E: -1.2732395420568130  -1.2732395424360341  -1.2732395426187215  log₁₀ σ²(E): -4.4624     -8.3174     -8.1764     S: 0.6508014443472259   χmax: 48  χ: 48  log₁₀ truncation: -9.9109     Chain length: 137002       - Convergence  S-false χ-true σ²- false
iDMRG Step: 69000     E: -1.2732395420574065  -1.2732395424362595  -1.2732395426158123  log₁₀ σ²(E): -4.4655     -8.3178     -8.2021     S: 0.6506868307566206   χmax: 48  χ: 48  log₁₀ truncation: -9.9114     Chain length: 138002       - Convergence  S-false χ-true σ²- false
iDMRG Step: 69500     E: -1.2732395420579135  -1.2732395424362695  -1.2732395426227494  log₁₀ σ²(E): -4.4687     -8.3182     -8.3322     S: 0.6505858349364282   χmax: 48  χ: 48  log₁₀ truncation: -9.9118     Chain length: 139002       - Convergence  S-false χ-true σ²- false
iDMRG Step: 70000     E: -1.2732395420583640  -1.2732395424364005  -1.2732395426285046  log₁₀ σ²(E): -4.4718     -8.3185     -8.0287     S: 0.6504968451949522   χmax: 48  χ: 48  log₁₀ truncation: -9.9122     Chain length: 140002       - Convergence  S-false χ-true σ²- false
iDMRG Step: 70500     E: -1.2732395420587643  -1.2732395424365612  -1.2732395426112932  log₁₀ σ²(E): -4.4749     -8.3188     -8.0433     S: 0.6504184391696265   χmax: 48  χ: 48  log₁₀ truncation: -9.9125     Chain length: 141002       - Convergence  S-false χ-true σ²- false
iDMRG Step: 71000     E: -1.2732395420591045  -1.2732395424366136  -1.2732395426127863  log₁₀ σ²(E): -4.4779     -8.3191     -8.0877     S: 0.6503493620295140   χmax: 48  χ: 48  log₁₀ truncation: -9.9128     Chain length: 142002       - Convergence  S-false χ-true σ²- false
iDMRG Step: 71500     E: -1.2732395420593989  -1.2732395424366083  -1.2732395426233369  log₁₀ σ²(E): -4.4810     -8.3193     -8.1644     S: 0.6502885067610106   χmax: 48  χ: 48  log₁₀ truncation: -9.9131     Chain length: 143002       - Convergence  S-false χ-true σ²- false
iDMRG Step: 72000     E: -1.2732395420596734  -1.2732395424367069  -1.2732395426190610  log₁₀ σ²(E): -4.4840     -8.3195     -8.4293     S: 0.6502348970190545   χmax: 48  χ: 48  log₁₀ truncation: -9.9133     Chain length: 144002       - Convergence  S-false χ-true σ²- false
iDMRG Step: 72500     E: -1.2732395420598908  -1.2732395424366725  -1.2732395426188317  log₁₀ σ²(E): -4.4870     -8.3197     -8.3916     S: 0.6501876719684574   χmax: 48  χ: 48  log₁₀ truncation: -9.9135     Chain length: 145002       - Convergence  S-false χ-true σ²- false
iDMRG Step: 73000     E: -1.2732395420601004  -1.2732395424367904  -1.2732395426181242  log₁₀ σ²(E): -4.4900     -8.3198     -8.6201     S: 0.6501460725795158   χmax: 48  χ: 48  log₁₀ truncation: -9.9137     Chain length: 146002       - Convergence  S-false χ-true σ²- false
iDMRG Step: 73500     E: -1.2732395420602738  -1.2732395424368046  -1.2732395426211196  log₁₀ σ²(E): -4.4930     -8.3199     -8.0625     S: 0.6501094298591409   χmax: 48  χ: 48  log₁₀ truncation: -9.9139     Chain length: 147002       - Convergence  S-false χ-true σ²- false
iDMRG Step: 74000     E: -1.2732395420604352  -1.2732395424368821  -1.2732395426197614  log₁₀ σ²(E): -4.4959     -8.3201     -8.1356     S: 0.6500771539890615   χmax: 48  χ: 48  log₁₀ truncation: -9.9140     Chain length: 148002       - Convergence  S-false χ-true σ²- false
iDMRG Step: 74500     E: -1.2732395420605689  -1.2732395424370258  -1.2732395426215906  log₁₀ σ²(E): -4.4988     -8.3202     -8.1006     S: 0.6500487252882917   χmax: 48  χ: 48  log₁₀ truncation: -9.9141     Chain length: 149002       - Convergence  S-false χ-true σ²- false
iDMRG Step: 75000     E: -1.2732395420607028  -1.2732395424369565  -1.2732395426129013  log₁₀ σ²(E): -4.5017     -8.3203     -8.1864     S: 0.6500236856088063   χmax: 48  χ: 48  log₁₀ truncation: -9.9142     Chain length: 150002       - Convergence  S-false χ-true σ²- false
iDMRG Step: 75500     E: -1.2732395420607985  -1.2732395424368916  -1.2732395426159964  log₁₀ σ²(E): -4.5046     -8.3203     nan         S: 0.6500016313162976   χmax: 48  χ: 48  log₁₀ truncation: -9.9143     Chain length: 151002       - Convergence  S-false χ-true σ²- false
iDMRG Step: 76000     E: -1.2732395420608917  -1.2732395424370482  -1.2732395426200129  log₁₀ σ²(E): -4.5075     -8.3204     -8.4335     S: 0.6499822067986378   χmax: 48  χ: 48  log₁₀ truncation: -9.9144     Chain length: 152002       - Convergence  S-false χ-true σ²- false
iDMRG Step: 76500     E: -1.2732395420609717  -1.2732395424370284  -1.2732395426155687  log₁₀ σ²(E): -4.5103     -8.3205     -8.6059     S: 0.6499650986993084   χmax: 48  χ: 48  log₁₀ truncation: -9.9145     Chain length: 153002       - Convergence  S-false χ-true σ²- false
iDMRG Step: 77000     E: -1.2732395420610445  -1.2732395424370728  -1.2732395426220404  log₁₀ σ²(E): -4.5132     -8.3205     -8.5463     S: 0.6499500310600147   χmax: 48  χ: 48  log₁₀ truncation: -9.9145     Chain length: 154002       - Convergence  S-false χ-true σ²- false
iDMRG Step: 77500     E: -1.2732395420611051  -1.2732395424371745  -1.2732395426191714  log₁₀ σ²(E): -4.5160     -8.3206     -7.9138     S: 0.6499367605289329   χmax: 48  χ: 48  log₁₀ truncation: -9.9146     Chain length: 155002       - Convergence  S-false χ-true σ²- false
iDMRG Step: 78000     E: -1.2732395420611615  -1.2732395424370471  -1.2732395426155447  log₁₀ σ²(E): -4.5188     -8.3206     -8.4201     S: 0.6499250730083304   χmax: 48  χ: 48  log₁₀ truncation: -9.9146     Chain length: 156002       - Convergence  S-false χ-true σ²- false
iDMRG Step: 78500     E: -1.2732395420612177  -1.2732395424371559  -1.2732395426255556  log₁₀ σ²(E): -4.5215     -8.3207     -8.3604     S: 0.6499147795744896   χmax: 48  χ: 48  log₁₀ truncation: -9.9147     Chain length: 157002       - Convergence  S-false χ-true σ²- false
iDMRG Step: 79000     E: -1.2732395420612583  -1.2732395424370648  -1.2732395426267087  log₁₀ σ²(E): -4.5243     -8.3207     -8.4231     S: 0.6499057140667569   χmax: 48  χ: 48  log₁₀ truncation: -9.9147     Chain length: 158002       - Convergence  S-false χ-true σ²- false
iDMRG Step: 79500     E: -1.2732395420612865  -1.2732395424370777  -1.2732395426271568  log₁₀ σ²(E): -4.5270     -8.3207     -8.3906     S: 0.6498977301637641   χmax: 48  χ: 48  log₁₀ truncation: -9.9148     Chain length: 159002       - Convergence  S-false χ-true σ²- false
iDMRG Step: 80000     E: -1.2732395420613263  -1.2732395424370195  -1.2732395426219993  log₁₀ σ²(E): -4.5298     -8.3207     -8.3785     S: 0.6498906988231622   χmax: 48  χ: 48  log₁₀ truncation: -9.9148     Chain length: 160002       - Convergence  S-false χ-true σ²- false
iDMRG Step: 80500     E: -1.2732395420613474  -1.2732395424370733  -1.2732395426455323  log₁₀ σ²(E): -4.5325     -8.3208     -8.1372     S: 0.6498845063396758   χmax: 48  χ: 48  log₁₀ truncation: -9.9148     Chain length: 161002       - Convergence  S-false χ-true σ²- false
iDMRG Step: 81000     E: -1.2732395420613842  -1.2732395424371408  -1.2732395426093239  log₁₀ σ²(E): -4.5352     -8.3208     -8.2697     S: 0.6498790527268815   χmax: 48  χ: 48  log₁₀ truncation: -9.9148     Chain length: 162002       - Convergence  S-false χ-true σ²- false
iDMRG Step: 81500     E: -1.2732395420613989  -1.2732395424370184  -1.2732395426221033  log₁₀ σ²(E): -4.5378     -8.3208     -8.2577     S: 0.6498742497906442   χmax: 48  χ: 48  log₁₀ truncation: -9.9149     Chain length: 163002       - Convergence  S-false χ-true σ²- false
iDMRG Step: 82000     E: -1.2732395420614189  -1.2732395424371004  -1.2732395426143110  log₁₀ σ²(E): -4.5405     -8.3208     -8.4022     S: 0.6498700199101775   χmax: 48  χ: 48  log₁₀ truncation: -9.9149     Chain length: 164002       - Convergence  S-false χ-true σ²- false
iDMRG Step: 82500     E: -1.2732395420614346  -1.2732395424370664  -1.2732395426191594  log₁₀ σ²(E): -4.5431     -8.3208     -8.8842     S: 0.6498662948134043   χmax: 48  χ: 48  log₁₀ truncation: -9.9149     Chain length: 165002       - Convergence  S-false χ-true σ²- false
iDMRG Step: 83000     E: -1.2732395420614502  -1.2732395424372027  -1.2732395426209890  log₁₀ σ²(E): -4.5458     -8.3209     -8.3002     S: 0.6498630141739714   χmax: 48  χ: 48  log₁₀ truncation: -9.9149     Chain length: 166002       - Convergence  S-false χ-true σ²- false
iDMRG Step: 83500     E: -1.2732395420614744  -1.2732395424370999  -1.2732395426262186  log₁₀ σ²(E): -4.5484     -8.3209     -8.3993     S: 0.6498601249891799   χmax: 48  χ: 48  log₁₀ truncation: -9.9149     Chain length: 167002       - Convergence  S-false χ-true σ²- false
iDMRG Step: 84000     E: -1.2732395420614799  -1.2732395424370453  -1.2732395426145107  log₁₀ σ²(E): -4.5510     -8.3209     -8.3088     S: 0.6498575805874903   χmax: 48  χ: 48  log₁₀ truncation: -9.9149     Chain length: 168002       - Convergence  S-false χ-true σ²- false
iDMRG Step: 84500     E: -1.2732395420614924  -1.2732395424371161  -1.2732395426243035  log₁₀ σ²(E): -4.5535     -8.3209     -8.2333     S: 0.6498553398209789   χmax: 48  χ: 48  log₁₀ truncation: -9.9149     Chain length: 169002       - Convergence  S-false χ-true σ²- false
iDMRG Step: 85000     E: -1.2732395420615035  -1.2732395424370935  -1.2732395426249212  log₁₀ σ²(E): -4.5561     -8.3209     -8.1031     S: 0.6498533664240667   χmax: 48  χ: 48  log₁₀ truncation: -9.9150     Chain length: 170002       - Convergence  S-false χ-true σ²- false
iDMRG Step: 85500     E: -1.2732395420615097  -1.2732395424370080  -1.2732395426222753  log₁₀ σ²(E): -4.5586     -8.3209     -8.2171     S: 0.6498516285566498   χmax: 48  χ: 48  log₁₀ truncation: -9.9150     Chain length: 171002       - Convergence  S-false χ-true σ²- false
iDMRG Step: 86000     E: -1.2732395420615166  -1.2732395424371452  -1.2732395426179182  log₁₀ σ²(E): -4.5612     -8.3209     -8.3640     S: 0.6498500980223270   χmax: 48  χ: 48  log₁₀ truncation: -9.9150     Chain length: 172002       - Convergence  S-false χ-true σ²- false
iDMRG Step: 86500     E: -1.2732395420615197  -1.2732395424370391  -1.2732395426211307  log₁₀ σ²(E): -4.5637     -8.3209     -8.3587     S: 0.6498487501444242   χmax: 48  χ: 48  log₁₀ truncation: -9.9150     Chain length: 173002       - Convergence  S-false χ-true σ²- false
iDMRG Step: 87000     E: -1.2732395420615219  -1.2732395424371750  -1.2732395426392971  log₁₀ σ²(E): -4.5662     -8.3209     -8.4366     S: 0.6498475630849662   χmax: 48  χ: 48  log₁₀ truncation: -9.9150     Chain length: 174002       - Convergence  S-false χ-true σ²- false
iDMRG Step: 87500     E: -1.2732395420615314  -1.2732395424370764  -1.2732395426159728  log₁₀ σ²(E): -4.5687     -8.3209     nan         S: 0.6498465176578817   χmax: 48  χ: 48  log₁₀ truncation: -9.9150     Chain length: 175002       - Convergence  S-false χ-true σ²- false
iDMRG Step: 88000     E: -1.2732395420615314  -1.2732395424370835  -1.2732395426158867  log₁₀ σ²(E): -4.5712     -8.3209     -8.3322     S: 0.6498455970525941   χmax: 48  χ: 48  log₁₀ truncation: -9.9150     Chain length: 176002       - Convergence  S-false χ-true σ²- false
iDMRG Step: 88500     E: -1.2732395420615259  -1.2732395424370464  -1.2732395426243472  log₁₀ σ²(E): -4.5736     -8.3209     -7.9669     S: 0.6498447862788563   χmax: 48  χ: 48  log₁₀ truncation: -9.9150     Chain length: 177002       - Convergence  S-false χ-true σ²- false
iDMRG Step: 89000     E: -1.2732395420615426  -1.2732395424371796  -1.2732395426200076  log₁₀ σ²(E): -4.5761     -8.3209     -8.2216     S: 0.6498440722749269   χmax: 48  χ: 48  log₁₀ truncation: -9.9150     Chain length: 178002       - Convergence  S-false χ-true σ²- false
iDMRG Step: 89500     E: -1.2732395420615443  -1.2732395424370637  -1.2732395426175926  log₁₀ σ²(E): -4.5785     -8.3209     -8.4241     S: 0.6498434434630956   χmax: 48  χ: 48  log₁₀ truncation: -9.9150     Chain length: 179002       - Convergence  S-false χ-true σ²- false
iDMRG Step: 90000     E: -1.2732395420615552  -1.2732395424371363  -1.2732395426149150  log₁₀ σ²(E): -4.5809     -8.3209     -8.3491     S: 0.6498428896494068   χmax: 48  χ: 48  log₁₀ truncation: -9.9150     Chain length: 180002       - Convergence  S-false χ-true σ²- false
iDMRG Step: 90500     E: -1.2732395420615448  -1.2732395424371867  -1.2732395426165319  log₁₀ σ²(E): -4.5833     -8.3209     -8.5758     S: 0.6498424020348441   χmax: 48  χ: 48  log₁₀ truncation: -9.9150     Chain length: 181002       - Convergence  S-false χ-true σ²- false
iDMRG Step: 91000     E: -1.2732395420615588  -1.2732395424370853  -1.2732395426209533  log₁₀ σ²(E): -4.5857     -8.3209     -8.0706     S: 0.6498419725730530   χmax: 48  χ: 48  log₁₀ truncation: -9.9150     Chain length: 182002       - Convergence  S-false χ-true σ²- false
iDMRG Step: 91500     E: -1.2732395420615503  -1.2732395424372476  -1.2732395426164804  log₁₀ σ²(E): -4.5881     -8.3209     -9.1650     S: 0.6498415943203831   χmax: 48  χ: 48  log₁₀ truncation: -9.9150     Chain length: 183002       - Convergence  S-false χ-true σ²- false
iDMRG Step: 92000     E: -1.2732395420615481  -1.2732395424371918  -1.2732395426277838  log₁₀ σ²(E): -4.5905     -8.3209     -8.1583     S: 0.6498412612119669   χmax: 48  χ: 48  log₁₀ truncation: -9.9150     Chain length: 184002       - Convergence  S-false χ-true σ²- false
iDMRG Step: 92500     E: -1.2732395420615643  -1.2732395424370457  -1.2732395426236018  log₁₀ σ²(E): -4.5928     -8.3209     -8.4627     S: 0.6498409678016660   χmax: 48  χ: 48  log₁₀ truncation: -9.9150     Chain length: 185002       - Convergence  S-false χ-true σ²- false
iDMRG Step: 93000     E: -1.2732395420615656  -1.2732395424370910  -1.2732395426215652  log₁₀ σ²(E): -4.5952     -8.3209     -7.9563     S: 0.6498407094146439   χmax: 48  χ: 48  log₁₀ truncation: -9.9150     Chain length: 186002       - Convergence  S-false χ-true σ²- false
iDMRG Step: 93500     E: -1.2732395420615592  -1.2732395424371856  -1.2732395426055072  log₁₀ σ²(E): -4.5975     -8.3209     -8.1484     S: 0.6498404819895929   χmax: 48  χ: 48  log₁₀ truncation: -9.9150     Chain length: 187002       - Convergence  S-false χ-true σ²- false
iDMRG Step: 94000     E: -1.2732395420615568  -1.2732395424370964  -1.2732395426213055  log₁₀ σ²(E): -4.5998     -8.3209     -8.1345     S: 0.6498402816121978   χmax: 48  χ: 48  log₁₀ truncation: -9.9150     Chain length: 188002       - Convergence  S-false χ-true σ²- false
iDMRG Step: 94500     E: -1.2732395420615594  -1.2732395424371437  -1.2732395426084007  log₁₀ σ²(E): -4.6021     -8.3209     -8.2419     S: 0.6498401050919725   χmax: 48  χ: 48  log₁₀ truncation: -9.9150     Chain length: 189002       - Convergence  S-false χ-true σ²- false
iDMRG Step: 95000     E: -1.2732395420615636  -1.2732395424371439  -1.2732395426234995  log₁₀ σ²(E): -4.6044     -8.3209     -8.6332     S: 0.6498399497095300   χmax: 48  χ: 48  log₁₀ truncation: -9.9150     Chain length: 190002       - Convergence  S-false χ-true σ²- false
iDMRG Step: 95500     E: -1.2732395420615610  -1.2732395424370089  -1.2732395426157082  log₁₀ σ²(E): -4.6067     -8.3209     -8.0213     S: 0.6498398129283992   χmax: 48  χ: 48  log₁₀ truncation: -9.9150     Chain length: 191002       - Convergence  S-false χ-true σ²- false
iDMRG Step: 96000     E: -1.2732395420615628  -1.2732395424371648  -1.2732395426205834  log₁₀ σ²(E): -4.6089     -8.3209     -8.2690     S: 0.6498396924694069   χmax: 48  χ: 48  log₁₀ truncation: -9.9150     Chain length: 192002       - Convergence  S-false χ-true σ²- false
iDMRG Step: 96500     E: -1.2732395420615694  -1.2732395424371656  -1.2732395426221466  log₁₀ σ²(E): -4.6112     -8.3209     -8.2222     S: 0.6498395864260542   χmax: 48  χ: 48  log₁₀ truncation: -9.9150     Chain length: 193002       - Convergence  S-false χ-true σ²- false
iDMRG Step: 97000     E: -1.2732395420615625  -1.2732395424371037  -1.2732395426321963  log₁₀ σ²(E): -4.6134     -8.3209     -8.0015     S: 0.6498394929544362   χmax: 48  χ: 48  log₁₀ truncation: -9.9150     Chain length: 194002       - Convergence  S-false χ-true σ²- false
iDMRG Step: 97500     E: -1.2732395420615628  -1.2732395424370360  -1.2732395426202205  log₁₀ σ²(E): -4.6157     -8.3209     nan         S: 0.6498394106708040   χmax: 48  χ: 48  log₁₀ truncation: -9.9150     Chain length: 195002       - Convergence  S-false χ-true σ²- false
iDMRG Step: 98000     E: -1.2732395420615643  -1.2732395424371681  -1.2732395426170937  log₁₀ σ²(E): -4.6179     -8.3209     -8.2888     S: 0.6498393381984749   χmax: 48  χ: 48  log₁₀ truncation: -9.9150     Chain length: 196002       - Convergence  S-false χ-true σ²- false
iDMRG Step: 98500     E: -1.2732395420615696  -1.2732395424370990  -1.2732395426184804  log₁₀ σ²(E): -4.6201     -8.3209     -8.4314     S: 0.6498392743938757   χmax: 48  χ: 48  log₁₀ truncation: -9.9150     Chain length: 197002       - Convergence  S-false χ-true σ²- false
iDMRG Step: 99000     E: -1.2732395420615654  -1.2732395424371594  -1.2732395426178265  log₁₀ σ²(E): -4.6223     -8.3209     -8.2843     S: 0.6498392182065745   χmax: 48  χ: 48  log₁₀ truncation: -9.9150     Chain length: 198002       - Convergence  S-false χ-true σ²- false
iDMRG Step: 99500     E: -1.2732395420615632  -1.2732395424370195  -1.2732395426210443  log₁₀ σ²(E): -4.6245     -8.3209     -8.1393     S: 0.6498391687241891   χmax: 48  χ: 48  log₁₀ truncation: -9.9150     Chain length: 199002       - Convergence  S-false χ-true σ²- false
iDMRG Step: 100000    E: -1.2732395420615639  -1.2732395424371590  -1.2732395426251639  log₁₀ σ²(E): -4.6267     -8.3209     -8.4593     S: 0.6498391251651169   χmax: 48  χ: 48  log₁₀ truncation: -9.9150     Chain length: 200002       - Convergence  S-false χ-true σ²- false
iDMRG Step: 100500    E: -1.2732395420615610  -1.2732395424371266  -1.2732395426249601  log₁₀ σ²(E): -4.6288     -8.3209     -8.6518     S: 0.6498390868258278   χmax: 48  χ: 48  log₁₀ truncation: -9.9150     Chain length: 201002       - Convergence  S-false χ-true σ²- false
iDMRG Step: 101000    E: -1.2732395420615668  -1.2732395424370426  -1.2732395426129044  log₁₀ σ²(E): -4.6310     -8.3209     -8.0278     S: 0.6498390530997441   χmax: 48  χ: 48  log₁₀ truncation: -9.9150     Chain length: 202002       - Convergence  S-false χ-true σ²- false
iDMRG Step: 101500    E: -1.2732395420615672  -1.2732395424372034  -1.2732395426164222  log₁₀ σ²(E): -4.6331     -8.3209     -8.4810     S: 0.6498390234101115   χmax: 48  χ: 48  log₁₀ truncation: -9.9150     Chain length: 203002       - Convergence  S-false χ-true σ²- false
iDMRG Step: 102000    E: -1.2732395420615743  -1.2732395424371332  -1.2732395426165637  log₁₀ σ²(E): -4.6353     -8.3209     -8.4262     S: 0.6498389972328225   χmax: 48  χ: 48  log₁₀ truncation: -9.9150     Chain length: 204002       - Convergence  S-false χ-true σ²- false

 -- Final results -- iDMRG
Iterations               = 102001
Energy MPO           = -1.2732395420615743
Energy HAM           = -1.2732395424371332
Energy MOM           = -1.2732395426165637
log₁₀ σ²(E) MPO:     = -4.635265
log₁₀ σ²(E) HAM:     = -8.320943
log₁₀ σ²(E) MOM:     = -8.426187
Entanglement Entropy = 0.6498389972822479
χmax                 = 48
χ                    = 48
log₁₀ truncation:    = -9.9150
Simulation converged : true
S slope              = -0.0000000000905289 true
σ² MPO slope         = 0.0000000000000000 false
σ² HAM slope         = -0.0000000000000000 true
σ² MOM slope         = 0.0000000000004509 true
χ                    = 48 true

+Total Time              : 37543.53706 s | 100.00000 %
↳ Store to file          : 0.00178    s |   0.00000 % 
↳ Printing to console    : 0.03113    s |   0.00008 % 
↳ Computing observables  : 19288.96114 s |  51.37758 % 
↳+Simulation             : 17410.66215 s |  46.37459 % 

 Simulation breakdown:
+Total                   17410.66215    s
↳ Optimize MPS           : 16971.82889 s |  97.47951 % 
↳ SVD Truncation         : 438.79038  s |   2.52024 % 
↳ Update Environments    : 840.30532  s |   4.82638 % 
↳ Check Convergence      : 1.06017    s |   0.00609 % 

Computing observables breakdown:
+Total                   19288.96114    s
↳ Energy (MPO)           : 0.37140    s |   0.00193 % 
↳ Energy (Ham)           : 31.15156   s |   0.16150 % 
↳ Energy (Gen)           : 0.00000    s |   0.00000 % 
↳ Variance (MPO)         : 3.70391    s |   0.01920 % 
↳ Variance (Ham)         : 11703.30766 s |  60.67360 % 
↳ Variance (Gen)         : 6254.57773 s |  32.42568 % 
↳ Ent. Entropy           : 0.95523    s |   0.00495 % 
↳ Temp1                  : 6240.80804 s |  32.35430 % 
↳ Temp2                  : 0.00000    s |   0.00000 % 
↳ Temp3                  : 0.00000    s |   0.00000 % 
↳ Temp4                  : 0.00000    s |   0.00000 % 
All algorithms finished.
Data written to file: "/home/david/Dropbox/PhD/Programming/DMRG++/DMRG++/output/fes_10.h5"
