000 (016.010.000) 06/18 09:39:04 Job submitted from host: <127.0.0.1:14933?addrs=127.0.0.1-14933+[2001-6b0-1-1190-dc70-b90e-db64-45a5]-14933&noUDP&sock=23634_8964_5>
...
009 (016.010.000) 06/18 09:43:37 Job was aborted by the user.
	via condor_rm (by user david)
...
000 (017.010.000) 06/18 09:52:21 Job submitted from host: <127.0.0.1:14933?addrs=127.0.0.1-14933+[2001-6b0-1-1190-dc70-b90e-db64-45a5]-14933&noUDP&sock=23634_8964_5>
...
001 (017.010.000) 06/18 11:39:34 Job executing on host: <127.0.0.1:14933?addrs=127.0.0.1-14933+[2001-6b0-1-1190-dc70-b90e-db64-45a5]-14933&noUDP&sock=23634_8964_4>
...
006 (017.010.000) 06/18 11:39:43 Image size of job updated: 200000
	11  -  MemoryUsage of job (MB)
	10988  -  ResidentSetSize of job (KB)
...
006 (017.010.000) 06/18 11:44:44 Image size of job updated: 254652
	249  -  MemoryUsage of job (MB)
	254652  -  ResidentSetSize of job (KB)
...
006 (017.010.000) 06/18 11:49:45 Image size of job updated: 743828
	727  -  MemoryUsage of job (MB)
	743828  -  ResidentSetSize of job (KB)
...
006 (017.010.000) 06/18 12:44:49 Image size of job updated: 1005552
	982  -  MemoryUsage of job (MB)
	1005552  -  ResidentSetSize of job (KB)
...
006 (017.010.000) 06/18 13:04:51 Image size of job updated: 1430432
	1397  -  MemoryUsage of job (MB)
	1430432  -  ResidentSetSize of job (KB)
...
006 (017.010.000) 06/18 13:09:51 Image size of job updated: 1430432
	1398  -  MemoryUsage of job (MB)
	1431052  -  ResidentSetSize of job (KB)
...
005 (017.010.000) 06/18 18:19:22 Job terminated.
	(1) Normal termination (return value 0)
		Usr 0 06:29:12, Sys 0 00:05:24  -  Run Remote Usage
		Usr 0 00:00:00, Sys 0 00:00:00  -  Run Local Usage
		Usr 0 06:29:12, Sys 0 00:05:24  -  Total Remote Usage
		Usr 0 00:00:00, Sys 0 00:00:00  -  Total Local Usage
	0  -  Run Bytes Sent By Job
	0  -  Run Bytes Received By Job
	0  -  Total Bytes Sent By Job
	0  -  Total Bytes Received By Job
	Partitionable Resources :    Usage  Request Allocated
	   Cpus                 :                 1         1
	   Disk (KB)            :   200000   200000  61295552
	   Memory (MB)          :     1398      196     12006
...
