000 (001.000.000) 05/09 17:49:39 Job submitted from host: <127.0.0.1:9618?addrs=127.0.0.1-9618+[2001-6b0-1-1190-df7-dcfd-bdbf-4920]-9618&noUDP&sock=5924_f322_4>
...
001 (001.000.000) 05/09 17:49:47 Job executing on host: <127.0.0.1:9618?addrs=127.0.0.1-9618+[2001-6b0-1-1190-df7-dcfd-bdbf-4920]-9618&noUDP&sock=5924_f322_3>
...
006 (001.000.000) 05/09 17:49:47 Image size of job updated: 150000
	0  -  MemoryUsage of job (MB)
	0  -  ResidentSetSize of job (KB)
...
005 (001.000.000) 05/09 17:49:47 Job terminated.
	(0) Abnormal termination (signal 11)
	(0) No core file
		Usr 0 00:00:00, Sys 0 00:00:00  -  Run Remote Usage
		Usr 0 00:00:00, Sys 0 00:00:00  -  Run Local Usage
		Usr 0 00:00:00, Sys 0 00:00:00  -  Total Remote Usage
		Usr 0 00:00:00, Sys 0 00:00:00  -  Total Local Usage
	0  -  Run Bytes Sent By Job
	0  -  Run Bytes Received By Job
	0  -  Total Bytes Sent By Job
	0  -  Total Bytes Received By Job
	Partitionable Resources :    Usage  Request Allocated
	   Cpus                 :                 1         1
	   Disk (KB)            :   150000   150000  36622143
	   Memory (MB)          :        0      147      6003
...
000 (003.000.000) 05/09 17:55:17 Job submitted from host: <127.0.0.1:9618?addrs=127.0.0.1-9618+[2001-6b0-1-1190-df7-dcfd-bdbf-4920]-9618&noUDP&sock=5924_f322_4>
...
001 (003.000.000) 05/09 17:55:17 Job executing on host: <127.0.0.1:9618?addrs=127.0.0.1-9618+[2001-6b0-1-1190-df7-dcfd-bdbf-4920]-9618&noUDP&sock=5924_f322_3>
...
006 (003.000.000) 05/09 17:55:26 Image size of job updated: 150000
	29  -  MemoryUsage of job (MB)
	29524  -  ResidentSetSize of job (KB)
...
005 (003.000.000) 05/09 17:55:46 Job terminated.
	(1) Normal termination (return value 0)
		Usr 0 00:00:28, Sys 0 00:00:00  -  Run Remote Usage
		Usr 0 00:00:00, Sys 0 00:00:00  -  Run Local Usage
		Usr 0 00:00:28, Sys 0 00:00:00  -  Total Remote Usage
		Usr 0 00:00:00, Sys 0 00:00:00  -  Total Local Usage
	0  -  Run Bytes Sent By Job
	0  -  Run Bytes Received By Job
	0  -  Total Bytes Sent By Job
	0  -  Total Bytes Received By Job
	Partitionable Resources :    Usage  Request Allocated
	   Cpus                 :                 1         1
	   Disk (KB)            :   150000   150000  36622143
	   Memory (MB)          :       29      147      6003
...
000 (004.000.000) 05/09 18:05:13 Job submitted from host: <127.0.0.1:9618?addrs=127.0.0.1-9618+[2001-6b0-1-1190-df7-dcfd-bdbf-4920]-9618&noUDP&sock=5924_f322_4>
...
001 (004.000.000) 05/09 18:05:13 Job executing on host: <127.0.0.1:9618?addrs=127.0.0.1-9618+[2001-6b0-1-1190-df7-dcfd-bdbf-4920]-9618&noUDP&sock=5924_f322_3>
...
006 (004.000.000) 05/09 18:05:21 Image size of job updated: 150000
	29  -  MemoryUsage of job (MB)
	29520  -  ResidentSetSize of job (KB)
...
005 (004.000.000) 05/09 18:05:44 Job terminated.
	(1) Normal termination (return value 0)
		Usr 0 00:00:31, Sys 0 00:00:00  -  Run Remote Usage
		Usr 0 00:00:00, Sys 0 00:00:00  -  Run Local Usage
		Usr 0 00:00:31, Sys 0 00:00:00  -  Total Remote Usage
		Usr 0 00:00:00, Sys 0 00:00:00  -  Total Local Usage
	0  -  Run Bytes Sent By Job
	0  -  Run Bytes Received By Job
	0  -  Total Bytes Sent By Job
	0  -  Total Bytes Received By Job
	Partitionable Resources :    Usage  Request Allocated
	   Cpus                 :                 1         1
	   Disk (KB)            :   150000   150000  36622143
	   Memory (MB)          :       29      147      6003
...
000 (005.000.000) 05/09 18:06:31 Job submitted from host: <127.0.0.1:9618?addrs=127.0.0.1-9618+[2001-6b0-1-1190-df7-dcfd-bdbf-4920]-9618&noUDP&sock=5924_f322_4>
...
001 (005.000.000) 05/09 18:06:33 Job executing on host: <127.0.0.1:9618?addrs=127.0.0.1-9618+[2001-6b0-1-1190-df7-dcfd-bdbf-4920]-9618&noUDP&sock=5924_f322_3>
...
006 (005.000.000) 05/09 18:06:41 Image size of job updated: 150000
	29  -  MemoryUsage of job (MB)
	29524  -  ResidentSetSize of job (KB)
...
000 (006.000.000) 05/09 18:06:57 Job submitted from host: <127.0.0.1:9618?addrs=127.0.0.1-9618+[2001-6b0-1-1190-df7-dcfd-bdbf-4920]-9618&noUDP&sock=5924_f322_4>
...
001 (006.000.000) 05/09 18:06:57 Job executing on host: <127.0.0.1:9618?addrs=127.0.0.1-9618+[2001-6b0-1-1190-df7-dcfd-bdbf-4920]-9618&noUDP&sock=5924_f322_3>
...
006 (006.000.000) 05/09 18:06:57 Image size of job updated: 150000
	0  -  MemoryUsage of job (MB)
	0  -  ResidentSetSize of job (KB)
...
005 (006.000.000) 05/09 18:06:57 Job terminated.
	(0) Abnormal termination (signal 11)
	(0) No core file
		Usr 0 00:00:00, Sys 0 00:00:00  -  Run Remote Usage
		Usr 0 00:00:00, Sys 0 00:00:00  -  Run Local Usage
		Usr 0 00:00:00, Sys 0 00:00:00  -  Total Remote Usage
		Usr 0 00:00:00, Sys 0 00:00:00  -  Total Local Usage
	0  -  Run Bytes Sent By Job
	0  -  Run Bytes Received By Job
	0  -  Total Bytes Sent By Job
	0  -  Total Bytes Received By Job
	Partitionable Resources :    Usage  Request Allocated
	   Cpus                 :                 1         1
	   Disk (KB)            :   150000   150000  36622143
	   Memory (MB)          :        0      147      6003
...
005 (005.000.000) 05/09 18:07:02 Job terminated.
	(1) Normal termination (return value 0)
		Usr 0 00:00:28, Sys 0 00:00:00  -  Run Remote Usage
		Usr 0 00:00:00, Sys 0 00:00:00  -  Run Local Usage
		Usr 0 00:00:28, Sys 0 00:00:00  -  Total Remote Usage
		Usr 0 00:00:00, Sys 0 00:00:00  -  Total Local Usage
	0  -  Run Bytes Sent By Job
	0  -  Run Bytes Received By Job
	0  -  Total Bytes Sent By Job
	0  -  Total Bytes Received By Job
	Partitionable Resources :    Usage  Request Allocated
	   Cpus                 :                 1         1
	   Disk (KB)            :   150000   150000  36622143
	   Memory (MB)          :       29      147      6003
...
000 (007.000.000) 05/09 18:24:04 Job submitted from host: <127.0.0.1:9618?addrs=127.0.0.1-9618+[2001-6b0-1-1190-df7-dcfd-bdbf-4920]-9618&noUDP&sock=5924_f322_4>
...
001 (007.000.000) 05/09 18:24:17 Job executing on host: <127.0.0.1:9618?addrs=127.0.0.1-9618+[2001-6b0-1-1190-df7-dcfd-bdbf-4920]-9618&noUDP&sock=5924_f322_3>
...
006 (007.000.000) 05/09 18:24:25 Image size of job updated: 150000
	29  -  MemoryUsage of job (MB)
	29548  -  ResidentSetSize of job (KB)
...
005 (007.000.000) 05/09 18:24:45 Job terminated.
	(1) Normal termination (return value 0)
		Usr 0 00:00:28, Sys 0 00:00:00  -  Run Remote Usage
		Usr 0 00:00:00, Sys 0 00:00:00  -  Run Local Usage
		Usr 0 00:00:28, Sys 0 00:00:00  -  Total Remote Usage
		Usr 0 00:00:00, Sys 0 00:00:00  -  Total Local Usage
	0  -  Run Bytes Sent By Job
	0  -  Run Bytes Received By Job
	0  -  Total Bytes Sent By Job
	0  -  Total Bytes Received By Job
	Partitionable Resources :    Usage  Request Allocated
	   Cpus                 :                 1         1
	   Disk (KB)            :   150000   150000  36622143
	   Memory (MB)          :       29      147      6003
...
000 (008.000.000) 05/09 18:30:11 Job submitted from host: <127.0.0.1:9618?addrs=127.0.0.1-9618+[2001-6b0-1-1190-df7-dcfd-bdbf-4920]-9618&noUDP&sock=5924_f322_4>
...
001 (008.000.000) 05/09 18:30:11 Job executing on host: <127.0.0.1:9618?addrs=127.0.0.1-9618+[2001-6b0-1-1190-df7-dcfd-bdbf-4920]-9618&noUDP&sock=5924_f322_3>
...
006 (008.000.000) 05/09 18:30:19 Image size of job updated: 150000
	29  -  MemoryUsage of job (MB)
	29516  -  ResidentSetSize of job (KB)
...
005 (008.000.000) 05/09 18:30:40 Job terminated.
	(1) Normal termination (return value 0)
		Usr 0 00:00:29, Sys 0 00:00:00  -  Run Remote Usage
		Usr 0 00:00:00, Sys 0 00:00:00  -  Run Local Usage
		Usr 0 00:00:29, Sys 0 00:00:00  -  Total Remote Usage
		Usr 0 00:00:00, Sys 0 00:00:00  -  Total Local Usage
	0  -  Run Bytes Sent By Job
	0  -  Run Bytes Received By Job
	0  -  Total Bytes Sent By Job
	0  -  Total Bytes Received By Job
	Partitionable Resources :    Usage  Request Allocated
	   Cpus                 :                 1         1
	   Disk (KB)            :   150000   150000  36622143
	   Memory (MB)          :       29      147      6003
...
000 (009.000.000) 05/09 18:42:11 Job submitted from host: <127.0.0.1:9618?addrs=127.0.0.1-9618+[2001-6b0-1-1190-df7-dcfd-bdbf-4920]-9618&noUDP&sock=5924_f322_4>
...
001 (009.000.000) 05/09 18:42:11 Job executing on host: <127.0.0.1:9618?addrs=127.0.0.1-9618+[2001-6b0-1-1190-df7-dcfd-bdbf-4920]-9618&noUDP&sock=5924_f322_3>
...
006 (009.000.000) 05/09 18:42:19 Image size of job updated: 150000
	29  -  MemoryUsage of job (MB)
	29548  -  ResidentSetSize of job (KB)
...
005 (009.000.000) 05/09 18:42:40 Job terminated.
	(1) Normal termination (return value 0)
		Usr 0 00:00:28, Sys 0 00:00:00  -  Run Remote Usage
		Usr 0 00:00:00, Sys 0 00:00:00  -  Run Local Usage
		Usr 0 00:00:28, Sys 0 00:00:00  -  Total Remote Usage
		Usr 0 00:00:00, Sys 0 00:00:00  -  Total Local Usage
	0  -  Run Bytes Sent By Job
	0  -  Run Bytes Received By Job
	0  -  Total Bytes Sent By Job
	0  -  Total Bytes Received By Job
	Partitionable Resources :    Usage  Request Allocated
	   Cpus                 :                 1         1
	   Disk (KB)            :   150000   150000  36622143
	   Memory (MB)          :       29      147      6003
...
